Fri Sep 15 15:22:21 CDT 2017
MaxEnt version 3.4.0
Reading file absence
readGrid: max memory 477626368, total allocated 201326592, free 133165568, used 68161024, increment 33206296
Reading samples from presence
Read samples: max memory 477626368, total allocated 201326592, free 78532264, used 122794328, increment 54633304
Adding samples to background in feature space
Command line used:  autorun -e C:\Users\aortiz\AppData\Local\Temp\RtmpcNTUHL/raster/maxent/4766407912/absence -o C:\Users\aortiz\AppData\Local\Temp\RtmpcNTUHL/raster/maxent/4766407912 -s C:\Users\aortiz\AppData\Local\Temp\RtmpcNTUHL/raster/maxent/4766407912/presence -z randomseed=true threads=2 responsecurves=true randomtestpoints=20 replicates=1 replicatetype=crossvalidate maximumiterations=1000 -J
Command line to repeat: java density.MaxEnt nowarnings noprefixes responsecurves jackknife outputdirectory=C:\Users\aortiz\AppData\Local\Temp\RtmpcNTUHL/raster/maxent/4766407912 samplesfile=C:\Users\aortiz\AppData\Local\Temp\RtmpcNTUHL/raster/maxent/4766407912/presence environmentallayers=C:\Users\aortiz\AppData\Local\Temp\RtmpcNTUHL/raster/maxent/4766407912/absence randomseed randomtestpoints=20 autorun novisible maximumiterations=1000 threads=2
Species: species
Layers: ppt11 tdmean11 tmean11 vpdmin11
Layertypes: Continuous Continuous Continuous Continuous
responsecurves: true
jackknife: true
outputdirectory: C:\Users\aortiz\AppData\Local\Temp\RtmpcNTUHL/raster/maxent/4766407912
samplesfile: C:\Users\aortiz\AppData\Local\Temp\RtmpcNTUHL/raster/maxent/4766407912/presence
environmentallayers: C:\Users\aortiz\AppData\Local\Temp\RtmpcNTUHL/raster/maxent/4766407912/absence
randomseed: true
randomtestpoints: 20
autorun: true
visible: false
maximumiterations: 1000
threads: 2

getSamples: max memory 477626368, total allocated 201326592, free 78532264, used 122794328, increment 0
Making features
makeFeatures: max memory 477626368, total allocated 201326592, free 75238344, used 126088248, increment 3293920
species: 
Regularization values: linear/quadratic/product: 0.288, categorical: 0.250, threshold: 1.720, hinge: 0.500
28 samples
Density: max memory 477626368, total allocated 201326592, free 65595216, used 135731376, increment 9643128
linearPredictor: max memory 477626368, total allocated 201326592, free 65595216, used 135731376, increment 0
FeaturedSpace: max memory 477626368, total allocated 201326592, free 65595216, used 135731376, increment 0
Sequential: max memory 477626368, total allocated 201326592, free 65595216, used 135731376, increment 0
Initial loss: 9.213136459278184
Initial test loss: 9.213136459278184
Time since start: 9.529
360: time = 9.172000 loss = 8.797345 testLoss 8.738232
Resulting gain: 0.41579117635943597
Projecting...
Writing file C:\Users\aortiz\AppData\Local\Temp\RtmpcNTUHL\raster\maxent\4766407912\species.csv
species response curves
Time since start: 10.605
Response curve: only ppt11
Response curve: only tdmean11
Response curve: only tmean11
Response curve: only vpdmin11
Making features
Making features
makeFeatures: max memory 477626368, total allocated 201850880, free 135963504, used 65887376, increment -69844000
species ppt11: 
Regularization values: linear/quadratic/product: 0.288, categorical: 0.250, threshold: 1.720, hinge: 0.500
makeFeatures: max memory 477626368, total allocated 201850880, free 135963504, used 65887376, increment 0
species tdmean11: 
Regularization values: linear/quadratic/product: 0.288, categorical: 0.250, threshold: 1.720, hinge: 0.500
28 samples
Density: max memory 477626368, total allocated 201850880, free 135963504, used 65887376, increment 0
linearPredictor: max memory 477626368, total allocated 201850880, free 135963504, used 65887376, increment 0
FeaturedSpace: max memory 477626368, total allocated 201850880, free 135963504, used 65887376, increment 0
Sequential: max memory 477626368, total allocated 201850880, free 135963504, used 65887376, increment 0
Initial loss: 9.213136459278184
28 samples
Density: max memory 477626368, total allocated 201850880, free 132723408, used 69127472, increment 3240096
linearPredictor: max memory 477626368, total allocated 201850880, free 132723408, used 69127472, increment 0
FeaturedSpace: max memory 477626368, total allocated 201850880, free 132723408, used 69127472, increment 0
Sequential: max memory 477626368, total allocated 201850880, free 132723408, used 69127472, increment 0
Initial loss: 9.213136459278184
Time since start: 11.879
140: time = 1.184000 loss = 8.875334
Resulting gain: 0.337802511714381
species response curves
120: time = 1.277000 loss = 9.005431
Resulting gain: 0.20770578767798753
species response curves
Making features
makeFeatures: max memory 477626368, total allocated 201850880, free 126243056, used 75607824, increment 6480352
species tmean11: 
Regularization values: linear/quadratic/product: 0.288, categorical: 0.250, threshold: 1.720, hinge: 0.500
28 samples
Density: max memory 477626368, total allocated 201850880, free 123002960, used 78847920, increment 3240096
linearPredictor: max memory 477626368, total allocated 201850880, free 123002960, used 78847920, increment 0
FeaturedSpace: max memory 477626368, total allocated 201850880, free 123002960, used 78847920, increment 0
Sequential: max memory 477626368, total allocated 201850880, free 123002960, used 78847920, increment 0
Initial loss: 9.213136459278184
Making features
makeFeatures: max memory 477626368, total allocated 201850880, free 119760448, used 82090432, increment 3242512
species vpdmin11: 
Regularization values: linear/quadratic/product: 0.288, categorical: 0.250, threshold: 1.720, hinge: 0.500
28 samples
Density: max memory 477626368, total allocated 201850880, free 119760448, used 82090432, increment 0
linearPredictor: max memory 477626368, total allocated 201850880, free 119760448, used 82090432, increment 0
FeaturedSpace: max memory 477626368, total allocated 201850880, free 119760448, used 82090432, increment 0
Sequential: max memory 477626368, total allocated 201850880, free 119760448, used 82090432, increment 0
Initial loss: 9.213136459278184
Time since start: 13.082
100: time = 0.860000 loss = 9.145327
Resulting gain: 0.06780917338770287
species response curves
Time since start: 14.954
280: time = 2.903000 loss = 9.105361
Resulting gain: 0.10777563554244018
species response curves
Jackknife: leave ppt11 out
Jackknife: leave tdmean11 out
Jackknife: leave tmean11 out
Jackknife: leave vpdmin11 out
Jackknife: only ppt11
Jackknife: only tdmean11
Jackknife: only tmean11
Jackknife: only vpdmin11
Making features
Making features
makeFeatures: max memory 477626368, total allocated 201850880, free 97177048, used 104673832, increment 22583400
species ppt11: 
Regularization values: linear/quadratic/product: 0.288, categorical: 0.250, threshold: 1.720, hinge: 0.500
makeFeatures: max memory 477626368, total allocated 201850880, free 97177048, used 104673832, increment 0
species tdmean11: 
Regularization values: linear/quadratic/product: 0.288, categorical: 0.250, threshold: 1.720, hinge: 0.500
28 samples
28 samples
Density: max memory 477626368, total allocated 201850880, free 83677832, used 118173048, increment 13499216
linearPredictor: max memory 477626368, total allocated 201850880, free 83677832, used 118173048, increment 0
FeaturedSpace: max memory 477626368, total allocated 201850880, free 83677832, used 118173048, increment 0
Sequential: max memory 477626368, total allocated 201850880, free 83677832, used 118173048, increment 0
Initial loss: 9.213136459278184
Initial test loss: 9.213136459278184
Density: max memory 477626368, total allocated 201850880, free 83677832, used 118173048, increment 0
linearPredictor: max memory 477626368, total allocated 201850880, free 83677832, used 118173048, increment 0
FeaturedSpace: max memory 477626368, total allocated 201850880, free 83677832, used 118173048, increment 0
Sequential: max memory 477626368, total allocated 201850880, free 83677832, used 118173048, increment 0
Initial loss: 9.213136459278184
Initial test loss: 9.213136459278184
Time since start: 19.959
240: time = 4.368000 loss = 8.824107 testLoss 8.816538
Making features
makeFeatures: max memory 477626368, total allocated 201850880, free 80357496, used 121493384, increment 3320336
species tmean11: 
Regularization values: linear/quadratic/product: 0.288, categorical: 0.250, threshold: 1.720, hinge: 0.500
28 samples
Density: max memory 477626368, total allocated 201850880, free 77117384, used 124733496, increment 3240112
linearPredictor: max memory 477626368, total allocated 201850880, free 77117384, used 124733496, increment 0
FeaturedSpace: max memory 477626368, total allocated 201850880, free 77117384, used 124733496, increment 0
Sequential: max memory 477626368, total allocated 201850880, free 77117384, used 124733496, increment 0
Initial loss: 9.213136459278184
Initial test loss: 9.213136459278184
Time since start: 22.709
360: time = 7.118000 loss = 8.865903 testLoss 8.624580
Making features
makeFeatures: max memory 477626368, total allocated 201850880, free 77117384, used 124733496, increment 0
species vpdmin11: 
Regularization values: linear/quadratic/product: 0.288, categorical: 0.250, threshold: 1.720, hinge: 0.500
28 samples
Density: max memory 477626368, total allocated 201850880, free 70521016, used 131329864, increment 6596368
linearPredictor: max memory 477626368, total allocated 201850880, free 70521016, used 131329864, increment 0
FeaturedSpace: max memory 477626368, total allocated 201850880, free 70521016, used 131329864, increment 0
Sequential: max memory 477626368, total allocated 201850880, free 70521016, used 131329864, increment 0
Initial loss: 9.213136459278184
Initial test loss: 9.213136459278184
Time since start: 26.112
340: time = 6.043000 loss = 8.805505 testLoss 8.761990
Making features
makeFeatures: max memory 477626368, total allocated 201850880, free 70521016, used 131329864, increment 0
species ppt11: 
Regularization values: linear/quadratic/product: 0.288, categorical: 0.250, threshold: 1.720, hinge: 0.500
28 samples
Density: max memory 477626368, total allocated 201850880, free 67242488, used 134608392, increment 3278528
linearPredictor: max memory 477626368, total allocated 201850880, free 67242488, used 134608392, increment 0
FeaturedSpace: max memory 477626368, total allocated 201850880, free 67242488, used 134608392, increment 0
Sequential: max memory 477626368, total allocated 201850880, free 67242488, used 134608392, increment 0
Initial loss: 9.213136459278184
Initial test loss: 9.213136459278184
Time since start: 27.425
120: time = 1.282000 loss = 9.005431 testLoss 8.917139
Res.gain: 0.20770578767798753
Making features
makeFeatures: max memory 477626368, total allocated 201850880, free 67242488, used 134608392, increment 0
species tdmean11: 
Regularization values: linear/quadratic/product: 0.288, categorical: 0.250, threshold: 1.720, hinge: 0.500
28 samples
Density: max memory 477626368, total allocated 201850880, free 67242488, used 134608392, increment 0
linearPredictor: max memory 477626368, total allocated 201850880, free 67242488, used 134608392, increment 0
FeaturedSpace: max memory 477626368, total allocated 201850880, free 67242488, used 134608392, increment 0
Sequential: max memory 477626368, total allocated 201850880, free 67242488, used 134608392, increment 0
Initial loss: 9.213136459278184
Initial test loss: 9.213136459278184
Time since start: 28.641
140: time = 1.184000 loss = 8.875334 testLoss 8.869504
Res.gain: 0.337802511714381
Making features
makeFeatures: max memory 477626368, total allocated 201850880, free 64002368, used 137848512, increment 3240120
species tmean11: 
Regularization values: linear/quadratic/product: 0.288, categorical: 0.250, threshold: 1.720, hinge: 0.500
28 samples
Density: max memory 477626368, total allocated 201850880, free 64002368, used 137848512, increment 0
linearPredictor: max memory 477626368, total allocated 201850880, free 64002368, used 137848512, increment 0
FeaturedSpace: max memory 477626368, total allocated 201850880, free 64002368, used 137848512, increment 0
Sequential: max memory 477626368, total allocated 201850880, free 64002368, used 137848512, increment 0
Initial loss: 9.213136459278184
Initial test loss: 9.213136459278184
300: time = 6.538000 loss = 8.803015 testLoss 8.680904
Making features
makeFeatures: max memory 477626368, total allocated 201850880, free 64002368, used 137848512, increment 0
species vpdmin11: 
Regularization values: linear/quadratic/product: 0.288, categorical: 0.250, threshold: 1.720, hinge: 0.500
28 samples
Density: max memory 477626368, total allocated 201850880, free 60727216, used 141123664, increment 3275152
linearPredictor: max memory 477626368, total allocated 201850880, free 60727216, used 141123664, increment 0
FeaturedSpace: max memory 477626368, total allocated 201850880, free 60727216, used 141123664, increment 0
Sequential: max memory 477626368, total allocated 201850880, free 60727216, used 141123664, increment 0
Initial loss: 9.213136459278184
Initial test loss: 9.213136459278184
Time since start: 30.154
100: time = 0.781000 loss = 9.145327 testLoss 9.195550
Res.gain: 0.06780917338770287
Time since start: 31.413
280: time = 2.756000 loss = 9.105361 testLoss 8.856816
Res.gain: 0.10777563554244018
Ending
