Thu Sep 14 18:50:49 CDT 2017
MaxEnt version 3.4.0
Reading file absence
readGrid: max memory 477626368, total allocated 201850880, free 142588008, used 59262872, increment 28408016
Reading samples from presence
Read samples: max memory 477626368, total allocated 201850880, free 97462616, used 104388264, increment 45125392
Adding samples to background in feature space
Command line used:  autorun -e C:\Users\aortiz\AppData\Local\Temp\Rtmpa20dYk/raster/maxent/1289877062/absence -o C:\Users\aortiz\AppData\Local\Temp\Rtmpa20dYk/raster/maxent/1289877062 -s C:\Users\aortiz\AppData\Local\Temp\Rtmpa20dYk/raster/maxent/1289877062/presence -z randomseed=true threads=2 responsecurves=true randomtestpoints=20 replicates=1 replicatetype=crossvalidate maximumiterations=1000 -J
Command line to repeat: java density.MaxEnt nowarnings noprefixes responsecurves jackknife outputdirectory=C:\Users\aortiz\AppData\Local\Temp\Rtmpa20dYk/raster/maxent/1289877062 samplesfile=C:\Users\aortiz\AppData\Local\Temp\Rtmpa20dYk/raster/maxent/1289877062/presence environmentallayers=C:\Users\aortiz\AppData\Local\Temp\Rtmpa20dYk/raster/maxent/1289877062/absence randomseed randomtestpoints=20 autorun novisible maximumiterations=1000 threads=2
Species: species
Layers: ppt9 tmean9 vpdmax9
Layertypes: Continuous Continuous Continuous
responsecurves: true
jackknife: true
outputdirectory: C:\Users\aortiz\AppData\Local\Temp\Rtmpa20dYk/raster/maxent/1289877062
samplesfile: C:\Users\aortiz\AppData\Local\Temp\Rtmpa20dYk/raster/maxent/1289877062/presence
environmentallayers: C:\Users\aortiz\AppData\Local\Temp\Rtmpa20dYk/raster/maxent/1289877062/absence
randomseed: true
randomtestpoints: 20
autorun: true
visible: false
maximumiterations: 1000
threads: 2

getSamples: max memory 477626368, total allocated 201850880, free 97462616, used 104388264, increment 0
Making features
makeFeatures: max memory 477626368, total allocated 201850880, free 97462616, used 104388264, increment 0
species: 
Regularization values: linear/quadratic/product: 0.288, categorical: 0.250, threshold: 1.720, hinge: 0.500
28 samples
Density: max memory 477626368, total allocated 201850880, free 87750664, used 114100216, increment 9711952
linearPredictor: max memory 477626368, total allocated 201850880, free 87750664, used 114100216, increment 0
FeaturedSpace: max memory 477626368, total allocated 201850880, free 87750664, used 114100216, increment 0
Sequential: max memory 477626368, total allocated 201850880, free 87750664, used 114100216, increment 0
Initial loss: 9.213136459278184
Initial test loss: 9.213136459278184
Time since start: 5.853
240: time = 5.574000 loss = 8.769731 testLoss 8.636987
Resulting gain: 0.4434055302839912
Projecting...
Writing file C:\Users\aortiz\AppData\Local\Temp\Rtmpa20dYk\raster\maxent\1289877062\species.csv
species response curves
Response curve: only ppt9
Response curve: only tmean9
Response curve: only vpdmax9
Making features
Making features
makeFeatures: max memory 477626368, total allocated 147324928, free 44862304, used 102462624, increment -11637592
species ppt9: 
makeFeatures: max memory 477626368, total allocated 147324928, free 44862304, used 102462624, increment -11637592
species tmean9: 
Regularization values: linear/quadratic/product: 0.288, categorical: 0.250, threshold: 1.720, hinge: 0.500
Regularization values: linear/quadratic/product: 0.288, categorical: 0.250, threshold: 1.720, hinge: 0.500
28 samples
Density: max memory 477626368, total allocated 147324928, free 42555440, used 104769488, increment 2306864
linearPredictor: max memory 477626368, total allocated 147324928, free 42555440, used 104769488, increment 0
FeaturedSpace: max memory 477626368, total allocated 147324928, free 42555440, used 104769488, increment 0
Sequential: max memory 477626368, total allocated 147324928, free 42555440, used 104769488, increment 0
Initial loss: 9.213136459278184
28 samples
Density: max memory 477626368, total allocated 147324928, free 37941600, used 109383328, increment 4613840
linearPredictor: max memory 477626368, total allocated 147324928, free 37941600, used 109383328, increment 0
FeaturedSpace: max memory 477626368, total allocated 147324928, free 37941600, used 109383328, increment 0
Sequential: max memory 477626368, total allocated 147324928, free 37941600, used 109383328, increment 0
Initial loss: 9.213136459278184
Time since start: 8.028
100: time = 1.291000 loss = 9.131098
Resulting gain: 0.08203894075729679
species response curves
Making features
makeFeatures: max memory 477626368, total allocated 131596288, free 70985896, used 60610392, increment -48772936
species vpdmax9: 
Regularization values: linear/quadratic/product: 0.288, categorical: 0.250, threshold: 1.720, hinge: 0.500
120: time = 1.476000 loss = 8.846390
Resulting gain: 0.36674688610779427
species response curves
28 samples
Density: max memory 477626368, total allocated 131596288, free 61299800, used 70296488, increment 9686096
linearPredictor: max memory 477626368, total allocated 131596288, free 61299800, used 70296488, increment 0
FeaturedSpace: max memory 477626368, total allocated 131596288, free 61299800, used 70296488, increment 0
Sequential: max memory 477626368, total allocated 131596288, free 61299800, used 70296488, increment 0
Initial loss: 9.213136459278184
80: time = 0.762000 loss = 9.130370
Resulting gain: 0.08276686486200902
species response curves
Time since start: 9.299
Jackknife: leave ppt9 out
Jackknife: leave tmean9 out
Jackknife: leave vpdmax9 out
Jackknife: only ppt9
Jackknife: only tmean9
Jackknife: only vpdmax9
Making features
Making features
makeFeatures: max memory 477626368, total allocated 118489088, free 82617280, used 35871808, increment -34424680
species ppt9: 
makeFeatures: max memory 477626368, total allocated 118489088, free 82617280, used 35871808, increment 0
species tmean9: 
Regularization values: linear/quadratic/product: 0.288, categorical: 0.250, threshold: 1.720, hinge: 0.500
Regularization values: linear/quadratic/product: 0.288, categorical: 0.250, threshold: 1.720, hinge: 0.500
28 samples
28 samples
Density: max memory 477626368, total allocated 118489088, free 72489976, used 45999112, increment 10127304
linearPredictor: max memory 477626368, total allocated 118489088, free 72489976, used 45999112, increment 0
FeaturedSpace: max memory 477626368, total allocated 118489088, free 72489976, used 45999112, increment 0
Sequential: max memory 477626368, total allocated 118489088, free 72489976, used 45999112, increment 0
Initial loss: 9.213136459278184
Initial test loss: 9.213136459278184
Density: max memory 477626368, total allocated 118489088, free 72489976, used 45999112, increment 0
linearPredictor: max memory 477626368, total allocated 118489088, free 72489976, used 45999112, increment 0
FeaturedSpace: max memory 477626368, total allocated 118489088, free 70153144, used 48335944, increment 2336832
Sequential: max memory 477626368, total allocated 118489088, free 70153144, used 48335944, increment 0
Initial loss: 9.213136459278184
Initial test loss: 9.213136459278184
Time since start: 12.48
180: time = 3.056000 loss = 8.836117 testLoss 8.627284
Making features
makeFeatures: max memory 477626368, total allocated 71827456, free 42089448, used 29738008, increment -18597936
species vpdmax9: 
Regularization values: linear/quadratic/product: 0.288, categorical: 0.250, threshold: 1.720, hinge: 0.500
28 samples
Density: max memory 477626368, total allocated 71827456, free 20023168, used 51804288, increment 22066280
linearPredictor: max memory 477626368, total allocated 71827456, free 19942928, used 51884528, increment 80240
FeaturedSpace: max memory 477626368, total allocated 71827456, free 19942928, used 51884528, increment 0
Sequential: max memory 477626368, total allocated 71827456, free 19942928, used 51884528, increment 0
Initial loss: 9.213136459278184
Initial test loss: 9.213136459278184
220: time = 3.537000 loss = 8.899455 testLoss 8.915912
Making features
makeFeatures: max memory 477626368, total allocated 76546048, free 19860840, used 56685208, increment 4800680
species ppt9: 
Regularization values: linear/quadratic/product: 0.288, categorical: 0.250, threshold: 1.720, hinge: 0.500
28 samples
Density: max memory 477626368, total allocated 76546048, free 13451488, used 63094560, increment 6409352
linearPredictor: max memory 477626368, total allocated 76546048, free 13451488, used 63094560, increment 0
FeaturedSpace: max memory 477626368, total allocated 76546048, free 13451488, used 63094560, increment 0
Sequential: max memory 477626368, total allocated 76546048, free 13451488, used 63094560, increment 0
Initial loss: 9.213136459278184
Initial test loss: 9.213136459278184
Time since start: 14.499
120: time = 1.475000 loss = 8.846390 testLoss 8.684084
Res.gain: 0.36674688610779427
Making features
makeFeatures: max memory 477626368, total allocated 74448896, free 32629368, used 41819528, increment -21275032
species tmean9: 
Regularization values: linear/quadratic/product: 0.288, categorical: 0.250, threshold: 1.720, hinge: 0.500
28 samples
Density: max memory 477626368, total allocated 74448896, free 23889784, used 50559112, increment 8739584
linearPredictor: max memory 477626368, total allocated 74448896, free 23809544, used 50639352, increment 80240
FeaturedSpace: max memory 477626368, total allocated 74448896, free 23360592, used 51088304, increment 448952
Sequential: max memory 477626368, total allocated 74448896, free 23360592, used 51088304, increment 0
Initial loss: 9.213136459278184
Initial test loss: 9.213136459278184
Time since start: 15.816
100: time = 1.271000 loss = 9.131098 testLoss 8.949813
Res.gain: 0.08203894075729679
Making features
makeFeatures: max memory 477626368, total allocated 67633152, free 28709600, used 38923552, increment -12164752
species vpdmax9: 
Regularization values: linear/quadratic/product: 0.288, categorical: 0.250, threshold: 1.720, hinge: 0.500
28 samples
Density: max memory 477626368, total allocated 67633152, free 22279952, used 45353200, increment 6429648
linearPredictor: max memory 477626368, total allocated 67633152, free 22199712, used 45433440, increment 80240
FeaturedSpace: max memory 477626368, total allocated 67633152, free 21804560, used 45828592, increment 395152
Sequential: max memory 477626368, total allocated 67633152, free 21804560, used 45828592, increment 0
Initial loss: 9.213136459278184
Initial test loss: 9.213136459278184
200: time = 3.755000 loss = 8.779008 testLoss 8.598683
80: time = 0.763000 loss = 9.130370 testLoss 9.129105
Res.gain: 0.08276686486200902
Ending
