Fri Sep 15 14:29:55 CDT 2017
MaxEnt version 3.4.0
Reading file absence
readGrid: max memory 477626368, total allocated 216006656, free 123574240, used 92432416, increment -24588696
Reading samples from presence
Read samples: max memory 477626368, total allocated 216006656, free 66199688, used 149806968, increment 57374552
Adding samples to background in feature space
Command line used:  autorun -e C:\Users\aortiz\AppData\Local\Temp\RtmpcNTUHL/raster/maxent/28182104009/absence -o C:\Users\aortiz\AppData\Local\Temp\RtmpcNTUHL/raster/maxent/28182104009 -s C:\Users\aortiz\AppData\Local\Temp\RtmpcNTUHL/raster/maxent/28182104009/presence -z randomseed=true threads=2 responsecurves=true randomtestpoints=0 replicates=1 replicatetype=crossvalidate maximumiterations=1000 -J
Command line to repeat: java density.MaxEnt nowarnings noprefixes responsecurves jackknife outputdirectory=C:\Users\aortiz\AppData\Local\Temp\RtmpcNTUHL/raster/maxent/28182104009 samplesfile=C:\Users\aortiz\AppData\Local\Temp\RtmpcNTUHL/raster/maxent/28182104009/presence environmentallayers=C:\Users\aortiz\AppData\Local\Temp\RtmpcNTUHL/raster/maxent/28182104009/absence randomseed autorun novisible maximumiterations=1000 threads=2
Species: species
Layers: ppt11 tdmean11 tmean11 vpdmin11
Layertypes: Continuous Continuous Continuous Continuous
responsecurves: true
jackknife: true
outputdirectory: C:\Users\aortiz\AppData\Local\Temp\RtmpcNTUHL/raster/maxent/28182104009
samplesfile: C:\Users\aortiz\AppData\Local\Temp\RtmpcNTUHL/raster/maxent/28182104009/presence
environmentallayers: C:\Users\aortiz\AppData\Local\Temp\RtmpcNTUHL/raster/maxent/28182104009/absence
randomseed: true
autorun: true
visible: false
maximumiterations: 1000
threads: 2

getSamples: max memory 477626368, total allocated 216006656, free 66199688, used 149806968, increment 0
Making features
makeFeatures: max memory 477626368, total allocated 216006656, free 66199688, used 149806968, increment 0
species: 
Regularization values: linear/quadratic/product: 1.000, categorical: 0.635, threshold: 1.990, hinge: 0.500
1 samples
Density: max memory 477626368, total allocated 216006656, free 62932224, used 153074432, increment 3267464
linearPredictor: max memory 477626368, total allocated 216006656, free 62932224, used 153074432, increment 0
FeaturedSpace: max memory 477626368, total allocated 216006656, free 62932224, used 153074432, increment 0
Sequential: max memory 477626368, total allocated 216006656, free 62932224, used 153074432, increment 0
Initial loss: 9.210440366976517
20: time = 0.110000 loss = 9.210440
Resulting gain: 0.0
Leaving out Fixed cumulative value 1 from threshold table, as uninitialized
Leaving out Fixed cumulative value 5 from threshold table, as uninitialized
Leaving out Fixed cumulative value 10 from threshold table, as uninitialized
Leaving out Equate entropy of thresholded and original distributions from threshold table, as uninitialized
Projecting...
Writing file C:\Users\aortiz\AppData\Local\Temp\RtmpcNTUHL\raster\maxent\28182104009\species.csv
species response curves
Response curve: only ppt11
Response curve: only tdmean11
Response curve: only tmean11
Response curve: only vpdmin11
Making features
Making features
makeFeatures: max memory 477626368, total allocated 216006656, free 35128200, used 180878456, increment 27804024
species ppt11: 
makeFeatures: max memory 477626368, total allocated 216006656, free 35128200, used 180878456, increment 0
species tdmean11: 
Regularization values: linear/quadratic/product: 1.000, categorical: 0.635, threshold: 1.990, hinge: 0.500
Regularization values: linear/quadratic/product: 1.000, categorical: 0.635, threshold: 1.990, hinge: 0.500
1 samples
1 samples
Density: max memory 477626368, total allocated 216006656, free 35128200, used 180878456, increment 0
Density: max memory 477626368, total allocated 216006656, free 35128200, used 180878456, increment 0
linearPredictor: max memory 477626368, total allocated 216006656, free 35128200, used 180878456, increment 0
linearPredictor: max memory 477626368, total allocated 216006656, free 35128200, used 180878456, increment 0
FeaturedSpace: max memory 477626368, total allocated 216006656, free 35128200, used 180878456, increment 0
Sequential: max memory 477626368, total allocated 216006656, free 35128200, used 180878456, increment 0
Initial loss: 9.210440366976517
FeaturedSpace: max memory 477626368, total allocated 216006656, free 35128200, used 180878456, increment 0
Sequential: max memory 477626368, total allocated 216006656, free 35128200, used 180878456, increment 0
Initial loss: 9.210440366976517
20: time = 0.125000 loss = 9.210440
Resulting gain: 0.0
20: time = 0.125000 loss = 9.210440
Resulting gain: 0.0
species response curves
species response curves
Time since start: 1.106
Making features
Making features
makeFeatures: max memory 477626368, total allocated 216006656, free 28669688, used 187336968, increment 6458512
species tmean11: 
Regularization values: linear/quadratic/product: 1.000, categorical: 0.635, threshold: 1.990, hinge: 0.500
1 samples
Density: max memory 477626368, total allocated 216006656, free 28669688, used 187336968, increment 0
linearPredictor: max memory 477626368, total allocated 216006656, free 28669688, used 187336968, increment 0
makeFeatures: max memory 477626368, total allocated 216006656, free 28669688, used 187336968, increment 0
species vpdmin11: 
Regularization values: linear/quadratic/product: 1.000, categorical: 0.635, threshold: 1.990, hinge: 0.500
1 samples
Density: max memory 477626368, total allocated 216006656, free 28669688, used 187336968, increment 0
linearPredictor: max memory 477626368, total allocated 216006656, free 28669688, used 187336968, increment 0
FeaturedSpace: max memory 477626368, total allocated 216006656, free 28669688, used 187336968, increment 0
Sequential: max memory 477626368, total allocated 216006656, free 28669688, used 187336968, increment 0
Initial loss: 9.210440366976517
FeaturedSpace: max memory 477626368, total allocated 216006656, free 28669688, used 187336968, increment 0
Sequential: max memory 477626368, total allocated 216006656, free 28669688, used 187336968, increment 0
Initial loss: 9.210440366976517
20: time = 0.125000 loss = 9.210440
Resulting gain: 0.0
20: time = 0.125000 loss = 9.210440
Resulting gain: 0.0
species response curves
species response curves
Jackknife: leave ppt11 out
Jackknife: leave tdmean11 out
Jackknife: leave tmean11 out
Jackknife: leave vpdmin11 out
Jackknife: only ppt11
Jackknife: only tdmean11
Jackknife: only tmean11
Jackknife: only vpdmin11
Making features
Making features
makeFeatures: max memory 477626368, total allocated 211812352, free 161674632, used 50137720, increment -137199248
species ppt11: 
Regularization values: linear/quadratic/product: 1.000, categorical: 0.635, threshold: 1.990, hinge: 0.500
1 samples
Density: max memory 477626368, total allocated 211812352, free 161514584, used 50297768, increment 160048
linearPredictor: max memory 477626368, total allocated 211812352, free 161434560, used 50377792, increment 80024
makeFeatures: max memory 477626368, total allocated 211812352, free 161434560, used 50377792, increment 0
species tdmean11: 
Regularization values: linear/quadratic/product: 1.000, categorical: 0.635, threshold: 1.990, hinge: 0.500
1 samples
Density: max memory 477626368, total allocated 211812352, free 161354536, used 50457816, increment 80024
linearPredictor: max memory 477626368, total allocated 211812352, free 161274512, used 50537840, increment 80024
FeaturedSpace: max memory 477626368, total allocated 211812352, free 161274512, used 50537840, increment 0
Sequential: max memory 477626368, total allocated 211812352, free 161274512, used 50537840, increment 0
Initial loss: 9.210440366976517
FeaturedSpace: max memory 477626368, total allocated 211812352, free 161274512, used 50537840, increment 0
Sequential: max memory 477626368, total allocated 211812352, free 161274512, used 50537840, increment 0
Initial loss: 9.210440366976517
20: time = 0.121000 loss = 9.210440
20: time = 0.121000 loss = 9.210440
Making features
Making features
makeFeatures: max memory 477626368, total allocated 211812352, free 159706352, used 52106000, increment 1568160
species tmean11: 
Regularization values: linear/quadratic/product: 1.000, categorical: 0.635, threshold: 1.990, hinge: 0.500
1 samples
Density: max memory 477626368, total allocated 211812352, free 159626328, used 52186024, increment 80024
linearPredictor: max memory 477626368, total allocated 211812352, free 159546304, used 52266048, increment 80024
makeFeatures: max memory 477626368, total allocated 211812352, free 159524312, used 52288040, increment 21992
species vpdmin11: 
Regularization values: linear/quadratic/product: 1.000, categorical: 0.635, threshold: 1.990, hinge: 0.500
1 samples
Density: max memory 477626368, total allocated 211812352, free 159524312, used 52288040, increment 0
linearPredictor: max memory 477626368, total allocated 211812352, free 159444288, used 52368064, increment 80024
FeaturedSpace: max memory 477626368, total allocated 211812352, free 159444288, used 52368064, increment 0
Sequential: max memory 477626368, total allocated 211812352, free 159444288, used 52368064, increment 0
Initial loss: 9.210440366976517
FeaturedSpace: max memory 477626368, total allocated 211812352, free 159444288, used 52368064, increment 0
Sequential: max memory 477626368, total allocated 211812352, free 159444288, used 52368064, increment 0
Initial loss: 9.210440366976517
20: time = 0.125000 loss = 9.210440
20: time = 0.125000 loss = 9.210440
Making features
Making features
makeFeatures: max memory 477626368, total allocated 211812352, free 158596400, used 53215952, increment 847888
species ppt11: 
Regularization values: linear/quadratic/product: 1.000, categorical: 0.635, threshold: 1.990, hinge: 0.500
1 samples
Density: max memory 477626368, total allocated 211812352, free 158596400, used 53215952, increment 0
linearPredictor: max memory 477626368, total allocated 211812352, free 158596400, used 53215952, increment 0
FeaturedSpace: max memory 477626368, total allocated 211812352, free 157668488, used 54143864, increment 927912
makeFeatures: max memory 477626368, total allocated 211812352, free 157668488, used 54143864, increment 0
Sequential: max memory 477626368, total allocated 211812352, free 157668488, used 54143864, increment 0
Initial loss: 9.210440366976517
species tdmean11: 
Regularization values: linear/quadratic/product: 1.000, categorical: 0.635, threshold: 1.990, hinge: 0.500
1 samples
Density: max memory 477626368, total allocated 211812352, free 157668488, used 54143864, increment 0
linearPredictor: max memory 477626368, total allocated 211812352, free 157668488, used 54143864, increment 0
FeaturedSpace: max memory 477626368, total allocated 211812352, free 157668488, used 54143864, increment 0
Sequential: max memory 477626368, total allocated 211812352, free 157668488, used 54143864, increment 0
Initial loss: 9.210440366976517
20: time = 0.125000 loss = 9.210440
Res.gain: 0.0
Making features
makeFeatures: max memory 477626368, total allocated 211812352, free 157668488, used 54143864, increment 0
species tmean11: 
Regularization values: linear/quadratic/product: 1.000, categorical: 0.635, threshold: 1.990, hinge: 0.500
1 samples
Density: max memory 477626368, total allocated 211812352, free 157668488, used 54143864, increment 0
linearPredictor: max memory 477626368, total allocated 211812352, free 157668488, used 54143864, increment 0
20: time = 0.125000 loss = 9.210440
Res.gain: 0.0
FeaturedSpace: max memory 477626368, total allocated 211812352, free 157668488, used 54143864, increment 0
Sequential: max memory 477626368, total allocated 211812352, free 157668488, used 54143864, increment 0
Initial loss: 9.210440366976517
Making features
makeFeatures: max memory 477626368, total allocated 211812352, free 157668488, used 54143864, increment 0
species vpdmin11: 
Regularization values: linear/quadratic/product: 1.000, categorical: 0.635, threshold: 1.990, hinge: 0.500
1 samples
Density: max memory 477626368, total allocated 211812352, free 157668488, used 54143864, increment 0
linearPredictor: max memory 477626368, total allocated 211812352, free 157668488, used 54143864, increment 0
FeaturedSpace: max memory 477626368, total allocated 211812352, free 157668488, used 54143864, increment 0
Sequential: max memory 477626368, total allocated 211812352, free 157668488, used 54143864, increment 0
Initial loss: 9.210440366976517
20: time = 0.109000 loss = 9.210440
Res.gain: 0.0
20: time = 0.125000 loss = 9.210440
Res.gain: 0.0
Ending
