Wed Sep 13 13:59:30 CDT 2017
MaxEnt version 3.4.0
Reading file absence
readGrid: max memory 477626368, total allocated 201850880, free 31080680, used 170770200, increment 99081032
Reading samples from presence
Read samples: max memory 477626368, total allocated 201850880, free 148592496, used 53258384, increment -117511816
Adding samples to background in feature space
Command line used:  autorun -e C:\Users\aortiz\AppData\Local\Temp\RtmpIvwHOd/raster/maxent/10333437994/absence -o C:\Users\aortiz\AppData\Local\Temp\RtmpIvwHOd/raster/maxent/10333437994 -s C:\Users\aortiz\AppData\Local\Temp\RtmpIvwHOd/raster/maxent/10333437994/presence -z randomseed=true threads=2 responsecurves=true randomtestpoints=0 replicates=2 replicatetype=crossvalidate maximumiterations=1000 -J
Command line to repeat: java density.MaxEnt nowarnings noprefixes responsecurves jackknife outputdirectory=C:\Users\aortiz\AppData\Local\Temp\RtmpIvwHOd/raster/maxent/10333437994 samplesfile=C:\Users\aortiz\AppData\Local\Temp\RtmpIvwHOd/raster/maxent/10333437994/presence environmentallayers=C:\Users\aortiz\AppData\Local\Temp\RtmpIvwHOd/raster/maxent/10333437994/absence randomseed replicates=2 autorun novisible maximumiterations=1000 threads=2
Species: species_0 species_1
Layers: ppt9 tmean9 vpdmax9
Layertypes: Continuous Continuous Continuous
responsecurves: true
jackknife: true
outputdirectory: C:\Users\aortiz\AppData\Local\Temp\RtmpIvwHOd/raster/maxent/10333437994
samplesfile: C:\Users\aortiz\AppData\Local\Temp\RtmpIvwHOd/raster/maxent/10333437994/presence
environmentallayers: C:\Users\aortiz\AppData\Local\Temp\RtmpIvwHOd/raster/maxent/10333437994/absence
randomseed: true
replicates: 2
autorun: true
visible: false
maximumiterations: 1000
threads: 2

getSamples: max memory 477626368, total allocated 201850880, free 148592496, used 53258384, increment 0
Making features
makeFeatures: max memory 477626368, total allocated 201850880, free 148592496, used 53258384, increment 0
species_0: 
Regularization values: linear/quadratic/product: 1.000, categorical: 0.635, threshold: 1.990, hinge: 0.500
1 samples
Density: max memory 477626368, total allocated 201850880, free 148592496, used 53258384, increment 0
linearPredictor: max memory 477626368, total allocated 201850880, free 148592496, used 53258384, increment 0
FeaturedSpace: max memory 477626368, total allocated 201850880, free 148592496, used 53258384, increment 0
Sequential: max memory 477626368, total allocated 201850880, free 148592496, used 53258384, increment 0
Initial loss: 9.210440366976517
Initial test loss: 9.210440366976517
20: time = 0.116000 loss = 9.210440 testLoss 9.210440
Resulting gain: 0.0
Leaving out Fixed cumulative value 1 from threshold table, as uninitialized
Leaving out Fixed cumulative value 5 from threshold table, as uninitialized
Leaving out Fixed cumulative value 10 from threshold table, as uninitialized
Leaving out Equate entropy of thresholded and original distributions from threshold table, as uninitialized
Projecting...
Writing file C:\Users\aortiz\AppData\Local\Temp\RtmpIvwHOd\raster\maxent\10333437994\species_0.csv
species_0 response curves
Response curve: only ppt9
Response curve: only tmean9
Response curve: only vpdmax9
Making features
Making features
makeFeatures: max memory 477626368, total allocated 201850880, free 122614200, used 79236680, increment 25978296
species_0 ppt9: 
Regularization values: linear/quadratic/product: 1.000, categorical: 0.635, threshold: 1.990, hinge: 0.500
1 samples
Density: max memory 477626368, total allocated 201850880, free 122614200, used 79236680, increment 0
linearPredictor: max memory 477626368, total allocated 201850880, free 122614200, used 79236680, increment 0
makeFeatures: max memory 477626368, total allocated 201850880, free 122614200, used 79236680, increment 0
species_0 tmean9: 
Regularization values: linear/quadratic/product: 1.000, categorical: 0.635, threshold: 1.990, hinge: 0.500
1 samples
Density: max memory 477626368, total allocated 201850880, free 122614200, used 79236680, increment 0
linearPredictor: max memory 477626368, total allocated 201850880, free 122614200, used 79236680, increment 0
FeaturedSpace: max memory 477626368, total allocated 201850880, free 122614200, used 79236680, increment 0
Sequential: max memory 477626368, total allocated 201850880, free 122614200, used 79236680, increment 0
Initial loss: 9.210440366976517
FeaturedSpace: max memory 477626368, total allocated 201850880, free 122614200, used 79236680, increment 0
Sequential: max memory 477626368, total allocated 201850880, free 122614200, used 79236680, increment 0
Initial loss: 9.210440366976517
20: time = 0.115000 loss = 9.210440
Resulting gain: 0.0
20: time = 0.115000 loss = 9.210440
Resulting gain: 0.0
species_0 response curves
species_0 response curves
Making features
makeFeatures: max memory 477626368, total allocated 201850880, free 116045256, used 85805624, increment 6568944
species_0 vpdmax9: 
Regularization values: linear/quadratic/product: 1.000, categorical: 0.635, threshold: 1.990, hinge: 0.500
1 samples
Density: max memory 477626368, total allocated 201850880, free 116045256, used 85805624, increment 0
linearPredictor: max memory 477626368, total allocated 201850880, free 116045256, used 85805624, increment 0
FeaturedSpace: max memory 477626368, total allocated 201850880, free 116045256, used 85805624, increment 0
Sequential: max memory 477626368, total allocated 201850880, free 116045256, used 85805624, increment 0
Initial loss: 9.210440366976517
Time since start: 1.063
20: time = 0.115000 loss = 9.210440
Resulting gain: 0.0
species_0 response curves
Jackknife: leave ppt9 out
Jackknife: leave tmean9 out
Jackknife: leave vpdmax9 out
Jackknife: only ppt9
Jackknife: only tmean9
Jackknife: only vpdmax9
Making features
Making features
makeFeatures: max memory 477626368, total allocated 201850880, free 101518088, used 100332792, increment 14527168
makeFeatures: max memory 477626368, total allocated 201850880, free 101518088, used 100332792, increment 14527168
species_0 ppt9: 
species_0 tmean9: 
Regularization values: linear/quadratic/product: 1.000, categorical: 0.635, threshold: 1.990, hinge: 0.500
Regularization values: linear/quadratic/product: 1.000, categorical: 0.635, threshold: 1.990, hinge: 0.500
1 samples
1 samples
Density: max memory 477626368, total allocated 201850880, free 101518088, used 100332792, increment 0
Density: max memory 477626368, total allocated 201850880, free 101518088, used 100332792, increment 0
linearPredictor: max memory 477626368, total allocated 201850880, free 101518088, used 100332792, increment 0
linearPredictor: max memory 477626368, total allocated 201850880, free 101518088, used 100332792, increment 0
FeaturedSpace: max memory 477626368, total allocated 201850880, free 101518088, used 100332792, increment 0
FeaturedSpace: max memory 477626368, total allocated 201850880, free 101518088, used 100332792, increment 0
Sequential: max memory 477626368, total allocated 201850880, free 101518088, used 100332792, increment 0
Sequential: max memory 477626368, total allocated 201850880, free 101518088, used 100332792, increment 0
Initial loss: 9.210440366976517
Initial loss: 9.210440366976517
Initial test loss: 9.210440366976517
Initial test loss: 9.210440366976517
20: time = 0.116000 loss = 9.210440 testLoss 9.210440
20: time = 0.116000 loss = 9.210440 testLoss 9.210440
Making features
Making features
makeFeatures: max memory 477626368, total allocated 201850880, free 99716936, used 102133944, increment 1801152
species_0 ppt9: 
Regularization values: linear/quadratic/product: 1.000, categorical: 0.635, threshold: 1.990, hinge: 0.500
1 samples
Density: max memory 477626368, total allocated 201850880, free 99636912, used 102213968, increment 80024
linearPredictor: max memory 477626368, total allocated 201850880, free 99556888, used 102293992, increment 80024
FeaturedSpace: max memory 477626368, total allocated 201850880, free 99556888, used 102293992, increment 0
Sequential: max memory 477626368, total allocated 201850880, free 99556888, used 102293992, increment 0
Initial loss: 9.210440366976517
Initial test loss: 9.210440366976517
makeFeatures: max memory 477626368, total allocated 201850880, free 99556888, used 102293992, increment 0
species_0 vpdmax9: 
Regularization values: linear/quadratic/product: 1.000, categorical: 0.635, threshold: 1.990, hinge: 0.500
1 samples
Density: max memory 477626368, total allocated 201850880, free 99556888, used 102293992, increment 0
linearPredictor: max memory 477626368, total allocated 201850880, free 99556888, used 102293992, increment 0
FeaturedSpace: max memory 477626368, total allocated 201850880, free 99556888, used 102293992, increment 0
Sequential: max memory 477626368, total allocated 201850880, free 99556888, used 102293992, increment 0
Initial loss: 9.210440366976517
Initial test loss: 9.210440366976517
20: time = 0.122000 loss = 9.210440 testLoss 9.210440
Res.gain: 0.0
Making features
20: time = 0.122000 loss = 9.210440 testLoss 9.210440
makeFeatures: max memory 477626368, total allocated 201850880, free 97908448, used 103942432, increment 1648440
species_0 tmean9: 
Regularization values: linear/quadratic/product: 1.000, categorical: 0.635, threshold: 1.990, hinge: 0.500
1 samples
Density: max memory 477626368, total allocated 201850880, free 97908448, used 103942432, increment 0
linearPredictor: max memory 477626368, total allocated 201850880, free 97908448, used 103942432, increment 0
Making features
FeaturedSpace: max memory 477626368, total allocated 201850880, free 97908448, used 103942432, increment 0
Sequential: max memory 477626368, total allocated 201850880, free 97908448, used 103942432, increment 0
Initial loss: 9.210440366976517
Initial test loss: 9.210440366976517
makeFeatures: max memory 477626368, total allocated 201850880, free 97748400, used 104102480, increment 160048
species_0 vpdmax9: 
Regularization values: linear/quadratic/product: 1.000, categorical: 0.635, threshold: 1.990, hinge: 0.500
1 samples
Density: max memory 477626368, total allocated 201850880, free 97668376, used 104182504, increment 80024
linearPredictor: max memory 477626368, total allocated 201850880, free 97588352, used 104262528, increment 80024
FeaturedSpace: max memory 477626368, total allocated 201850880, free 97588352, used 104262528, increment 0
Sequential: max memory 477626368, total allocated 201850880, free 97588352, used 104262528, increment 0
Initial loss: 9.210440366976517
Initial test loss: 9.210440366976517
20: time = 0.132000 loss = 9.210440 testLoss 9.210440
Res.gain: 0.0
20: time = 0.119000 loss = 9.210440 testLoss 9.210440
Res.gain: 0.0
getSamples: max memory 477626368, total allocated 201850880, free 89540640, used 112310240, increment 8047712
Making features
makeFeatures: max memory 477626368, total allocated 201850880, free 89540640, used 112310240, increment 0
species_1: 
Regularization values: linear/quadratic/product: 1.000, categorical: 0.635, threshold: 1.990, hinge: 0.500
1 samples
Density: max memory 477626368, total allocated 201850880, free 89540640, used 112310240, increment 0
linearPredictor: max memory 477626368, total allocated 201850880, free 89540640, used 112310240, increment 0
FeaturedSpace: max memory 477626368, total allocated 201850880, free 89540640, used 112310240, increment 0
Sequential: max memory 477626368, total allocated 201850880, free 89540640, used 112310240, increment 0
Initial loss: 9.210440366976517
Initial test loss: 9.210440366976517
20: time = 0.116000 loss = 9.210440 testLoss 9.210440
Resulting gain: 0.0
Time since start: 2.188
Leaving out Fixed cumulative value 1 from threshold table, as uninitialized
Leaving out Fixed cumulative value 5 from threshold table, as uninitialized
Leaving out Fixed cumulative value 10 from threshold table, as uninitialized
Leaving out Equate entropy of thresholded and original distributions from threshold table, as uninitialized
Projecting...
Writing file C:\Users\aortiz\AppData\Local\Temp\RtmpIvwHOd\raster\maxent\10333437994\species_1.csv
species_1 response curves
Response curve: only ppt9
Response curve: only tmean9
Response curve: only vpdmax9
Making features
Making features
makeFeatures: max memory 477626368, total allocated 201850880, free 66840600, used 135010280, increment 22700040
species_1 tmean9: 
makeFeatures: max memory 477626368, total allocated 201850880, free 66840600, used 135010280, increment 22700040
species_1 ppt9: 
Regularization values: linear/quadratic/product: 1.000, categorical: 0.635, threshold: 1.990, hinge: 0.500
Regularization values: linear/quadratic/product: 1.000, categorical: 0.635, threshold: 1.990, hinge: 0.500
1 samples
1 samples
Density: max memory 477626368, total allocated 201850880, free 66840600, used 135010280, increment 0
Density: max memory 477626368, total allocated 201850880, free 66840600, used 135010280, increment 0
linearPredictor: max memory 477626368, total allocated 201850880, free 66840600, used 135010280, increment 0
linearPredictor: max memory 477626368, total allocated 201850880, free 66840600, used 135010280, increment 0
FeaturedSpace: max memory 477626368, total allocated 201850880, free 66840600, used 135010280, increment 0
Sequential: max memory 477626368, total allocated 201850880, free 66840600, used 135010280, increment 0
FeaturedSpace: max memory 477626368, total allocated 201850880, free 66840600, used 135010280, increment 0
Sequential: max memory 477626368, total allocated 201850880, free 66840600, used 135010280, increment 0
Initial loss: 9.210440366976517
Initial loss: 9.210440366976517
20: time = 0.124000 loss = 9.210440
Resulting gain: 0.0
20: time = 0.124000 loss = 9.210440
Resulting gain: 0.0
species_1 response curves
species_1 response curves
Making features
makeFeatures: max memory 477626368, total allocated 201850880, free 57668208, used 144182672, increment 9172392
species_1 vpdmax9: 
Regularization values: linear/quadratic/product: 1.000, categorical: 0.635, threshold: 1.990, hinge: 0.500
1 samples
Density: max memory 477626368, total allocated 201850880, free 57668208, used 144182672, increment 0
linearPredictor: max memory 477626368, total allocated 201850880, free 57668208, used 144182672, increment 0
FeaturedSpace: max memory 477626368, total allocated 201850880, free 57668208, used 144182672, increment 0
Sequential: max memory 477626368, total allocated 201850880, free 57668208, used 144182672, increment 0
Initial loss: 9.210440366976517
20: time = 0.116000 loss = 9.210440
Resulting gain: 0.0
species_1 response curves
Jackknife: leave ppt9 out
Jackknife: leave tmean9 out
Jackknife: leave vpdmax9 out
Jackknife: only ppt9
Jackknife: only tmean9
Jackknife: only vpdmax9
Making features
Making features
makeFeatures: max memory 477626368, total allocated 201850880, free 43819520, used 158031360, increment 13848688
species_1 ppt9: 
makeFeatures: max memory 477626368, total allocated 201850880, free 43819520, used 158031360, increment 13848688
species_1 tmean9: 
Regularization values: linear/quadratic/product: 1.000, categorical: 0.635, threshold: 1.990, hinge: 0.500
Regularization values: linear/quadratic/product: 1.000, categorical: 0.635, threshold: 1.990, hinge: 0.500
1 samples
1 samples
Density: max memory 477626368, total allocated 201850880, free 43819520, used 158031360, increment 0
Density: max memory 477626368, total allocated 201850880, free 43819520, used 158031360, increment 0
linearPredictor: max memory 477626368, total allocated 201850880, free 43819520, used 158031360, increment 0
linearPredictor: max memory 477626368, total allocated 201850880, free 43819520, used 158031360, increment 0
FeaturedSpace: max memory 477626368, total allocated 201850880, free 43819520, used 158031360, increment 0
FeaturedSpace: max memory 477626368, total allocated 201850880, free 43819520, used 158031360, increment 0
Sequential: max memory 477626368, total allocated 201850880, free 43819520, used 158031360, increment 0
Sequential: max memory 477626368, total allocated 201850880, free 43819520, used 158031360, increment 0
Initial loss: 9.210440366976517
Initial test loss: 9.210440366976517
Initial loss: 9.210440366976517
Initial test loss: 9.210440366976517
Time since start: 3.221
20: time = 0.116000 loss = 9.210440 testLoss 9.210440
Making features
20: time = 0.132000 loss = 9.210440 testLoss 9.210440
Making features
makeFeatures: max memory 477626368, total allocated 201850880, free 40419944, used 161430936, increment 3399576
species_1 vpdmax9: 
Regularization values: linear/quadratic/product: 1.000, categorical: 0.635, threshold: 1.990, hinge: 0.500
1 samples
makeFeatures: max memory 477626368, total allocated 201850880, free 40419944, used 161430936, increment 0
species_1 ppt9: 
Regularization values: linear/quadratic/product: 1.000, categorical: 0.635, threshold: 1.990, hinge: 0.500
Density: max memory 477626368, total allocated 201850880, free 40419944, used 161430936, increment 0
1 samples
linearPredictor: max memory 477626368, total allocated 201850880, free 40419944, used 161430936, increment 0
Density: max memory 477626368, total allocated 201850880, free 40419944, used 161430936, increment 0
linearPredictor: max memory 477626368, total allocated 201850880, free 40419944, used 161430936, increment 0
FeaturedSpace: max memory 477626368, total allocated 201850880, free 40419944, used 161430936, increment 0
FeaturedSpace: max memory 477626368, total allocated 201850880, free 40419944, used 161430936, increment 0
Sequential: max memory 477626368, total allocated 201850880, free 40419944, used 161430936, increment 0
Sequential: max memory 477626368, total allocated 201850880, free 40419944, used 161430936, increment 0
Initial loss: 9.210440366976517
Initial loss: 9.210440366976517
Initial test loss: 9.210440366976517
Initial test loss: 9.210440366976517
20: time = 0.132000 loss = 9.210440 testLoss 9.210440
20: time = 0.132000 loss = 9.210440 testLoss 9.210440
Res.gain: 0.0
Making features
Making features
makeFeatures: max memory 477626368, total allocated 201850880, free 40419944, used 161430936, increment 0
species_1 tmean9: 
Regularization values: linear/quadratic/product: 1.000, categorical: 0.635, threshold: 1.990, hinge: 0.500
1 samples
Density: max memory 477626368, total allocated 201850880, free 40419944, used 161430936, increment 0
linearPredictor: max memory 477626368, total allocated 201850880, free 40419944, used 161430936, increment 0
makeFeatures: max memory 477626368, total allocated 201850880, free 40419944, used 161430936, increment 0
species_1 vpdmax9: 
Regularization values: linear/quadratic/product: 1.000, categorical: 0.635, threshold: 1.990, hinge: 0.500
1 samples
Density: max memory 477626368, total allocated 201850880, free 40419944, used 161430936, increment 0
linearPredictor: max memory 477626368, total allocated 201850880, free 40419944, used 161430936, increment 0
FeaturedSpace: max memory 477626368, total allocated 201850880, free 40419944, used 161430936, increment 0
Sequential: max memory 477626368, total allocated 201850880, free 40419944, used 161430936, increment 0
Initial loss: 9.210440366976517
Initial test loss: 9.210440366976517
FeaturedSpace: max memory 477626368, total allocated 201850880, free 40419944, used 161430936, increment 0
Sequential: max memory 477626368, total allocated 201850880, free 40419944, used 161430936, increment 0
Initial loss: 9.210440366976517
Initial test loss: 9.210440366976517
20: time = 0.121000 loss = 9.210440 testLoss 9.210440
Res.gain: 0.0
20: time = 0.121000 loss = 9.210440 testLoss 9.210440
Res.gain: 0.0
Reading file absence
readGrid: max memory 477626368, total allocated 200802304, free 183061216, used 17741088, increment -143689848
Reading file absence
readGrid: max memory 477626368, total allocated 200802304, free 139024864, used 61777440, increment 44036352
Creating average grid, stddev grid etc.
Writing file C:\Users\aortiz\AppData\Local\Temp\RtmpIvwHOd\raster\maxent\10333437994\species_avg.csv
Writing file C:\Users\aortiz\AppData\Local\Temp\RtmpIvwHOd\raster\maxent\10333437994\species_stddev.csv
Writing file C:\Users\aortiz\AppData\Local\Temp\RtmpIvwHOd\raster\maxent\10333437994\species_min.csv
Writing file C:\Users\aortiz\AppData\Local\Temp\RtmpIvwHOd\raster\maxent\10333437994\species_max.csv
Writing file C:\Users\aortiz\AppData\Local\Temp\RtmpIvwHOd\raster\maxent\10333437994\species_median.csv
species average response curves
Time since start: 5.186
Ending
