Fri Sep 08 13:11:23 CDT 2017
MaxEnt version 3.4.0
Reading file absence
readGrid: max memory 477626368, total allocated 215482368, free 80735544, used 134746824, increment 28221416
Reading samples from presence
Read samples: max memory 477626368, total allocated 215482368, free 36872328, used 178610040, increment 43863216
Adding samples to background in feature space
Command line used:  autorun -e C:\Users\aortiz\AppData\Local\Temp\RtmpMjzmQ7/raster/maxent/5346366768/absence -o C:\Users\aortiz\AppData\Local\Temp\RtmpMjzmQ7/raster/maxent/5346366768 -s C:\Users\aortiz\AppData\Local\Temp\RtmpMjzmQ7/raster/maxent/5346366768/presence -z randomseed=true threads=2 responsecurves=true jackknife=true replicates=10 replicatetype=crossvalidate maximumiterations=1000 -J
Command line to repeat: java density.MaxEnt nowarnings noprefixes responsecurves outputdirectory=C:\Users\aortiz\AppData\Local\Temp\RtmpMjzmQ7/raster/maxent/5346366768 samplesfile=C:\Users\aortiz\AppData\Local\Temp\RtmpMjzmQ7/raster/maxent/5346366768/presence environmentallayers=C:\Users\aortiz\AppData\Local\Temp\RtmpMjzmQ7/raster/maxent/5346366768/absence randomseed replicates=10 autorun novisible maximumiterations=1000 threads=2
Species: species_0 species_1 species_2 species_3 species_4 species_5 species_6 species_7 species_8 species_9
Layers: ppt9 tmean9 vpdmax9
Layertypes: Continuous Continuous Continuous
responsecurves: true
outputdirectory: C:\Users\aortiz\AppData\Local\Temp\RtmpMjzmQ7/raster/maxent/5346366768
samplesfile: C:\Users\aortiz\AppData\Local\Temp\RtmpMjzmQ7/raster/maxent/5346366768/presence
environmentallayers: C:\Users\aortiz\AppData\Local\Temp\RtmpMjzmQ7/raster/maxent/5346366768/absence
randomseed: true
replicates: 10
autorun: true
visible: false
maximumiterations: 1000
threads: 2

getSamples: max memory 477626368, total allocated 215482368, free 33738456, used 181743912, increment 3133872
Making features
makeFeatures: max memory 477626368, total allocated 215482368, free 33738456, used 181743912, increment 0
species_0: 
Regularization values: linear/quadratic/product: 1.000, categorical: 0.515, threshold: 1.910, hinge: 0.500
9 samples
Density: max memory 477626368, total allocated 215482368, free 33738456, used 181743912, increment 0
linearPredictor: max memory 477626368, total allocated 215482368, free 33738456, used 181743912, increment 0
FeaturedSpace: max memory 477626368, total allocated 215482368, free 33738456, used 181743912, increment 0
Sequential: max memory 477626368, total allocated 215482368, free 33738456, used 181743912, increment 0
Initial loss: 9.211239967219019
Initial test loss: 9.211239967219019
60: time = 0.203000 loss = 8.900665 testLoss 8.432350
Resulting gain: 0.31057512723415037
Projecting...
Writing file C:\Users\aortiz\AppData\Local\Temp\RtmpMjzmQ7\raster\maxent\5346366768\species_0.csv
species_0 response curves
Response curve: only ppt9
Response curve: only tmean9
Response curve: only vpdmax9
Time since start: 1.012
Making features
Time since start: 1.012
Making features
makeFeatures: max memory 477626368, total allocated 210763776, free 152256912, used 58506864, increment -123237048
makeFeatures: max memory 477626368, total allocated 210763776, free 152256912, used 58506864, increment -123237048
species_0 ppt9: 
species_0 tmean9: 
Regularization values: linear/quadratic/product: 1.000, categorical: 0.515, threshold: 1.910, hinge: 0.500
Regularization values: linear/quadratic/product: 1.000, categorical: 0.515, threshold: 1.910, hinge: 0.500
9 samples
9 samples
Density: max memory 477626368, total allocated 210763776, free 152256912, used 58506864, increment 0
linearPredictor: max memory 477626368, total allocated 210763776, free 152256912, used 58506864, increment 0
Density: max memory 477626368, total allocated 210763776, free 152256912, used 58506864, increment 0
linearPredictor: max memory 477626368, total allocated 210763776, free 152256912, used 58506864, increment 0
FeaturedSpace: max memory 477626368, total allocated 210763776, free 152256912, used 58506864, increment 0
FeaturedSpace: max memory 477626368, total allocated 210763776, free 152256912, used 58506864, increment 0
Sequential: max memory 477626368, total allocated 210763776, free 152256912, used 58506864, increment 0
Sequential: max memory 477626368, total allocated 210763776, free 152256912, used 58506864, increment 0
Initial loss: 9.211239967219019
Initial loss: 9.211239967219019
20: time = 0.122000 loss = 9.211240
Resulting gain: 0.0
species_0 response curves
Making features
makeFeatures: max memory 477626368, total allocated 210763776, free 148055920, used 62707856, increment 4200992
species_0 vpdmax9: 
Regularization values: linear/quadratic/product: 1.000, categorical: 0.515, threshold: 1.910, hinge: 0.500
9 samples
Density: max memory 477626368, total allocated 210763776, free 148055920, used 62707856, increment 0
linearPredictor: max memory 477626368, total allocated 210763776, free 148055920, used 62707856, increment 0
FeaturedSpace: max memory 477626368, total allocated 210763776, free 148055920, used 62707856, increment 0
Sequential: max memory 477626368, total allocated 210763776, free 148055920, used 62707856, increment 0
Initial loss: 9.211239967219019
60: time = 0.294000 loss = 8.900861
Resulting gain: 0.31037944678277185
species_0 response curves
60: time = 0.234000 loss = 9.075930
Resulting gain: 0.1353099816485024
species_0 response curves
getSamples: max memory 477626368, total allocated 210763776, free 129883840, used 80879936, increment 18172080
Making features
makeFeatures: max memory 477626368, total allocated 210763776, free 129883840, used 80879936, increment 0
species_1: 
Regularization values: linear/quadratic/product: 1.000, categorical: 0.515, threshold: 1.910, hinge: 0.500
9 samples
Density: max memory 477626368, total allocated 210763776, free 129883840, used 80879936, increment 0
linearPredictor: max memory 477626368, total allocated 210763776, free 129883840, used 80879936, increment 0
FeaturedSpace: max memory 477626368, total allocated 210763776, free 129883840, used 80879936, increment 0
Sequential: max memory 477626368, total allocated 210763776, free 129883840, used 80879936, increment 0
Initial loss: 9.211239967219019
Initial test loss: 9.211239967219019
60: time = 0.281000 loss = 8.889716 testLoss 8.561927
Resulting gain: 0.32152411564697125
Time since start: 2.302
Projecting...
Writing file C:\Users\aortiz\AppData\Local\Temp\RtmpMjzmQ7\raster\maxent\5346366768\species_1.csv
species_1 response curves
Response curve: only ppt9
Response curve: only tmean9
Response curve: only vpdmax9
Making features
Making features
makeFeatures: max memory 477626368, total allocated 210763776, free 98805136, used 111958640, increment 31078704
species_1 ppt9: 
Regularization values: linear/quadratic/product: 1.000, categorical: 0.515, threshold: 1.910, hinge: 0.500
9 samples
Density: max memory 477626368, total allocated 210763776, free 98805136, used 111958640, increment 0
makeFeatures: max memory 477626368, total allocated 210763776, free 98805136, used 111958640, increment 0
species_1 tmean9: 
linearPredictor: max memory 477626368, total allocated 210763776, free 98805136, used 111958640, increment 0
Regularization values: linear/quadratic/product: 1.000, categorical: 0.515, threshold: 1.910, hinge: 0.500
9 samples
Density: max memory 477626368, total allocated 210763776, free 98805136, used 111958640, increment 0
linearPredictor: max memory 477626368, total allocated 210763776, free 98805136, used 111958640, increment 0
FeaturedSpace: max memory 477626368, total allocated 210763776, free 98805136, used 111958640, increment 0
Sequential: max memory 477626368, total allocated 210763776, free 98805136, used 111958640, increment 0
FeaturedSpace: max memory 477626368, total allocated 210763776, free 98805136, used 111958640, increment 0
Initial loss: 9.211239967219019
Sequential: max memory 477626368, total allocated 210763776, free 98805136, used 111958640, increment 0
Initial loss: 9.211239967219019
20: time = 0.109000 loss = 9.211240
Resulting gain: 0.0
species_1 response curves
Making features
makeFeatures: max memory 477626368, total allocated 210763776, free 94484960, used 116278816, increment 4320176
species_1 vpdmax9: 
Regularization values: linear/quadratic/product: 1.000, categorical: 0.515, threshold: 1.910, hinge: 0.500
9 samples
Density: max memory 477626368, total allocated 210763776, free 94484960, used 116278816, increment 0
linearPredictor: max memory 477626368, total allocated 210763776, free 94484960, used 116278816, increment 0
FeaturedSpace: max memory 477626368, total allocated 210763776, free 94484960, used 116278816, increment 0
Sequential: max memory 477626368, total allocated 210763776, free 94484960, used 116278816, increment 0
Initial loss: 9.211239967219019
60: time = 0.281000 loss = 8.889716
Resulting gain: 0.3215241156469677
species_1 response curves
60: time = 0.279000 loss = 9.157412
Resulting gain: 0.05382803256835267
species_1 response curves
Time since start: 3.349
getSamples: max memory 477626368, total allocated 210763776, free 76388568, used 134375208, increment 18096392
Making features
makeFeatures: max memory 477626368, total allocated 210763776, free 76388568, used 134375208, increment 0
species_2: 
Regularization values: linear/quadratic/product: 1.000, categorical: 0.515, threshold: 1.910, hinge: 0.500
9 samples
Density: max memory 477626368, total allocated 210763776, free 76388568, used 134375208, increment 0
linearPredictor: max memory 477626368, total allocated 210763776, free 76388568, used 134375208, increment 0
FeaturedSpace: max memory 477626368, total allocated 210763776, free 76388568, used 134375208, increment 0
Sequential: max memory 477626368, total allocated 210763776, free 76388568, used 134375208, increment 0
Initial loss: 9.211239967219019
Initial test loss: 9.211239967219019
60: time = 0.329000 loss = 8.886057 testLoss 8.603069
Resulting gain: 0.3251828778810122
Projecting...
Writing file C:\Users\aortiz\AppData\Local\Temp\RtmpMjzmQ7\raster\maxent\5346366768\species_2.csv
species_2 response curves
Response curve: only ppt9
Response curve: only tmean9
Response curve: only vpdmax9
Making features
Making features
makeFeatures: max memory 477626368, total allocated 210763776, free 44743592, used 166020184, increment 31644976
species_2 ppt9: 
Regularization values: linear/quadratic/product: 1.000, categorical: 0.515, threshold: 1.910, hinge: 0.500
makeFeatures: max memory 477626368, total allocated 210763776, free 44743592, used 166020184, increment 0
species_2 tmean9: 
9 samples
Regularization values: linear/quadratic/product: 1.000, categorical: 0.515, threshold: 1.910, hinge: 0.500
Density: max memory 477626368, total allocated 210763776, free 44743592, used 166020184, increment 0
9 samples
linearPredictor: max memory 477626368, total allocated 210763776, free 44743592, used 166020184, increment 0
Density: max memory 477626368, total allocated 210763776, free 44743592, used 166020184, increment 0
linearPredictor: max memory 477626368, total allocated 210763776, free 44743592, used 166020184, increment 0
FeaturedSpace: max memory 477626368, total allocated 210763776, free 44743592, used 166020184, increment 0
Sequential: max memory 477626368, total allocated 210763776, free 44743592, used 166020184, increment 0
FeaturedSpace: max memory 477626368, total allocated 210763776, free 44743592, used 166020184, increment 0
Initial loss: 9.211239967219019
Sequential: max memory 477626368, total allocated 210763776, free 44743592, used 166020184, increment 0
Initial loss: 9.211239967219019
Time since start: 4.474
20: time = 0.125000 loss = 9.211240
Resulting gain: 0.0
species_2 response curves
Making features
makeFeatures: max memory 477626368, total allocated 210763776, free 40541016, used 170222760, increment 4202576
species_2 vpdmax9: 
Regularization values: linear/quadratic/product: 1.000, categorical: 0.515, threshold: 1.910, hinge: 0.500
9 samples
Density: max memory 477626368, total allocated 210763776, free 40541016, used 170222760, increment 0
linearPredictor: max memory 477626368, total allocated 210763776, free 40541016, used 170222760, increment 0
FeaturedSpace: max memory 477626368, total allocated 210763776, free 40541016, used 170222760, increment 0
Sequential: max memory 477626368, total allocated 210763776, free 40541016, used 170222760, increment 0
Initial loss: 9.211239967219019
60: time = 0.282000 loss = 8.886057
Resulting gain: 0.3251828778810122
species_2 response curves
60: time = 0.219000 loss = 9.153139
Resulting gain: 0.05810084685126249
species_2 response curves
getSamples: max memory 477626368, total allocated 214958080, free 184561848, used 30396232, increment -139826528
Making features
makeFeatures: max memory 477626368, total allocated 214958080, free 184561848, used 30396232, increment 0
species_3: 
Regularization values: linear/quadratic/product: 1.000, categorical: 0.515, threshold: 1.910, hinge: 0.500
9 samples
Density: max memory 477626368, total allocated 214958080, free 184561848, used 30396232, increment 0
linearPredictor: max memory 477626368, total allocated 214958080, free 184561848, used 30396232, increment 0
FeaturedSpace: max memory 477626368, total allocated 214958080, free 184561848, used 30396232, increment 0
Sequential: max memory 477626368, total allocated 214958080, free 184561848, used 30396232, increment 0
Initial loss: 9.211239967219019
Initial test loss: 9.211239967219019
60: time = 0.282000 loss = 8.869680 testLoss 8.761508
Resulting gain: 0.3415601220872535
Time since start: 5.537
Projecting...
Writing file C:\Users\aortiz\AppData\Local\Temp\RtmpMjzmQ7\raster\maxent\5346366768\species_3.csv
species_3 response curves
Response curve: only ppt9
Response curve: only tmean9
Response curve: only vpdmax9
Making features
Making features
makeFeatures: max memory 477626368, total allocated 214958080, free 152117368, used 62840712, increment 32444480
species_3 ppt9: 
makeFeatures: max memory 477626368, total allocated 214958080, free 152117368, used 62840712, increment 0
Regularization values: linear/quadratic/product: 1.000, categorical: 0.515, threshold: 1.910, hinge: 0.500
species_3 tmean9: 
9 samples
Regularization values: linear/quadratic/product: 1.000, categorical: 0.515, threshold: 1.910, hinge: 0.500
9 samples
Density: max memory 477626368, total allocated 214958080, free 152117368, used 62840712, increment 0
linearPredictor: max memory 477626368, total allocated 214958080, free 152117368, used 62840712, increment 0
Density: max memory 477626368, total allocated 214958080, free 152117368, used 62840712, increment 0
linearPredictor: max memory 477626368, total allocated 214958080, free 152117368, used 62840712, increment 0
FeaturedSpace: max memory 477626368, total allocated 214958080, free 152117368, used 62840712, increment 0
Sequential: max memory 477626368, total allocated 214958080, free 152117368, used 62840712, increment 0
FeaturedSpace: max memory 477626368, total allocated 214958080, free 152117368, used 62840712, increment 0
Initial loss: 9.211239967219019
Sequential: max memory 477626368, total allocated 214958080, free 152117368, used 62840712, increment 0
Initial loss: 9.211239967219019
20: time = 0.106000 loss = 9.211240
Resulting gain: 0.0
species_3 response curves
Making features
makeFeatures: max memory 477626368, total allocated 214958080, free 147959032, used 66999048, increment 4158336
species_3 vpdmax9: 
Regularization values: linear/quadratic/product: 1.000, categorical: 0.515, threshold: 1.910, hinge: 0.500
9 samples
Density: max memory 477626368, total allocated 214958080, free 147959032, used 66999048, increment 0
linearPredictor: max memory 477626368, total allocated 214958080, free 147959032, used 66999048, increment 0
FeaturedSpace: max memory 477626368, total allocated 214958080, free 147959032, used 66999048, increment 0
Sequential: max memory 477626368, total allocated 214958080, free 147959032, used 66999048, increment 0
Initial loss: 9.211239967219019
60: time = 0.262000 loss = 8.869680
Resulting gain: 0.3415601220872517
species_3 response curves
60: time = 0.203000 loss = 9.117256
Resulting gain: 0.09398375450960472
species_3 response curves
getSamples: max memory 477626368, total allocated 214958080, free 131239016, used 83719064, increment 16720016
Making features
makeFeatures: max memory 477626368, total allocated 214958080, free 128270584, used 86687496, increment 2968432
species_4: 
Regularization values: linear/quadratic/product: 1.000, categorical: 0.515, threshold: 1.910, hinge: 0.500
9 samples
Density: max memory 477626368, total allocated 214958080, free 128270584, used 86687496, increment 0
linearPredictor: max memory 477626368, total allocated 214958080, free 128270584, used 86687496, increment 0
FeaturedSpace: max memory 477626368, total allocated 214958080, free 128270584, used 86687496, increment 0
Sequential: max memory 477626368, total allocated 214958080, free 128270584, used 86687496, increment 0
Initial loss: 9.211239967219019
Initial test loss: 9.211239967219019
Time since start: 6.69
60: time = 0.234000 loss = 8.782395 testLoss 9.398018
Resulting gain: 0.4288450650842446
Projecting...
Writing file C:\Users\aortiz\AppData\Local\Temp\RtmpMjzmQ7\raster\maxent\5346366768\species_4.csv
species_4 response curves
Response curve: only ppt9
Response curve: only tmean9
Response curve: only vpdmax9
Making features
Making features
makeFeatures: max memory 477626368, total allocated 214958080, free 98787512, used 116170568, increment 29483072
species_4 tmean9: 
makeFeatures: max memory 477626368, total allocated 214958080, free 98787512, used 116170568, increment 29483072
species_4 ppt9: 
Regularization values: linear/quadratic/product: 1.000, categorical: 0.515, threshold: 1.910, hinge: 0.500
Regularization values: linear/quadratic/product: 1.000, categorical: 0.515, threshold: 1.910, hinge: 0.500
9 samples
9 samples
Density: max memory 477626368, total allocated 214958080, free 98787512, used 116170568, increment 0
Density: max memory 477626368, total allocated 214958080, free 98787512, used 116170568, increment 0
linearPredictor: max memory 477626368, total allocated 214958080, free 98787512, used 116170568, increment 0
linearPredictor: max memory 477626368, total allocated 214958080, free 98707424, used 116250656, increment 80088
FeaturedSpace: max memory 477626368, total allocated 214958080, free 98707424, used 116250656, increment 0
FeaturedSpace: max memory 477626368, total allocated 214958080, free 98707424, used 116250656, increment 0
Sequential: max memory 477626368, total allocated 214958080, free 98707424, used 116250656, increment 0
Sequential: max memory 477626368, total allocated 214958080, free 98707424, used 116250656, increment 0
Initial loss: 9.211239967219019
Initial loss: 9.211239967219019
20: time = 0.109000 loss = 9.211240
Resulting gain: 0.0
species_4 response curves
Making features
makeFeatures: max memory 477626368, total allocated 214958080, free 93611680, used 121346400, increment 5095744
species_4 vpdmax9: 
Regularization values: linear/quadratic/product: 1.000, categorical: 0.515, threshold: 1.910, hinge: 0.500
9 samples
Density: max memory 477626368, total allocated 214958080, free 93611680, used 121346400, increment 0
linearPredictor: max memory 477626368, total allocated 214958080, free 93611680, used 121346400, increment 0
FeaturedSpace: max memory 477626368, total allocated 214958080, free 93611680, used 121346400, increment 0
Sequential: max memory 477626368, total allocated 214958080, free 93611680, used 121346400, increment 0
Initial loss: 9.211239967219019
60: time = 0.266000 loss = 8.782876
Resulting gain: 0.42836374041320546
species_4 response curves
Time since start: 7.721
60: time = 0.219000 loss = 9.041340
Resulting gain: 0.16990043051150394
species_4 response curves
getSamples: max memory 477626368, total allocated 214958080, free 76994400, used 137963680, increment 16617280
Making features
makeFeatures: max memory 477626368, total allocated 214958080, free 74025968, used 140932112, increment 2968432
species_5: 
Regularization values: linear/quadratic/product: 1.000, categorical: 0.515, threshold: 1.910, hinge: 0.500
9 samples
Density: max memory 477626368, total allocated 214958080, free 74025968, used 140932112, increment 0
linearPredictor: max memory 477626368, total allocated 214958080, free 74025968, used 140932112, increment 0
FeaturedSpace: max memory 477626368, total allocated 214958080, free 74025968, used 140932112, increment 0
Sequential: max memory 477626368, total allocated 214958080, free 74025968, used 140932112, increment 0
Initial loss: 9.211239967219019
Initial test loss: 9.211239967219019
60: time = 0.281000 loss = 8.869767 testLoss 8.760739
Resulting gain: 0.3414726781200681
Projecting...
Writing file C:\Users\aortiz\AppData\Local\Temp\RtmpMjzmQ7\raster\maxent\5346366768\species_5.csv
species_5 response curves
Time since start: 8.784
Response curve: only ppt9
Response curve: only tmean9
Response curve: only vpdmax9
Making features
Making features
makeFeatures: max memory 477626368, total allocated 214958080, free 44506944, used 170451136, increment 29519024
species_5 tmean9: 
Regularization values: linear/quadratic/product: 1.000, categorical: 0.515, threshold: 1.910, hinge: 0.500
9 samples
Density: max memory 477626368, total allocated 214958080, free 44426856, used 170531224, increment 80088
linearPredictor: max memory 477626368, total allocated 214958080, free 44346768, used 170611312, increment 80088
makeFeatures: max memory 477626368, total allocated 214958080, free 44346768, used 170611312, increment 0
species_5 ppt9: 
Regularization values: linear/quadratic/product: 1.000, categorical: 0.515, threshold: 1.910, hinge: 0.500
9 samples
Density: max memory 477626368, total allocated 214958080, free 44346768, used 170611312, increment 0
linearPredictor: max memory 477626368, total allocated 214958080, free 44346768, used 170611312, increment 0
FeaturedSpace: max memory 477626368, total allocated 214958080, free 44346768, used 170611312, increment 0
Sequential: max memory 477626368, total allocated 214958080, free 44346768, used 170611312, increment 0
Initial loss: 9.211239967219019
FeaturedSpace: max memory 477626368, total allocated 214958080, free 44346768, used 170611312, increment 0
Sequential: max memory 477626368, total allocated 214958080, free 44346768, used 170611312, increment 0
Initial loss: 9.211239967219019
20: time = 0.125000 loss = 9.211240
Resulting gain: 0.0
species_5 response curves
Making features
makeFeatures: max memory 477626368, total allocated 214958080, free 40190784, used 174767296, increment 4155984
species_5 vpdmax9: 
Regularization values: linear/quadratic/product: 1.000, categorical: 0.515, threshold: 1.910, hinge: 0.500
9 samples
Density: max memory 477626368, total allocated 214958080, free 40110696, used 174847384, increment 80088
linearPredictor: max memory 477626368, total allocated 214958080, free 40030608, used 174927472, increment 80088
FeaturedSpace: max memory 477626368, total allocated 214958080, free 40030608, used 174927472, increment 0
Sequential: max memory 477626368, total allocated 214958080, free 40030608, used 174927472, increment 0
Initial loss: 9.211239967219019
60: time = 0.281000 loss = 8.869767
Resulting gain: 0.34147267812006454
species_5 response curves
60: time = 0.203000 loss = 9.129412
Resulting gain: 0.08182830415218412
species_5 response curves
getSamples: max memory 477626368, total allocated 214958080, free 185061112, used 29896968, increment -145030504
Making features
makeFeatures: max memory 477626368, total allocated 214958080, free 182256224, used 32701856, increment 2804888
species_6: 
Regularization values: linear/quadratic/product: 1.000, categorical: 0.515, threshold: 1.910, hinge: 0.500
9 samples
Density: max memory 477626368, total allocated 214958080, free 182256224, used 32701856, increment 0
linearPredictor: max memory 477626368, total allocated 214958080, free 182256224, used 32701856, increment 0
FeaturedSpace: max memory 477626368, total allocated 214958080, free 182256224, used 32701856, increment 0
Sequential: max memory 477626368, total allocated 214958080, free 182256224, used 32701856, increment 0
Initial loss: 9.211239967219019
Initial test loss: 9.211239967219019
60: time = 0.294000 loss = 8.892190 testLoss 8.532173
Resulting gain: 0.3190503241647029
Time since start: 9.984
Projecting...
Writing file C:\Users\aortiz\AppData\Local\Temp\RtmpMjzmQ7\raster\maxent\5346366768\species_6.csv
species_6 response curves
Response curve: only ppt9
Response curve: only tmean9
Response curve: only vpdmax9
Making features
Making features
makeFeatures: max memory 477626368, total allocated 214958080, free 150694168, used 64263912, increment 31562056
species_6 ppt9: 
makeFeatures: max memory 477626368, total allocated 214958080, free 150694168, used 64263912, increment 0
Regularization values: linear/quadratic/product: 1.000, categorical: 0.515, threshold: 1.910, hinge: 0.500
species_6 tmean9: 
9 samples
Regularization values: linear/quadratic/product: 1.000, categorical: 0.515, threshold: 1.910, hinge: 0.500
9 samples
Density: max memory 477626368, total allocated 214958080, free 150694168, used 64263912, increment 0
Density: max memory 477626368, total allocated 214958080, free 150694168, used 64263912, increment 0
linearPredictor: max memory 477626368, total allocated 214958080, free 150694168, used 64263912, increment 0
linearPredictor: max memory 477626368, total allocated 214958080, free 150694168, used 64263912, increment 0
FeaturedSpace: max memory 477626368, total allocated 214958080, free 150694168, used 64263912, increment 0
FeaturedSpace: max memory 477626368, total allocated 214958080, free 150694168, used 64263912, increment 0
Sequential: max memory 477626368, total allocated 214958080, free 150694168, used 64263912, increment 0
Sequential: max memory 477626368, total allocated 214958080, free 150694168, used 64263912, increment 0
Initial loss: 9.211239967219019
Initial loss: 9.211239967219019
20: time = 0.125000 loss = 9.211240
Resulting gain: 0.0
species_6 response curves
Making features
makeFeatures: max memory 477626368, total allocated 214958080, free 147019248, used 67938832, increment 3674920
species_6 vpdmax9: 
Regularization values: linear/quadratic/product: 1.000, categorical: 0.515, threshold: 1.910, hinge: 0.500
9 samples
Density: max memory 477626368, total allocated 214958080, free 146939160, used 68018920, increment 80088
linearPredictor: max memory 477626368, total allocated 214958080, free 146859072, used 68099008, increment 80088
FeaturedSpace: max memory 477626368, total allocated 214958080, free 146859072, used 68099008, increment 0
Sequential: max memory 477626368, total allocated 214958080, free 146859072, used 68099008, increment 0
Initial loss: 9.211239967219019
60: time = 0.281000 loss = 8.892190
Resulting gain: 0.3190503241646976
species_6 response curves
60: time = 0.230000 loss = 9.153683
Resulting gain: 0.05755713173902777
species_6 response curves
getSamples: max memory 477626368, total allocated 214958080, free 130178960, used 84779120, increment 16680112
Making features
makeFeatures: max memory 477626368, total allocated 214958080, free 127374072, used 87584008, increment 2804888
species_7: 
Regularization values: linear/quadratic/product: 1.000, categorical: 0.515, threshold: 1.910, hinge: 0.500
9 samples
Density: max memory 477626368, total allocated 214958080, free 127374072, used 87584008, increment 0
linearPredictor: max memory 477626368, total allocated 214958080, free 127374072, used 87584008, increment 0
FeaturedSpace: max memory 477626368, total allocated 214958080, free 127374072, used 87584008, increment 0
Sequential: max memory 477626368, total allocated 214958080, free 127374072, used 87584008, increment 0
Initial loss: 9.211239967219019
Initial test loss: 9.211239967219019
Time since start: 11.198
60: time = 0.283000 loss = 8.891235 testLoss 8.543870
Resulting gain: 0.32000496503655995
Projecting...
Writing file C:\Users\aortiz\AppData\Local\Temp\RtmpMjzmQ7\raster\maxent\5346366768\species_7.csv
species_7 response curves
Response curve: only ppt9
Response curve: only tmean9
Response curve: only vpdmax9
Making features
Making features
makeFeatures: max memory 477626368, total allocated 214958080, free 97205040, used 117753040, increment 30169032
species_7 ppt9: 
makeFeatures: max memory 477626368, total allocated 214958080, free 97205040, used 117753040, increment 0
species_7 tmean9: 
Regularization values: linear/quadratic/product: 1.000, categorical: 0.515, threshold: 1.910, hinge: 0.500
Regularization values: linear/quadratic/product: 1.000, categorical: 0.515, threshold: 1.910, hinge: 0.500
9 samples
9 samples
Density: max memory 477626368, total allocated 214958080, free 97205040, used 117753040, increment 0
linearPredictor: max memory 477626368, total allocated 214958080, free 97124952, used 117833128, increment 80088
Density: max memory 477626368, total allocated 214958080, free 97124952, used 117833128, increment 80088
linearPredictor: max memory 477626368, total allocated 214958080, free 97044864, used 117913216, increment 80088
FeaturedSpace: max memory 477626368, total allocated 214958080, free 97044864, used 117913216, increment 0
FeaturedSpace: max memory 477626368, total allocated 214958080, free 97044864, used 117913216, increment 0
Sequential: max memory 477626368, total allocated 214958080, free 97044864, used 117913216, increment 0
Sequential: max memory 477626368, total allocated 214958080, free 97044864, used 117913216, increment 0
Initial loss: 9.211239967219019
Initial loss: 9.211239967219019
20: time = 0.110000 loss = 9.211240
Resulting gain: 0.0
species_7 response curves
Making features
makeFeatures: max memory 477626368, total allocated 214958080, free 91876464, used 123081616, increment 5168400
species_7 vpdmax9: 
Regularization values: linear/quadratic/product: 1.000, categorical: 0.515, threshold: 1.910, hinge: 0.500
9 samples
Density: max memory 477626368, total allocated 214958080, free 91876464, used 123081616, increment 0
linearPredictor: max memory 477626368, total allocated 214958080, free 91876464, used 123081616, increment 0
FeaturedSpace: max memory 477626368, total allocated 214958080, free 91876464, used 123081616, increment 0
Sequential: max memory 477626368, total allocated 214958080, free 91876464, used 123081616, increment 0
Initial loss: 9.211239967219019
60: time = 0.250000 loss = 8.891235
Resulting gain: 0.3200049650365564
species_7 response curves
Time since start: 12.25
60: time = 0.235000 loss = 9.155802
Resulting gain: 0.05543790248587399
species_7 response curves
getSamples: max memory 477626368, total allocated 214958080, free 75308336, used 139649744, increment 16568128
Making features
makeFeatures: max memory 477626368, total allocated 214958080, free 72503448, used 142454632, increment 2804888
species_8: 
Regularization values: linear/quadratic/product: 1.000, categorical: 0.515, threshold: 1.910, hinge: 0.500
9 samples
Density: max memory 477626368, total allocated 214958080, free 72503448, used 142454632, increment 0
linearPredictor: max memory 477626368, total allocated 214958080, free 72503448, used 142454632, increment 0
FeaturedSpace: max memory 477626368, total allocated 214958080, free 72503448, used 142454632, increment 0
Sequential: max memory 477626368, total allocated 214958080, free 72503448, used 142454632, increment 0
Initial loss: 9.211239967219019
Initial test loss: 9.211239967219019
60: time = 0.277000 loss = 8.786703 testLoss 9.339018
Resulting gain: 0.4245367048661599
Projecting...
Writing file C:\Users\aortiz\AppData\Local\Temp\RtmpMjzmQ7\raster\maxent\5346366768\species_8.csv
species_8 response curves
Time since start: 13.309
Response curve: only ppt9
Response curve: only tmean9
Response curve: only vpdmax9
Making features
Making features
makeFeatures: max memory 477626368, total allocated 214958080, free 42495792, used 172462288, increment 30007656
species_8 tmean9: 
makeFeatures: max memory 477626368, total allocated 214958080, free 42495792, used 172462288, increment 0
species_8 ppt9: 
Regularization values: linear/quadratic/product: 1.000, categorical: 0.515, threshold: 1.910, hinge: 0.500
Regularization values: linear/quadratic/product: 1.000, categorical: 0.515, threshold: 1.910, hinge: 0.500
9 samples
9 samples
Density: max memory 477626368, total allocated 214958080, free 42495792, used 172462288, increment 0
linearPredictor: max memory 477626368, total allocated 214958080, free 42495792, used 172462288, increment 0
Density: max memory 477626368, total allocated 214958080, free 42495792, used 172462288, increment 0
linearPredictor: max memory 477626368, total allocated 214958080, free 42495792, used 172462288, increment 0
FeaturedSpace: max memory 477626368, total allocated 214958080, free 42495792, used 172462288, increment 0
FeaturedSpace: max memory 477626368, total allocated 214958080, free 42495792, used 172462288, increment 0
Sequential: max memory 477626368, total allocated 214958080, free 42495792, used 172462288, increment 0
Sequential: max memory 477626368, total allocated 214958080, free 42495792, used 172462288, increment 0
Initial loss: 9.211239967219019
Initial loss: 9.211239967219019
20: time = 0.140000 loss = 9.211240
Resulting gain: 0.0
species_8 response curves
Making features
makeFeatures: max memory 477626368, total allocated 214958080, free 38026640, used 176931440, increment 4469152
species_8 vpdmax9: 
Regularization values: linear/quadratic/product: 1.000, categorical: 0.515, threshold: 1.910, hinge: 0.500
9 samples
Density: max memory 477626368, total allocated 214958080, free 38026640, used 176931440, increment 0
linearPredictor: max memory 477626368, total allocated 214958080, free 38026640, used 176931440, increment 0
FeaturedSpace: max memory 477626368, total allocated 214958080, free 38026640, used 176931440, increment 0
Sequential: max memory 477626368, total allocated 214958080, free 38026640, used 176931440, increment 0
Initial loss: 9.211239967219019
60: time = 0.296000 loss = 8.786703
Resulting gain: 0.4245367048661617
species_8 response curves
60: time = 0.262000 loss = 9.155268
Resulting gain: 0.05597235112915655
species_8 response curves
getSamples: max memory 477626368, total allocated 204472320, free 172590376, used 31881944, increment -145049496
Making features
makeFeatures: max memory 477626368, total allocated 204472320, free 170009584, used 34462736, increment 2580792
species_9: 
Regularization values: linear/quadratic/product: 1.000, categorical: 0.515, threshold: 1.910, hinge: 0.500
9 samples
Density: max memory 477626368, total allocated 204472320, free 170009584, used 34462736, increment 0
linearPredictor: max memory 477626368, total allocated 204472320, free 170009584, used 34462736, increment 0
FeaturedSpace: max memory 477626368, total allocated 204472320, free 170009584, used 34462736, increment 0
Sequential: max memory 477626368, total allocated 204472320, free 170009584, used 34462736, increment 0
Initial loss: 9.211239967219019
Initial test loss: 9.211239967219019
80: time = 0.297000 loss = 8.840622 testLoss 9.190908
Resulting gain: 0.37061780482764384
Time since start: 14.57
Projecting...
Writing file C:\Users\aortiz\AppData\Local\Temp\RtmpMjzmQ7\raster\maxent\5346366768\species_9.csv
species_9 response curves
Response curve: only ppt9
Response curve: only tmean9
Response curve: only vpdmax9
Making features
Making features
makeFeatures: max memory 477626368, total allocated 204472320, free 138063784, used 66408536, increment 31945800
species_9 ppt9: 
Regularization values: linear/quadratic/product: 1.000, categorical: 0.515, threshold: 1.910, hinge: 0.500
makeFeatures: max memory 477626368, total allocated 204472320, free 138063784, used 66408536, increment 0
species_9 tmean9: 
Regularization values: linear/quadratic/product: 1.000, categorical: 0.515, threshold: 1.910, hinge: 0.500
9 samples
9 samples
Density: max memory 477626368, total allocated 204472320, free 138063784, used 66408536, increment 0
Density: max memory 477626368, total allocated 204472320, free 138063784, used 66408536, increment 0
linearPredictor: max memory 477626368, total allocated 204472320, free 138063784, used 66408536, increment 0
linearPredictor: max memory 477626368, total allocated 204472320, free 138063784, used 66408536, increment 0
FeaturedSpace: max memory 477626368, total allocated 204472320, free 138063784, used 66408536, increment 0
FeaturedSpace: max memory 477626368, total allocated 204472320, free 138063784, used 66408536, increment 0
Sequential: max memory 477626368, total allocated 204472320, free 138063784, used 66408536, increment 0
Sequential: max memory 477626368, total allocated 204472320, free 138063784, used 66408536, increment 0
Initial loss: 9.211239967219019
Initial loss: 9.211239967219019
40: time = 0.200000 loss = 9.210707
Resulting gain: 5.332821617383132E-4
species_9 response curves
60: time = 0.232000 loss = 8.850952
Resulting gain: 0.3602875873927811
species_9 response curves
Making features
makeFeatures: max memory 477626368, total allocated 204472320, free 130614976, used 73857344, increment 7448808
species_9 vpdmax9: 
Regularization values: linear/quadratic/product: 1.000, categorical: 0.515, threshold: 1.910, hinge: 0.500
9 samples
Density: max memory 477626368, total allocated 204472320, free 130534888, used 73937432, increment 80088
linearPredictor: max memory 477626368, total allocated 204472320, free 130454800, used 74017520, increment 80088
FeaturedSpace: max memory 477626368, total allocated 204472320, free 130454800, used 74017520, increment 0
Sequential: max memory 477626368, total allocated 204472320, free 130454800, used 74017520, increment 0
Initial loss: 9.211239967219019
60: time = 0.215000 loss = 9.004039
Resulting gain: 0.20720126000575867
species_9 response curves
Time since start: 15.929
Reading file absence
readGrid: max memory 477626368, total allocated 204472320, free 67669040, used 136803280, increment 62785760
Reading file absence
readGrid: max memory 477626368, total allocated 198180864, free 168747104, used 29433760, increment -107369520
Reading file absence
readGrid: max memory 477626368, total allocated 198180864, free 123884176, used 74296688, increment 44862928
Reading file absence
readGrid: max memory 477626368, total allocated 198180864, free 79021272, used 119159592, increment 44862904
Reading file absence
readGrid: max memory 477626368, total allocated 198180864, free 34158376, used 164022488, increment 44862896
Reading file absence
readGrid: max memory 477626368, total allocated 208666624, free 142539024, used 66127600, increment -97894888
Reading file absence
readGrid: max memory 477626368, total allocated 208666624, free 97378944, used 111287680, increment 45160080
Reading file absence
readGrid: max memory 477626368, total allocated 208666624, free 52193888, used 156472736, increment 45185056
Reading file absence
readGrid: max memory 477626368, total allocated 210239488, free 163350512, used 46888976, increment -109583760
Reading file absence
readGrid: max memory 477626368, total allocated 210239488, free 116402560, used 93836928, increment 46947952
Creating average grid, stddev grid etc.
Writing file C:\Users\aortiz\AppData\Local\Temp\RtmpMjzmQ7\raster\maxent\5346366768\species_avg.csv
Writing file C:\Users\aortiz\AppData\Local\Temp\RtmpMjzmQ7\raster\maxent\5346366768\species_stddev.csv
Writing file C:\Users\aortiz\AppData\Local\Temp\RtmpMjzmQ7\raster\maxent\5346366768\species_min.csv
Writing file C:\Users\aortiz\AppData\Local\Temp\RtmpMjzmQ7\raster\maxent\5346366768\species_max.csv
Writing file C:\Users\aortiz\AppData\Local\Temp\RtmpMjzmQ7\raster\maxent\5346366768\species_median.csv
species average response curves
Time since start: 17.364
Ending
