Wed Sep 13 13:45:58 CDT 2017
MaxEnt version 3.4.0
Reading file absence
readGrid: max memory 477626368, total allocated 216530944, free 143617064, used 72913880, increment 3159512
Reading samples from presence
Read samples: max memory 477626368, total allocated 216530944, free 96226456, used 120304488, increment 47390608
Adding samples to background in feature space
Command line used:  autorun -e C:\Users\aortiz\AppData\Local\Temp\RtmpIvwHOd/raster/maxent/7912898770/absence -o C:\Users\aortiz\AppData\Local\Temp\RtmpIvwHOd/raster/maxent/7912898770 -s C:\Users\aortiz\AppData\Local\Temp\RtmpIvwHOd/raster/maxent/7912898770/presence -z randomseed=true threads=2 responsecurves=true randomtestpoints=0 replicates=9 replicatetype=crossvalidate maximumiterations=1000 -J
Command line to repeat: java density.MaxEnt nowarnings noprefixes responsecurves jackknife outputdirectory=C:\Users\aortiz\AppData\Local\Temp\RtmpIvwHOd/raster/maxent/7912898770 samplesfile=C:\Users\aortiz\AppData\Local\Temp\RtmpIvwHOd/raster/maxent/7912898770/presence environmentallayers=C:\Users\aortiz\AppData\Local\Temp\RtmpIvwHOd/raster/maxent/7912898770/absence randomseed replicates=9 autorun novisible maximumiterations=1000 threads=2
Species: species_0 species_1 species_2 species_3 species_4 species_5 species_6 species_7 species_8
Layers: ppt9 tmean9 vpdmax9
Layertypes: Continuous Continuous Continuous
responsecurves: true
jackknife: true
outputdirectory: C:\Users\aortiz\AppData\Local\Temp\RtmpIvwHOd/raster/maxent/7912898770
samplesfile: C:\Users\aortiz\AppData\Local\Temp\RtmpIvwHOd/raster/maxent/7912898770/presence
environmentallayers: C:\Users\aortiz\AppData\Local\Temp\RtmpIvwHOd/raster/maxent/7912898770/absence
randomseed: true
replicates: 9
autorun: true
visible: false
maximumiterations: 1000
threads: 2

getSamples: max memory 477626368, total allocated 216530944, free 96226456, used 120304488, increment 0
Making features
makeFeatures: max memory 477626368, total allocated 216530944, free 96226456, used 120304488, increment 0
species_0: 
Regularization values: linear/quadratic/product: 1.000, categorical: 0.530, threshold: 1.920, hinge: 0.500
8 samples
Density: max memory 477626368, total allocated 216530944, free 96226456, used 120304488, increment 0
linearPredictor: max memory 477626368, total allocated 216530944, free 96226456, used 120304488, increment 0
FeaturedSpace: max memory 477626368, total allocated 216530944, free 96217088, used 120313856, increment 9368
Sequential: max memory 477626368, total allocated 216530944, free 96217088, used 120313856, increment 0
Initial loss: 9.211140052146748
Initial test loss: 9.211140052146748
60: time = 0.332000 loss = 9.179232 testLoss 8.951881
Resulting gain: 0.03190766033526593
Projecting...
Writing file C:\Users\aortiz\AppData\Local\Temp\RtmpIvwHOd\raster\maxent\7912898770\species_0.csv
species_0 response curves
Time since start: 1.103
Response curve: only ppt9
Response curve: only tmean9
Response curve: only vpdmax9
Making features
Making features
makeFeatures: max memory 477626368, total allocated 216530944, free 62247232, used 154283712, increment 33969856
species_0 tmean9: 
makeFeatures: max memory 477626368, total allocated 216530944, free 62247232, used 154283712, increment 0
species_0 ppt9: 
Regularization values: linear/quadratic/product: 1.000, categorical: 0.530, threshold: 1.920, hinge: 0.500
Regularization values: linear/quadratic/product: 1.000, categorical: 0.530, threshold: 1.920, hinge: 0.500
8 samples
8 samples
Density: max memory 477626368, total allocated 216530944, free 62247232, used 154283712, increment 0
Density: max memory 477626368, total allocated 216530944, free 62247232, used 154283712, increment 0
linearPredictor: max memory 477626368, total allocated 216530944, free 62247232, used 154283712, increment 0
linearPredictor: max memory 477626368, total allocated 216530944, free 62247232, used 154283712, increment 0
FeaturedSpace: max memory 477626368, total allocated 216530944, free 62247232, used 154283712, increment 0
FeaturedSpace: max memory 477626368, total allocated 216530944, free 62247232, used 154283712, increment 0
Sequential: max memory 477626368, total allocated 216530944, free 62247232, used 154283712, increment 0
Sequential: max memory 477626368, total allocated 216530944, free 62247232, used 154283712, increment 0
Initial loss: 9.211140052146748
Initial loss: 9.211140052146748
20: time = 0.137000 loss = 9.211140
Resulting gain: 0.0
species_0 response curves
Making features
makeFeatures: max memory 477626368, total allocated 216530944, free 58962760, used 157568184, increment 3284472
species_0 vpdmax9: 
Regularization values: linear/quadratic/product: 1.000, categorical: 0.530, threshold: 1.920, hinge: 0.500
8 samples
Density: max memory 477626368, total allocated 216530944, free 58962760, used 157568184, increment 0
linearPredictor: max memory 477626368, total allocated 216530944, free 58962760, used 157568184, increment 0
FeaturedSpace: max memory 477626368, total allocated 216530944, free 58962760, used 157568184, increment 0
Sequential: max memory 477626368, total allocated 216530944, free 58962760, used 157568184, increment 0
Initial loss: 9.211140052146748
60: time = 0.295000 loss = 9.179232
Resulting gain: 0.03190766033526593
species_0 response curves
20: time = 0.087000 loss = 9.211124
Resulting gain: 1.63080047723696E-5
species_0 response curves
Jackknife: leave ppt9 out
Jackknife: leave tmean9 out
Jackknife: leave vpdmax9 out
Jackknife: only ppt9
Jackknife: only tmean9
Jackknife: only vpdmax9
Making features
Making features
makeFeatures: max memory 477626368, total allocated 216530944, free 40233496, used 176297448, increment 18729264
species_0 tmean9: 
Regularization values: linear/quadratic/product: 1.000, categorical: 0.530, threshold: 1.920, hinge: 0.500
8 samples
Density: max memory 477626368, total allocated 216530944, free 40233496, used 176297448, increment 0
linearPredictor: max memory 477626368, total allocated 216530944, free 40233496, used 176297448, increment 0
FeaturedSpace: max memory 477626368, total allocated 216530944, free 40233496, used 176297448, increment 0
Sequential: max memory 477626368, total allocated 216530944, free 40233496, used 176297448, increment 0
Initial loss: 9.211140052146748
Initial test loss: 9.211140052146748
makeFeatures: max memory 477626368, total allocated 216530944, free 40233496, used 176297448, increment 0
species_0 ppt9: 
Regularization values: linear/quadratic/product: 1.000, categorical: 0.530, threshold: 1.920, hinge: 0.500
8 samples
Density: max memory 477626368, total allocated 216530944, free 40233496, used 176297448, increment 0
linearPredictor: max memory 477626368, total allocated 216530944, free 40233496, used 176297448, increment 0
FeaturedSpace: max memory 477626368, total allocated 216530944, free 40233496, used 176297448, increment 0
Sequential: max memory 477626368, total allocated 216530944, free 40233496, used 176297448, increment 0
Initial loss: 9.211140052146748
Initial test loss: 9.211140052146748
20: time = 0.085000 loss = 9.211124 testLoss 9.207494
Making features
makeFeatures: max memory 477626368, total allocated 216530944, free 39833096, used 176697848, increment 400400
species_0 vpdmax9: 
Regularization values: linear/quadratic/product: 1.000, categorical: 0.530, threshold: 1.920, hinge: 0.500
8 samples
Density: max memory 477626368, total allocated 216530944, free 39753016, used 176777928, increment 80080
linearPredictor: max memory 477626368, total allocated 216530944, free 39672936, used 176858008, increment 80080
FeaturedSpace: max memory 477626368, total allocated 216530944, free 39672936, used 176858008, increment 0
Sequential: max memory 477626368, total allocated 216530944, free 39672936, used 176858008, increment 0
Initial loss: 9.211140052146748
Initial test loss: 9.211140052146748
60: time = 0.348000 loss = 9.179232 testLoss 8.951881
Making features
makeFeatures: max memory 477626368, total allocated 216530944, free 39672936, used 176858008, increment 0
species_0 ppt9: 
Regularization values: linear/quadratic/product: 1.000, categorical: 0.530, threshold: 1.920, hinge: 0.500
8 samples
Density: max memory 477626368, total allocated 216530944, free 39672936, used 176858008, increment 0
linearPredictor: max memory 477626368, total allocated 216530944, free 39672936, used 176858008, increment 0
FeaturedSpace: max memory 477626368, total allocated 216530944, free 39672936, used 176858008, increment 0
Sequential: max memory 477626368, total allocated 216530944, free 39672936, used 176858008, increment 0
Initial loss: 9.211140052146748
Initial test loss: 9.211140052146748
Time since start: 2.178
60: time = 0.385000 loss = 9.179232 testLoss 8.951881
Making features
makeFeatures: max memory 477626368, total allocated 216530944, free 38030440, used 178500504, increment 1642496
species_0 tmean9: 
Regularization values: linear/quadratic/product: 1.000, categorical: 0.530, threshold: 1.920, hinge: 0.500
8 samples
Density: max memory 477626368, total allocated 216530944, free 38030440, used 178500504, increment 0
linearPredictor: max memory 477626368, total allocated 216530944, free 38030440, used 178500504, increment 0
FeaturedSpace: max memory 477626368, total allocated 216530944, free 38030440, used 178500504, increment 0
Sequential: max memory 477626368, total allocated 216530944, free 38030440, used 178500504, increment 0
Initial loss: 9.211140052146748
Initial test loss: 9.211140052146748
20: time = 0.127000 loss = 9.211140 testLoss 9.211140
Res.gain: 0.0
Making features
makeFeatures: max memory 477626368, total allocated 216530944, free 36389400, used 180141544, increment 1641040
species_0 vpdmax9: 
Regularization values: linear/quadratic/product: 1.000, categorical: 0.530, threshold: 1.920, hinge: 0.500
8 samples
Density: max memory 477626368, total allocated 216530944, free 36389400, used 180141544, increment 0
linearPredictor: max memory 477626368, total allocated 216530944, free 36389400, used 180141544, increment 0
FeaturedSpace: max memory 477626368, total allocated 216530944, free 36389400, used 180141544, increment 0
Sequential: max memory 477626368, total allocated 216530944, free 36389400, used 180141544, increment 0
Initial loss: 9.211140052146748
Initial test loss: 9.211140052146748
20: time = 0.086000 loss = 9.211124 testLoss 9.207494
Res.gain: 1.63080047723696E-5
60: time = 0.283000 loss = 9.179232 testLoss 8.951881
Res.gain: 0.03190766033526593
getSamples: max memory 477626368, total allocated 216530944, free 32706440, used 183824504, increment 3682960
Making features
makeFeatures: max memory 477626368, total allocated 216530944, free 29467032, used 187063912, increment 3239408
species_1: 
Regularization values: linear/quadratic/product: 1.000, categorical: 0.530, threshold: 1.920, hinge: 0.500
8 samples
Density: max memory 477626368, total allocated 216530944, free 29467032, used 187063912, increment 0
linearPredictor: max memory 477626368, total allocated 216530944, free 29467032, used 187063912, increment 0
FeaturedSpace: max memory 477626368, total allocated 216530944, free 29467032, used 187063912, increment 0
Sequential: max memory 477626368, total allocated 216530944, free 29467032, used 187063912, increment 0
Initial loss: 9.211140052146748
Initial test loss: 9.211140052146748
60: time = 0.338000 loss = 9.167051 testLoss 9.037558
Resulting gain: 0.04408954675056265
Time since start: 3.537
Projecting...
Writing file C:\Users\aortiz\AppData\Local\Temp\RtmpIvwHOd\raster\maxent\7912898770\species_1.csv
species_1 response curves
Response curve: only ppt9
Response curve: only tmean9
Response curve: only vpdmax9
Making features
Making features
makeFeatures: max memory 477626368, total allocated 214433792, free 156932280, used 57501512, increment -129562400
species_1 ppt9: 
makeFeatures: max memory 477626368, total allocated 214433792, free 156932280, used 57501512, increment -129562400
species_1 tmean9: 
Regularization values: linear/quadratic/product: 1.000, categorical: 0.530, threshold: 1.920, hinge: 0.500
Regularization values: linear/quadratic/product: 1.000, categorical: 0.530, threshold: 1.920, hinge: 0.500
8 samples
8 samples
Density: max memory 477626368, total allocated 214433792, free 156932280, used 57501512, increment 0
Density: max memory 477626368, total allocated 214433792, free 156932280, used 57501512, increment 0
linearPredictor: max memory 477626368, total allocated 214433792, free 156932280, used 57501512, increment 0
linearPredictor: max memory 477626368, total allocated 214433792, free 156932280, used 57501512, increment 0
FeaturedSpace: max memory 477626368, total allocated 214433792, free 156932280, used 57501512, increment 0
FeaturedSpace: max memory 477626368, total allocated 214433792, free 156932280, used 57501512, increment 0
Sequential: max memory 477626368, total allocated 214433792, free 156932280, used 57501512, increment 0
Sequential: max memory 477626368, total allocated 214433792, free 156932280, used 57501512, increment 0
Initial loss: 9.211140052146748
Initial loss: 9.211140052146748
20: time = 0.116000 loss = 9.211140
Resulting gain: 0.0
species_1 response curves
Making features
makeFeatures: max memory 477626368, total allocated 214433792, free 153280600, used 61153192, increment 3651680
species_1 vpdmax9: 
Regularization values: linear/quadratic/product: 1.000, categorical: 0.530, threshold: 1.920, hinge: 0.500
8 samples
Density: max memory 477626368, total allocated 214433792, free 153200520, used 61233272, increment 80080
linearPredictor: max memory 477626368, total allocated 214433792, free 153120440, used 61313352, increment 80080
FeaturedSpace: max memory 477626368, total allocated 214433792, free 153120440, used 61313352, increment 0
Sequential: max memory 477626368, total allocated 214433792, free 153120440, used 61313352, increment 0
Initial loss: 9.211140052146748
60: time = 0.278000 loss = 9.167051
Resulting gain: 0.04408954675056442
species_1 response curves
40: time = 0.147000 loss = 9.210872
Resulting gain: 2.6837533452095386E-4
species_1 response curves
Jackknife: leave ppt9 out
Jackknife: leave tmean9 out
Jackknife: leave vpdmax9 out
Jackknife: only ppt9
Jackknife: only tmean9
Jackknife: only vpdmax9
Making features
Making features
makeFeatures: max memory 477626368, total allocated 214433792, free 135106320, used 79327472, increment 18014120
species_1 ppt9: 
Regularization values: linear/quadratic/product: 1.000, categorical: 0.530, threshold: 1.920, hinge: 0.500
8 samples
Density: max memory 477626368, total allocated 214433792, free 135106320, used 79327472, increment 0
linearPredictor: max memory 477626368, total allocated 214433792, free 135106320, used 79327472, increment 0
makeFeatures: max memory 477626368, total allocated 214433792, free 135106320, used 79327472, increment 0
species_1 tmean9: 
Regularization values: linear/quadratic/product: 1.000, categorical: 0.530, threshold: 1.920, hinge: 0.500
8 samples
Density: max memory 477626368, total allocated 214433792, free 135106320, used 79327472, increment 0
linearPredictor: max memory 477626368, total allocated 214433792, free 135026240, used 79407552, increment 80080
FeaturedSpace: max memory 477626368, total allocated 214433792, free 135026240, used 79407552, increment 0
Sequential: max memory 477626368, total allocated 214433792, free 135026240, used 79407552, increment 0
Initial loss: 9.211140052146748
Initial test loss: 9.211140052146748
FeaturedSpace: max memory 477626368, total allocated 214433792, free 135026240, used 79407552, increment 0
Sequential: max memory 477626368, total allocated 214433792, free 135026240, used 79407552, increment 0
Initial loss: 9.211140052146748
Initial test loss: 9.211140052146748
Time since start: 4.665
40: time = 0.169000 loss = 9.210872 testLoss 9.202081
Making features
makeFeatures: max memory 477626368, total allocated 214433792, free 134078000, used 80355792, increment 948240
species_1 vpdmax9: 
Regularization values: linear/quadratic/product: 1.000, categorical: 0.530, threshold: 1.920, hinge: 0.500
8 samples
Density: max memory 477626368, total allocated 214433792, free 133997920, used 80435872, increment 80080
linearPredictor: max memory 477626368, total allocated 214433792, free 133917840, used 80515952, increment 80080
FeaturedSpace: max memory 477626368, total allocated 214433792, free 133917840, used 80515952, increment 0
Sequential: max memory 477626368, total allocated 214433792, free 133917840, used 80515952, increment 0
Initial loss: 9.211140052146748
Initial test loss: 9.211140052146748
60: time = 0.316000 loss = 9.167051 testLoss 9.037558
Making features
makeFeatures: max memory 477626368, total allocated 214433792, free 133837760, used 80596032, increment 80080
species_1 ppt9: 
Regularization values: linear/quadratic/product: 1.000, categorical: 0.530, threshold: 1.920, hinge: 0.500
8 samples
Density: max memory 477626368, total allocated 214433792, free 133757680, used 80676112, increment 80080
linearPredictor: max memory 477626368, total allocated 214433792, free 133677600, used 80756192, increment 80080
FeaturedSpace: max memory 477626368, total allocated 214433792, free 133677600, used 80756192, increment 0
Sequential: max memory 477626368, total allocated 214433792, free 133677600, used 80756192, increment 0
Initial loss: 9.211140052146748
Initial test loss: 9.211140052146748
20: time = 0.129000 loss = 9.211140 testLoss 9.211140
Res.gain: 0.0
Making features
makeFeatures: max memory 477626368, total allocated 214433792, free 132764960, used 81668832, increment 912640
species_1 tmean9: 
Regularization values: linear/quadratic/product: 1.000, categorical: 0.530, threshold: 1.920, hinge: 0.500
8 samples
Density: max memory 477626368, total allocated 214433792, free 132764960, used 81668832, increment 0
linearPredictor: max memory 477626368, total allocated 214433792, free 132764960, used 81668832, increment 0
FeaturedSpace: max memory 477626368, total allocated 214433792, free 132764960, used 81668832, increment 0
Sequential: max memory 477626368, total allocated 214433792, free 132764960, used 81668832, increment 0
Initial loss: 9.211140052146748
Initial test loss: 9.211140052146748
60: time = 0.353000 loss = 9.167051 testLoss 9.037558
Making features
makeFeatures: max memory 477626368, total allocated 214433792, free 131896760, used 82537032, increment 868200
species_1 vpdmax9: 
Regularization values: linear/quadratic/product: 1.000, categorical: 0.530, threshold: 1.920, hinge: 0.500
8 samples
Density: max memory 477626368, total allocated 214433792, free 131896760, used 82537032, increment 0
linearPredictor: max memory 477626368, total allocated 214433792, free 131896760, used 82537032, increment 0
FeaturedSpace: max memory 477626368, total allocated 214433792, free 131896760, used 82537032, increment 0
Sequential: max memory 477626368, total allocated 214433792, free 131896760, used 82537032, increment 0
Initial loss: 9.211140052146748
Initial test loss: 9.211140052146748
40: time = 0.151000 loss = 9.210872 testLoss 9.202081
Res.gain: 2.6837533452095386E-4
60: time = 0.291000 loss = 9.167051 testLoss 9.037558
Res.gain: 0.04408954675056442
Time since start: 5.882
getSamples: max memory 477626368, total allocated 214433792, free 123227872, used 91205920, increment 8668888
Making features
makeFeatures: max memory 477626368, total allocated 214433792, free 123227872, used 91205920, increment 0
species_2: 
Regularization values: linear/quadratic/product: 1.000, categorical: 0.530, threshold: 1.920, hinge: 0.500
8 samples
Density: max memory 477626368, total allocated 214433792, free 123227872, used 91205920, increment 0
linearPredictor: max memory 477626368, total allocated 214433792, free 123227872, used 91205920, increment 0
FeaturedSpace: max memory 477626368, total allocated 214433792, free 123227872, used 91205920, increment 0
Sequential: max memory 477626368, total allocated 214433792, free 123227872, used 91205920, increment 0
Initial loss: 9.211140052146748
Initial test loss: 9.211140052146748
60: time = 0.328000 loss = 9.169963 testLoss 9.023123
Resulting gain: 0.04117665365563283
Projecting...
Writing file C:\Users\aortiz\AppData\Local\Temp\RtmpIvwHOd\raster\maxent\7912898770\species_2.csv
species_2 response curves
Time since start: 7.081
Response curve: only ppt9
Response curve: only tmean9
Response curve: only vpdmax9
Making features
Making features
makeFeatures: max memory 477626368, total allocated 214433792, free 92077016, used 122356776, increment 31150856
species_2 ppt9: 
Regularization values: linear/quadratic/product: 1.000, categorical: 0.530, threshold: 1.920, hinge: 0.500
8 samples
makeFeatures: max memory 477626368, total allocated 214433792, free 92077016, used 122356776, increment 0
species_2 tmean9: 
Density: max memory 477626368, total allocated 214433792, free 92077016, used 122356776, increment 0
Regularization values: linear/quadratic/product: 1.000, categorical: 0.530, threshold: 1.920, hinge: 0.500
linearPredictor: max memory 477626368, total allocated 214433792, free 92077016, used 122356776, increment 0
8 samples
Density: max memory 477626368, total allocated 214433792, free 92077016, used 122356776, increment 0
linearPredictor: max memory 477626368, total allocated 214433792, free 92077016, used 122356776, increment 0
FeaturedSpace: max memory 477626368, total allocated 214433792, free 92077016, used 122356776, increment 0
Sequential: max memory 477626368, total allocated 214433792, free 92077016, used 122356776, increment 0
Initial loss: 9.211140052146748
FeaturedSpace: max memory 477626368, total allocated 214433792, free 92077016, used 122356776, increment 0
Sequential: max memory 477626368, total allocated 214433792, free 92077016, used 122356776, increment 0
Initial loss: 9.211140052146748
20: time = 0.154000 loss = 9.211122
Resulting gain: 1.8337897735420938E-5
species_2 response curves
60: time = 0.270000 loss = 9.170021
Resulting gain: 0.04111937480595884
species_2 response curves
Making features
makeFeatures: max memory 477626368, total allocated 214433792, free 85648512, used 128785280, increment 6428504
species_2 vpdmax9: 
Regularization values: linear/quadratic/product: 1.000, categorical: 0.530, threshold: 1.920, hinge: 0.500
8 samples
Density: max memory 477626368, total allocated 214433792, free 85648512, used 128785280, increment 0
linearPredictor: max memory 477626368, total allocated 214433792, free 85648512, used 128785280, increment 0
FeaturedSpace: max memory 477626368, total allocated 214433792, free 85648512, used 128785280, increment 0
Sequential: max memory 477626368, total allocated 214433792, free 85648512, used 128785280, increment 0
Initial loss: 9.211140052146748
40: time = 0.153000 loss = 9.210842
Resulting gain: 2.984745948673151E-4
species_2 response curves
Jackknife: leave ppt9 out
Jackknife: leave tmean9 out
Jackknife: leave vpdmax9 out
Jackknife: only ppt9
Jackknife: only tmean9
Jackknife: only vpdmax9
Making features
Making features
makeFeatures: max memory 477626368, total allocated 214433792, free 69705944, used 144727848, increment 15942568
species_2 tmean9: 
Regularization values: linear/quadratic/product: 1.000, categorical: 0.530, threshold: 1.920, hinge: 0.500
8 samples
Density: max memory 477626368, total allocated 214433792, free 69705944, used 144727848, increment 0
linearPredictor: max memory 477626368, total allocated 214433792, free 69705944, used 144727848, increment 0
makeFeatures: max memory 477626368, total allocated 214433792, free 69705944, used 144727848, increment 0
species_2 ppt9: 
Regularization values: linear/quadratic/product: 1.000, categorical: 0.530, threshold: 1.920, hinge: 0.500
8 samples
Density: max memory 477626368, total allocated 214433792, free 69705944, used 144727848, increment 0
linearPredictor: max memory 477626368, total allocated 214433792, free 69705944, used 144727848, increment 0
FeaturedSpace: max memory 477626368, total allocated 214433792, free 69705944, used 144727848, increment 0
Sequential: max memory 477626368, total allocated 214433792, free 69705944, used 144727848, increment 0
Initial loss: 9.211140052146748
Initial test loss: 9.211140052146748
FeaturedSpace: max memory 477626368, total allocated 214433792, free 69705944, used 144727848, increment 0
Sequential: max memory 477626368, total allocated 214433792, free 69705944, used 144727848, increment 0
Initial loss: 9.211140052146748
Initial test loss: 9.211140052146748
60: time = 0.170000 loss = 9.210321 testLoss 9.216843
Making features
makeFeatures: max memory 477626368, total allocated 214433792, free 68837808, used 145595984, increment 868136
species_2 vpdmax9: 
Regularization values: linear/quadratic/product: 1.000, categorical: 0.530, threshold: 1.920, hinge: 0.500
8 samples
Density: max memory 477626368, total allocated 214433792, free 67889616, used 146544176, increment 948192
linearPredictor: max memory 477626368, total allocated 214433792, free 67889616, used 146544176, increment 0
FeaturedSpace: max memory 477626368, total allocated 214433792, free 67889616, used 146544176, increment 0
Sequential: max memory 477626368, total allocated 214433792, free 67889616, used 146544176, increment 0
Initial loss: 9.211140052146748
Initial test loss: 9.211140052146748
Time since start: 8.216
60: time = 0.334000 loss = 9.170021 testLoss 9.016933
Making features
makeFeatures: max memory 477626368, total allocated 214433792, free 66976976, used 147456816, increment 912640
species_2 ppt9: 
Regularization values: linear/quadratic/product: 1.000, categorical: 0.530, threshold: 1.920, hinge: 0.500
8 samples
Density: max memory 477626368, total allocated 214433792, free 66976976, used 147456816, increment 0
linearPredictor: max memory 477626368, total allocated 214433792, free 66976976, used 147456816, increment 0
FeaturedSpace: max memory 477626368, total allocated 214433792, free 66976976, used 147456816, increment 0
Sequential: max memory 477626368, total allocated 214433792, free 66976976, used 147456816, increment 0
Initial loss: 9.211140052146748
Initial test loss: 9.211140052146748
60: time = 0.247000 loss = 9.169963 testLoss 9.023123
Making features
makeFeatures: max memory 477626368, total allocated 214433792, free 66976976, used 147456816, increment 0
species_2 tmean9: 
Regularization values: linear/quadratic/product: 1.000, categorical: 0.530, threshold: 1.920, hinge: 0.500
8 samples
Density: max memory 477626368, total allocated 214433792, free 66976976, used 147456816, increment 0
linearPredictor: max memory 477626368, total allocated 214433792, free 66028784, used 148405008, increment 948192
FeaturedSpace: max memory 477626368, total allocated 214433792, free 66028784, used 148405008, increment 0
Sequential: max memory 477626368, total allocated 214433792, free 66028784, used 148405008, increment 0
Initial loss: 9.211140052146748
Initial test loss: 9.211140052146748
20: time = 0.147000 loss = 9.211122 testLoss 9.214619
Res.gain: 1.8337897735420938E-5
Making features
makeFeatures: max memory 477626368, total allocated 214433792, free 65116144, used 149317648, increment 912640
species_2 vpdmax9: 
Regularization values: linear/quadratic/product: 1.000, categorical: 0.530, threshold: 1.920, hinge: 0.500
8 samples
Density: max memory 477626368, total allocated 214433792, free 65116144, used 149317648, increment 0
linearPredictor: max memory 477626368, total allocated 214433792, free 65116144, used 149317648, increment 0
FeaturedSpace: max memory 477626368, total allocated 214433792, free 65116144, used 149317648, increment 0
Sequential: max memory 477626368, total allocated 214433792, free 65116144, used 149317648, increment 0
Initial loss: 9.211140052146748
Initial test loss: 9.211140052146748
40: time = 0.149000 loss = 9.210842 testLoss 9.201873
Res.gain: 2.984745948673151E-4
60: time = 0.285000 loss = 9.170021 testLoss 9.016933
Res.gain: 0.04111937480595884
getSamples: max memory 477626368, total allocated 214433792, free 57798736, used 156635056, increment 7317408
Making features
makeFeatures: max memory 477626368, total allocated 214433792, free 57798736, used 156635056, increment 0
species_3: 
Regularization values: linear/quadratic/product: 1.000, categorical: 0.530, threshold: 1.920, hinge: 0.500
8 samples
Density: max memory 477626368, total allocated 214433792, free 57798736, used 156635056, increment 0
linearPredictor: max memory 477626368, total allocated 214433792, free 57798736, used 156635056, increment 0
FeaturedSpace: max memory 477626368, total allocated 214433792, free 57798736, used 156635056, increment 0
Sequential: max memory 477626368, total allocated 214433792, free 57798736, used 156635056, increment 0
Initial loss: 9.211140052146748
Initial test loss: 9.211140052146748
60: time = 0.353000 loss = 9.171932 testLoss 9.003630
Resulting gain: 0.03920807201115828
Time since start: 9.424
Projecting...
Writing file C:\Users\aortiz\AppData\Local\Temp\RtmpIvwHOd\raster\maxent\7912898770\species_3.csv
species_3 response curves
Response curve: only ppt9
Response curve: only tmean9
Response curve: only vpdmax9
Making features
Making features
makeFeatures: max memory 477626368, total allocated 214433792, free 26583520, used 187850272, increment 31215216
species_3 ppt9: 
Regularization values: linear/quadratic/product: 1.000, categorical: 0.530, threshold: 1.920, hinge: 0.500
makeFeatures: max memory 477626368, total allocated 214433792, free 26583520, used 187850272, increment 0
species_3 tmean9: 
8 samples
Regularization values: linear/quadratic/product: 1.000, categorical: 0.530, threshold: 1.920, hinge: 0.500
8 samples
Density: max memory 477626368, total allocated 214433792, free 26583520, used 187850272, increment 0
linearPredictor: max memory 477626368, total allocated 214433792, free 26583520, used 187850272, increment 0
Density: max memory 477626368, total allocated 214433792, free 26583520, used 187850272, increment 0
linearPredictor: max memory 477626368, total allocated 214433792, free 26583520, used 187850272, increment 0
FeaturedSpace: max memory 477626368, total allocated 214433792, free 26583520, used 187850272, increment 0
FeaturedSpace: max memory 477626368, total allocated 214433792, free 26583520, used 187850272, increment 0
Sequential: max memory 477626368, total allocated 214433792, free 25715392, used 188718400, increment 868128
Sequential: max memory 477626368, total allocated 214433792, free 25715392, used 188718400, increment 868128
Initial loss: 9.211140052146748
Initial loss: 9.211140052146748
20: time = 0.119000 loss = 9.211140
Resulting gain: 0.0
species_3 response curves
Making features
makeFeatures: max memory 477626368, total allocated 214433792, free 21854824, used 192578968, increment 3860568
species_3 vpdmax9: 
Regularization values: linear/quadratic/product: 1.000, categorical: 0.530, threshold: 1.920, hinge: 0.500
8 samples
Density: max memory 477626368, total allocated 214433792, free 21774744, used 192659048, increment 80080
linearPredictor: max memory 477626368, total allocated 214433792, free 21694664, used 192739128, increment 80080
FeaturedSpace: max memory 477626368, total allocated 214433792, free 21694664, used 192739128, increment 0
Sequential: max memory 477626368, total allocated 214433792, free 21694664, used 192739128, increment 0
Initial loss: 9.211140052146748
60: time = 0.272000 loss = 9.171932
Resulting gain: 0.03920807201115828
species_3 response curves
20: time = 0.084000 loss = 9.211040
Resulting gain: 1.0033931013708752E-4
species_3 response curves
Time since start: 10.428
Jackknife: leave ppt9 out
Jackknife: leave tmean9 out
Jackknife: leave vpdmax9 out
Jackknife: only ppt9
Jackknife: only tmean9
Jackknife: only vpdmax9
Making features
Making features
makeFeatures: max memory 477626368, total allocated 204472320, free 156604968, used 47867352, increment -144871776
species_3 ppt9: 
Regularization values: linear/quadratic/product: 1.000, categorical: 0.530, threshold: 1.920, hinge: 0.500
makeFeatures: max memory 477626368, total allocated 204472320, free 156604968, used 47867352, increment 0
species_3 tmean9: 
8 samples
Regularization values: linear/quadratic/product: 1.000, categorical: 0.530, threshold: 1.920, hinge: 0.500
Density: max memory 477626368, total allocated 204472320, free 156604968, used 47867352, increment 0
8 samples
linearPredictor: max memory 477626368, total allocated 204472320, free 156604968, used 47867352, increment 0
Density: max memory 477626368, total allocated 204472320, free 156604968, used 47867352, increment 0
linearPredictor: max memory 477626368, total allocated 204472320, free 155797208, used 48675112, increment 807760
FeaturedSpace: max memory 477626368, total allocated 204472320, free 155797208, used 48675112, increment 0
Sequential: max memory 477626368, total allocated 204472320, free 155797208, used 48675112, increment 0
Initial loss: 9.211140052146748
Initial test loss: 9.211140052146748
FeaturedSpace: max memory 477626368, total allocated 204472320, free 155797208, used 48675112, increment 0
Sequential: max memory 477626368, total allocated 204472320, free 155797208, used 48675112, increment 0
Initial loss: 9.211140052146748
Initial test loss: 9.211140052146748
20: time = 0.097000 loss = 9.211040 testLoss 9.204777
Making features
makeFeatures: max memory 477626368, total allocated 204472320, free 155556968, used 48915352, increment 240240
species_3 vpdmax9: 
Regularization values: linear/quadratic/product: 1.000, categorical: 0.530, threshold: 1.920, hinge: 0.500
8 samples
Density: max memory 477626368, total allocated 204472320, free 155476888, used 48995432, increment 80080
linearPredictor: max memory 477626368, total allocated 204472320, free 155396808, used 49075512, increment 80080
FeaturedSpace: max memory 477626368, total allocated 204472320, free 155396808, used 49075512, increment 0
Sequential: max memory 477626368, total allocated 204472320, free 155396808, used 49075512, increment 0
Initial loss: 9.211140052146748
Initial test loss: 9.211140052146748
60: time = 0.350000 loss = 9.171932 testLoss 9.003630
Making features
makeFeatures: max memory 477626368, total allocated 204472320, free 154648648, used 49823672, increment 748160
species_3 ppt9: 
Regularization values: linear/quadratic/product: 1.000, categorical: 0.530, threshold: 1.920, hinge: 0.500
8 samples
Density: max memory 477626368, total allocated 204472320, free 154648648, used 49823672, increment 0
linearPredictor: max memory 477626368, total allocated 204472320, free 154648648, used 49823672, increment 0
FeaturedSpace: max memory 477626368, total allocated 204472320, free 154648648, used 49823672, increment 0
Sequential: max memory 477626368, total allocated 204472320, free 154648648, used 49823672, increment 0
Initial loss: 9.211140052146748
Initial test loss: 9.211140052146748
60: time = 0.341000 loss = 9.171932 testLoss 9.003630
Making features
makeFeatures: max memory 477626368, total allocated 204472320, free 153920912, used 50551408, increment 727736
species_3 tmean9: 
Regularization values: linear/quadratic/product: 1.000, categorical: 0.530, threshold: 1.920, hinge: 0.500
8 samples
Density: max memory 477626368, total allocated 204472320, free 153840832, used 50631488, increment 80080
linearPredictor: max memory 477626368, total allocated 204472320, free 153760752, used 50711568, increment 80080
FeaturedSpace: max memory 477626368, total allocated 204472320, free 153760752, used 50711568, increment 0
Sequential: max memory 477626368, total allocated 204472320, free 153760752, used 50711568, increment 0
Initial loss: 9.211140052146748
Initial test loss: 9.211140052146748
20: time = 0.120000 loss = 9.211140 testLoss 9.211140
Res.gain: 0.0
Making features
makeFeatures: max memory 477626368, total allocated 204472320, free 153029240, used 51443080, increment 731512
species_3 vpdmax9: 
Regularization values: linear/quadratic/product: 1.000, categorical: 0.530, threshold: 1.920, hinge: 0.500
8 samples
Density: max memory 477626368, total allocated 204472320, free 153029240, used 51443080, increment 0
linearPredictor: max memory 477626368, total allocated 204472320, free 152217672, used 52254648, increment 811568
FeaturedSpace: max memory 477626368, total allocated 204472320, free 152217672, used 52254648, increment 0
Sequential: max memory 477626368, total allocated 204472320, free 152217672, used 52254648, increment 0
Initial loss: 9.211140052146748
Initial test loss: 9.211140052146748
20: time = 0.075000 loss = 9.211040 testLoss 9.204777
Res.gain: 1.0033931013708752E-4
60: time = 0.262000 loss = 9.171932 testLoss 9.003630
Res.gain: 0.03920807201115828
getSamples: max memory 477626368, total allocated 204472320, free 146418864, used 58053456, increment 5798808
Making features
makeFeatures: max memory 477626368, total allocated 204472320, free 146418864, used 58053456, increment 0
species_4: 
Regularization values: linear/quadratic/product: 1.000, categorical: 0.530, threshold: 1.920, hinge: 0.500
8 samples
Density: max memory 477626368, total allocated 204472320, free 146418864, used 58053456, increment 0
linearPredictor: max memory 477626368, total allocated 204472320, free 146418864, used 58053456, increment 0
FeaturedSpace: max memory 477626368, total allocated 204472320, free 146418864, used 58053456, increment 0
Sequential: max memory 477626368, total allocated 204472320, free 146418864, used 58053456, increment 0
Initial loss: 9.211140052146748
Initial test loss: 9.211140052146748
Time since start: 11.671
60: time = 0.369000 loss = 9.178964 testLoss 8.953840
Resulting gain: 0.03217638703159231
Projecting...
Writing file C:\Users\aortiz\AppData\Local\Temp\RtmpIvwHOd\raster\maxent\7912898770\species_4.csv
species_4 response curves
Response curve: only ppt9
Response curve: only tmean9
Response curve: only vpdmax9
Making features
Making features
makeFeatures: max memory 477626368, total allocated 204472320, free 114117232, used 90355088, increment 32301632
species_4 tmean9: 
Regularization values: linear/quadratic/product: 1.000, categorical: 0.530, threshold: 1.920, hinge: 0.500
8 samples
Density: max memory 477626368, total allocated 204472320, free 114117232, used 90355088, increment 0
linearPredictor: max memory 477626368, total allocated 204472320, free 113309472, used 91162848, increment 807760
makeFeatures: max memory 477626368, total allocated 204472320, free 113309472, used 91162848, increment 0
species_4 ppt9: 
Regularization values: linear/quadratic/product: 1.000, categorical: 0.530, threshold: 1.920, hinge: 0.500
8 samples
Density: max memory 477626368, total allocated 204472320, free 113229392, used 91242928, increment 80080
linearPredictor: max memory 477626368, total allocated 204472320, free 113149312, used 91323008, increment 80080
FeaturedSpace: max memory 477626368, total allocated 204472320, free 113149312, used 91323008, increment 0
Sequential: max memory 477626368, total allocated 204472320, free 113149312, used 91323008, increment 0
Initial loss: 9.211140052146748
FeaturedSpace: max memory 477626368, total allocated 204472320, free 113149312, used 91323008, increment 0
Sequential: max memory 477626368, total allocated 204472320, free 113149312, used 91323008, increment 0
Initial loss: 9.211140052146748
20: time = 0.114000 loss = 9.211140
Resulting gain: 0.0
species_4 response curves
Making features
makeFeatures: max memory 477626368, total allocated 204472320, free 108519728, used 95952592, increment 4629584
species_4 vpdmax9: 
Regularization values: linear/quadratic/product: 1.000, categorical: 0.530, threshold: 1.920, hinge: 0.500
8 samples
Density: max memory 477626368, total allocated 204472320, free 108519728, used 95952592, increment 0
linearPredictor: max memory 477626368, total allocated 204472320, free 108519728, used 95952592, increment 0
FeaturedSpace: max memory 477626368, total allocated 204472320, free 108519728, used 95952592, increment 0
Sequential: max memory 477626368, total allocated 204472320, free 108519728, used 95952592, increment 0
Initial loss: 9.211140052146748
60: time = 0.316000 loss = 9.178964
Resulting gain: 0.03217638703159231
species_4 response curves
Time since start: 12.688
40: time = 0.147000 loss = 9.210778
Resulting gain: 3.6217187353315694E-4
species_4 response curves
Jackknife: leave ppt9 out
Jackknife: leave tmean9 out
Jackknife: leave vpdmax9 out
Jackknife: only ppt9
Jackknife: only tmean9
Jackknife: only vpdmax9
Making features
Making features
makeFeatures: max memory 477626368, total allocated 204472320, free 92912304, used 111560016, increment 15607424
species_4 tmean9: 
makeFeatures: max memory 477626368, total allocated 204472320, free 92912304, used 111560016, increment 0
species_4 ppt9: 
Regularization values: linear/quadratic/product: 1.000, categorical: 0.530, threshold: 1.920, hinge: 0.500
Regularization values: linear/quadratic/product: 1.000, categorical: 0.530, threshold: 1.920, hinge: 0.500
8 samples
8 samples
Density: max memory 477626368, total allocated 204472320, free 92832224, used 111640096, increment 80080
linearPredictor: max memory 477626368, total allocated 204472320, free 92752144, used 111720176, increment 80080
Density: max memory 477626368, total allocated 204472320, free 92752144, used 111720176, increment 0
linearPredictor: max memory 477626368, total allocated 204472320, free 92672064, used 111800256, increment 80080
FeaturedSpace: max memory 477626368, total allocated 204472320, free 92672064, used 111800256, increment 0
FeaturedSpace: max memory 477626368, total allocated 204472320, free 92672064, used 111800256, increment 0
Sequential: max memory 477626368, total allocated 204472320, free 92672064, used 111800256, increment 0
Sequential: max memory 477626368, total allocated 204472320, free 92672064, used 111800256, increment 0
Initial loss: 9.211140052146748
Initial test loss: 9.211140052146748
Initial loss: 9.211140052146748
Initial test loss: 9.211140052146748
40: time = 0.154000 loss = 9.210778 testLoss 9.201542
Making features
makeFeatures: max memory 477626368, total allocated 204472320, free 91700312, used 112772008, increment 971752
species_4 vpdmax9: 
Regularization values: linear/quadratic/product: 1.000, categorical: 0.530, threshold: 1.920, hinge: 0.500
8 samples
Density: max memory 477626368, total allocated 204472320, free 91620232, used 112852088, increment 80080
linearPredictor: max memory 477626368, total allocated 204472320, free 91540152, used 112932168, increment 80080
FeaturedSpace: max memory 477626368, total allocated 204472320, free 91540152, used 112932168, increment 0
Sequential: max memory 477626368, total allocated 204472320, free 91540152, used 112932168, increment 0
Initial loss: 9.211140052146748
Initial test loss: 9.211140052146748
60: time = 0.338000 loss = 9.178964 testLoss 8.953840
Making features
makeFeatures: max memory 477626368, total allocated 204472320, free 90807520, used 113664800, increment 732632
species_4 ppt9: 
Regularization values: linear/quadratic/product: 1.000, categorical: 0.530, threshold: 1.920, hinge: 0.500
8 samples
Density: max memory 477626368, total allocated 204472320, free 90807520, used 113664800, increment 0
linearPredictor: max memory 477626368, total allocated 204472320, free 90727440, used 113744880, increment 80080
FeaturedSpace: max memory 477626368, total allocated 204472320, free 90727440, used 113744880, increment 0
Sequential: max memory 477626368, total allocated 204472320, free 90727440, used 113744880, increment 0
Initial loss: 9.211140052146748
Initial test loss: 9.211140052146748
20: time = 0.132000 loss = 9.211140 testLoss 9.211140
Res.gain: 0.0
Making features
makeFeatures: max memory 477626368, total allocated 204472320, free 89999304, used 114473016, increment 728136
species_4 tmean9: 
Regularization values: linear/quadratic/product: 1.000, categorical: 0.530, threshold: 1.920, hinge: 0.500
8 samples
Density: max memory 477626368, total allocated 204472320, free 89919224, used 114553096, increment 80080
linearPredictor: max memory 477626368, total allocated 204472320, free 89839144, used 114633176, increment 80080
FeaturedSpace: max memory 477626368, total allocated 204472320, free 89839144, used 114633176, increment 0
Sequential: max memory 477626368, total allocated 204472320, free 89839144, used 114633176, increment 0
Initial loss: 9.211140052146748
Initial test loss: 9.211140052146748
60: time = 0.354000 loss = 9.178964 testLoss 8.953840
Making features
makeFeatures: max memory 477626368, total allocated 204472320, free 89107632, used 115364688, increment 731512
species_4 vpdmax9: 
Regularization values: linear/quadratic/product: 1.000, categorical: 0.530, threshold: 1.920, hinge: 0.500
8 samples
Density: max memory 477626368, total allocated 204472320, free 89027552, used 115444768, increment 80080
linearPredictor: max memory 477626368, total allocated 204472320, free 88947472, used 115524848, increment 80080
FeaturedSpace: max memory 477626368, total allocated 204472320, free 88947472, used 115524848, increment 0
Sequential: max memory 477626368, total allocated 204472320, free 88947472, used 115524848, increment 0
Initial loss: 9.211140052146748
Initial test loss: 9.211140052146748
40: time = 0.147000 loss = 9.210778 testLoss 9.201542
Res.gain: 3.6217187353315694E-4
Time since start: 13.721
60: time = 0.331000 loss = 9.178964 testLoss 8.953840
Res.gain: 0.03217638703159231
getSamples: max memory 477626368, total allocated 204472320, free 81893600, used 122578720, increment 7053872
Making features
makeFeatures: max memory 477626368, total allocated 204472320, free 79281880, used 125190440, increment 2611720
species_5: 
Regularization values: linear/quadratic/product: 1.000, categorical: 0.530, threshold: 1.920, hinge: 0.500
8 samples
Density: max memory 477626368, total allocated 204472320, free 79281880, used 125190440, increment 0
linearPredictor: max memory 477626368, total allocated 204472320, free 79281880, used 125190440, increment 0
FeaturedSpace: max memory 477626368, total allocated 204472320, free 79281880, used 125190440, increment 0
Sequential: max memory 477626368, total allocated 204472320, free 79281880, used 125190440, increment 0
Initial loss: 9.211140052146748
Initial test loss: 9.211140052146748
60: time = 0.338000 loss = 9.184180 testLoss 8.913742
Resulting gain: 0.026960061863485763
Projecting...
Writing file C:\Users\aortiz\AppData\Local\Temp\RtmpIvwHOd\raster\maxent\7912898770\species_5.csv
species_5 response curves
Time since start: 14.861
Response curve: only ppt9
Response curve: only tmean9
Response curve: only vpdmax9
Making features
Making features
makeFeatures: max memory 477626368, total allocated 204472320, free 49186864, used 155285456, increment 30095016
species_5 ppt9: 
Regularization values: linear/quadratic/product: 1.000, categorical: 0.530, threshold: 1.920, hinge: 0.500
8 samples
Density: max memory 477626368, total allocated 204472320, free 49186864, used 155285456, increment 0
linearPredictor: max memory 477626368, total allocated 204472320, free 49106784, used 155365536, increment 80080
makeFeatures: max memory 477626368, total allocated 204472320, free 49106784, used 155365536, increment 0
species_5 tmean9: 
Regularization values: linear/quadratic/product: 1.000, categorical: 0.530, threshold: 1.920, hinge: 0.500
8 samples
Density: max memory 477626368, total allocated 204472320, free 49106784, used 155365536, increment 0
linearPredictor: max memory 477626368, total allocated 204472320, free 49026704, used 155445616, increment 80080
FeaturedSpace: max memory 477626368, total allocated 204472320, free 49026704, used 155445616, increment 0
Sequential: max memory 477626368, total allocated 204472320, free 49026704, used 155445616, increment 0
Initial loss: 9.211140052146748
FeaturedSpace: max memory 477626368, total allocated 204472320, free 49026704, used 155445616, increment 0
Sequential: max memory 477626368, total allocated 204472320, free 49026704, used 155445616, increment 0
Initial loss: 9.211140052146748
20: time = 0.116000 loss = 9.211140
Resulting gain: 0.0
species_5 response curves
Making features
makeFeatures: max memory 477626368, total allocated 204472320, free 43673376, used 160798944, increment 5353328
species_5 vpdmax9: 
Regularization values: linear/quadratic/product: 1.000, categorical: 0.530, threshold: 1.920, hinge: 0.500
8 samples
Density: max memory 477626368, total allocated 204472320, free 43673376, used 160798944, increment 0
linearPredictor: max memory 477626368, total allocated 204472320, free 43673376, used 160798944, increment 0
FeaturedSpace: max memory 477626368, total allocated 204472320, free 43673376, used 160798944, increment 0
Sequential: max memory 477626368, total allocated 204472320, free 43673376, used 160798944, increment 0
Initial loss: 9.211140052146748
60: time = 0.269000 loss = 9.184180
Resulting gain: 0.02696006186348754
species_5 response curves
20: time = 0.116000 loss = 9.211140
Resulting gain: 0.0
species_5 response curves
Jackknife: leave ppt9 out
Jackknife: leave tmean9 out
Jackknife: leave vpdmax9 out
Jackknife: only ppt9
Jackknife: only tmean9
Jackknife: only vpdmax9
Making features
Making features
makeFeatures: max memory 477626368, total allocated 204472320, free 28065576, used 176406744, increment 15607800
species_5 tmean9: 
Regularization values: linear/quadratic/product: 1.000, categorical: 0.530, threshold: 1.920, hinge: 0.500
8 samples
makeFeatures: max memory 477626368, total allocated 204472320, free 28065576, used 176406744, increment 0
species_5 ppt9: 
Regularization values: linear/quadratic/product: 1.000, categorical: 0.530, threshold: 1.920, hinge: 0.500
8 samples
Density: max memory 477626368, total allocated 204472320, free 27985496, used 176486824, increment 80080
linearPredictor: max memory 477626368, total allocated 204472320, free 27905416, used 176566904, increment 80080
Density: max memory 477626368, total allocated 204472320, free 27905416, used 176566904, increment 0
linearPredictor: max memory 477626368, total allocated 204472320, free 27905416, used 176566904, increment 0
FeaturedSpace: max memory 477626368, total allocated 204472320, free 27905416, used 176566904, increment 0
Sequential: max memory 477626368, total allocated 204472320, free 27905416, used 176566904, increment 0
Initial loss: 9.211140052146748
Initial test loss: 9.211140052146748
FeaturedSpace: max memory 477626368, total allocated 204472320, free 27905416, used 176566904, increment 0
Sequential: max memory 477626368, total allocated 204472320, free 27905416, used 176566904, increment 0
Initial loss: 9.211140052146748
Initial test loss: 9.211140052146748
20: time = 0.116000 loss = 9.211140 testLoss 9.211140
Making features
makeFeatures: max memory 477626368, total allocated 204472320, free 26205984, used 178266336, increment 1699432
species_5 vpdmax9: 
Regularization values: linear/quadratic/product: 1.000, categorical: 0.530, threshold: 1.920, hinge: 0.500
8 samples
Density: max memory 477626368, total allocated 204472320, free 26125904, used 178346416, increment 80080
linearPredictor: max memory 477626368, total allocated 204472320, free 26045824, used 178426496, increment 80080
FeaturedSpace: max memory 477626368, total allocated 204472320, free 26045824, used 178426496, increment 0
Sequential: max memory 477626368, total allocated 204472320, free 26045824, used 178426496, increment 0
Initial loss: 9.211140052146748
Initial test loss: 9.211140052146748
60: time = 0.317000 loss = 9.184180 testLoss 8.913742
Making features
makeFeatures: max memory 477626368, total allocated 204472320, free 26045824, used 178426496, increment 0
species_5 ppt9: 
Regularization values: linear/quadratic/product: 1.000, categorical: 0.530, threshold: 1.920, hinge: 0.500
8 samples
Density: max memory 477626368, total allocated 204472320, free 25965744, used 178506576, increment 80080
linearPredictor: max memory 477626368, total allocated 204472320, free 25885664, used 178586656, increment 80080
FeaturedSpace: max memory 477626368, total allocated 204472320, free 25885664, used 178586656, increment 0
Sequential: max memory 477626368, total allocated 204472320, free 25885664, used 178586656, increment 0
Initial loss: 9.211140052146748
Initial test loss: 9.211140052146748
20: time = 0.122000 loss = 9.211140 testLoss 9.211140
Res.gain: 0.0
Making features
makeFeatures: max memory 477626368, total allocated 204472320, free 25157960, used 179314360, increment 727704
species_5 tmean9: 
Regularization values: linear/quadratic/product: 1.000, categorical: 0.530, threshold: 1.920, hinge: 0.500
8 samples
Density: max memory 477626368, total allocated 204472320, free 25157960, used 179314360, increment 0
linearPredictor: max memory 477626368, total allocated 204472320, free 24350200, used 180122120, increment 807760
FeaturedSpace: max memory 477626368, total allocated 204472320, free 24350200, used 180122120, increment 0
Sequential: max memory 477626368, total allocated 204472320, free 24350200, used 180122120, increment 0
Initial loss: 9.211140052146748
Initial test loss: 9.211140052146748
Time since start: 15.864
60: time = 0.339000 loss = 9.184180 testLoss 8.913742
Making features
makeFeatures: max memory 477626368, total allocated 204472320, free 23615400, used 180856920, increment 734800
species_5 vpdmax9: 
Regularization values: linear/quadratic/product: 1.000, categorical: 0.530, threshold: 1.920, hinge: 0.500
8 samples
Density: max memory 477626368, total allocated 204472320, free 23615400, used 180856920, increment 0
linearPredictor: max memory 477626368, total allocated 204472320, free 23535320, used 180937000, increment 80080
FeaturedSpace: max memory 477626368, total allocated 204472320, free 23535320, used 180937000, increment 0
Sequential: max memory 477626368, total allocated 204472320, free 23535320, used 180937000, increment 0
Initial loss: 9.211140052146748
Initial test loss: 9.211140052146748
20: time = 0.131000 loss = 9.211140 testLoss 9.211140
Res.gain: 0.0
60: time = 0.279000 loss = 9.184180 testLoss 8.913742
Res.gain: 0.02696006186348754
getSamples: max memory 477626368, total allocated 204472320, free 17214080, used 187258240, increment 6321240
Making features
makeFeatures: max memory 477626368, total allocated 204472320, free 16733600, used 187738720, increment 480480
species_6: 
Regularization values: linear/quadratic/product: 1.000, categorical: 0.530, threshold: 1.920, hinge: 0.500
8 samples
Density: max memory 477626368, total allocated 204472320, free 16653520, used 187818800, increment 80080
linearPredictor: max memory 477626368, total allocated 204472320, free 16573440, used 187898880, increment 80080
FeaturedSpace: max memory 477626368, total allocated 204472320, free 16573440, used 187898880, increment 0
Sequential: max memory 477626368, total allocated 204472320, free 16573440, used 187898880, increment 0
Initial loss: 9.211140052146748
Initial test loss: 9.211140052146748
60: time = 0.362000 loss = 9.177463 testLoss 8.964668
Resulting gain: 0.033676891614707216
Time since start: 16.966
Projecting...
Writing file C:\Users\aortiz\AppData\Local\Temp\RtmpIvwHOd\raster\maxent\7912898770\species_6.csv
species_6 response curves
Response curve: only ppt9
Response curve: only tmean9
Response curve: only vpdmax9
Making features
Making features
makeFeatures: max memory 477626368, total allocated 195559424, free 131569680, used 63989744, increment -123909136
species_6 ppt9: 
makeFeatures: max memory 477626368, total allocated 195559424, free 131569680, used 63989744, increment 0
species_6 tmean9: 
Regularization values: linear/quadratic/product: 1.000, categorical: 0.530, threshold: 1.920, hinge: 0.500
Regularization values: linear/quadratic/product: 1.000, categorical: 0.530, threshold: 1.920, hinge: 0.500
8 samples
8 samples
Density: max memory 477626368, total allocated 195559424, free 131569680, used 63989744, increment 0
Density: max memory 477626368, total allocated 195559424, free 131569680, used 63989744, increment 0
linearPredictor: max memory 477626368, total allocated 195559424, free 131569680, used 63989744, increment 0
linearPredictor: max memory 477626368, total allocated 195559424, free 131569680, used 63989744, increment 0
FeaturedSpace: max memory 477626368, total allocated 195559424, free 131569680, used 63989744, increment 0
FeaturedSpace: max memory 477626368, total allocated 195559424, free 131569680, used 63989744, increment 0
Sequential: max memory 477626368, total allocated 195559424, free 131569680, used 63989744, increment 0
Sequential: max memory 477626368, total allocated 195559424, free 131569680, used 63989744, increment 0
Initial loss: 9.211140052146748
Initial loss: 9.211140052146748
20: time = 0.131000 loss = 9.211140
Resulting gain: 0.0
species_6 response curves
Making features
makeFeatures: max memory 477626368, total allocated 195559424, free 127454872, used 68104552, increment 4114808
species_6 vpdmax9: 
Regularization values: linear/quadratic/product: 1.000, categorical: 0.530, threshold: 1.920, hinge: 0.500
8 samples
Density: max memory 477626368, total allocated 195559424, free 127454872, used 68104552, increment 0
linearPredictor: max memory 477626368, total allocated 195559424, free 127454872, used 68104552, increment 0
FeaturedSpace: max memory 477626368, total allocated 195559424, free 127454872, used 68104552, increment 0
Sequential: max memory 477626368, total allocated 195559424, free 127454872, used 68104552, increment 0
Initial loss: 9.211140052146748
60: time = 0.332000 loss = 9.177463
Resulting gain: 0.03367689161470544
species_6 response curves
20: time = 0.116000 loss = 9.211140
Resulting gain: 0.0
species_6 response curves
Jackknife: leave ppt9 out
Jackknife: leave tmean9 out
Jackknife: leave vpdmax9 out
Jackknife: only ppt9
Jackknife: only tmean9
Jackknife: only vpdmax9
Making features
Making features
makeFeatures: max memory 477626368, total allocated 195559424, free 109403640, used 86155784, increment 18051232
species_6 tmean9: 
Regularization values: linear/quadratic/product: 1.000, categorical: 0.530, threshold: 1.920, hinge: 0.500
8 samples
makeFeatures: max memory 477626368, total allocated 195559424, free 109403640, used 86155784, increment 0
species_6 ppt9: 
Density: max memory 477626368, total allocated 195559424, free 109323560, used 86235864, increment 80080
Regularization values: linear/quadratic/product: 1.000, categorical: 0.530, threshold: 1.920, hinge: 0.500
linearPredictor: max memory 477626368, total allocated 195559424, free 109243480, used 86315944, increment 80080
8 samples
Density: max memory 477626368, total allocated 195559424, free 109243480, used 86315944, increment 0
linearPredictor: max memory 477626368, total allocated 195559424, free 109163400, used 86396024, increment 80080
FeaturedSpace: max memory 477626368, total allocated 195559424, free 109163400, used 86396024, increment 0
Sequential: max memory 477626368, total allocated 195559424, free 109163400, used 86396024, increment 0
Initial loss: 9.211140052146748
Initial test loss: 9.211140052146748
FeaturedSpace: max memory 477626368, total allocated 195559424, free 109163400, used 86396024, increment 0
Sequential: max memory 477626368, total allocated 195559424, free 109163400, used 86396024, increment 0
Initial loss: 9.211140052146748
Initial test loss: 9.211140052146748
Time since start: 18.014
20: time = 0.117000 loss = 9.211140 testLoss 9.211140
Making features
makeFeatures: max memory 477626368, total allocated 195559424, free 108210440, used 87348984, increment 952960
species_6 vpdmax9: 
Regularization values: linear/quadratic/product: 1.000, categorical: 0.530, threshold: 1.920, hinge: 0.500
8 samples
Density: max memory 477626368, total allocated 195559424, free 108130360, used 87429064, increment 80080
linearPredictor: max memory 477626368, total allocated 195559424, free 108050280, used 87509144, increment 80080
FeaturedSpace: max memory 477626368, total allocated 195559424, free 108050280, used 87509144, increment 0
Sequential: max memory 477626368, total allocated 195559424, free 108050280, used 87509144, increment 0
Initial loss: 9.211140052146748
Initial test loss: 9.211140052146748
60: time = 0.355000 loss = 9.177463 testLoss 8.964668
Making features
makeFeatures: max memory 477626368, total allocated 195559424, free 107404032, used 88155392, increment 646248
species_6 ppt9: 
Regularization values: linear/quadratic/product: 1.000, categorical: 0.530, threshold: 1.920, hinge: 0.500
8 samples
Density: max memory 477626368, total allocated 195559424, free 106757808, used 88801616, increment 646224
linearPredictor: max memory 477626368, total allocated 195559424, free 106757808, used 88801616, increment 0
FeaturedSpace: max memory 477626368, total allocated 195559424, free 106757808, used 88801616, increment 0
Sequential: max memory 477626368, total allocated 195559424, free 106757808, used 88801616, increment 0
Initial loss: 9.211140052146748
Initial test loss: 9.211140052146748
20: time = 0.131000 loss = 9.211140 testLoss 9.211140
Res.gain: 0.0
Making features
makeFeatures: max memory 477626368, total allocated 195559424, free 106517568, used 89041856, increment 240240
species_6 tmean9: 
Regularization values: linear/quadratic/product: 1.000, categorical: 0.530, threshold: 1.920, hinge: 0.500
8 samples
Density: max memory 477626368, total allocated 195559424, free 106437488, used 89121936, increment 80080
linearPredictor: max memory 477626368, total allocated 195559424, free 106357408, used 89202016, increment 80080
FeaturedSpace: max memory 477626368, total allocated 195559424, free 106357408, used 89202016, increment 0
Sequential: max memory 477626368, total allocated 195559424, free 106357408, used 89202016, increment 0
Initial loss: 9.211140052146748
Initial test loss: 9.211140052146748
60: time = 0.385000 loss = 9.177463 testLoss 8.964668
Making features
makeFeatures: max memory 477626368, total allocated 195559424, free 105724768, used 89834656, increment 632640
species_6 vpdmax9: 
Regularization values: linear/quadratic/product: 1.000, categorical: 0.530, threshold: 1.920, hinge: 0.500
8 samples
Density: max memory 477626368, total allocated 195559424, free 105095136, used 90464288, increment 629632
linearPredictor: max memory 477626368, total allocated 195559424, free 105095136, used 90464288, increment 0
FeaturedSpace: max memory 477626368, total allocated 195559424, free 105095136, used 90464288, increment 0
Sequential: max memory 477626368, total allocated 195559424, free 105095136, used 90464288, increment 0
Initial loss: 9.211140052146748
Initial test loss: 9.211140052146748
20: time = 0.135000 loss = 9.211140 testLoss 9.211140
Res.gain: 0.0
60: time = 0.354000 loss = 9.177463 testLoss 8.964668
Res.gain: 0.03367689161470544
getSamples: max memory 477626368, total allocated 195559424, free 99276104, used 96283320, increment 5819032
Making features
makeFeatures: max memory 477626368, total allocated 195559424, free 99276104, used 96283320, increment 0
species_7: 
Regularization values: linear/quadratic/product: 1.000, categorical: 0.530, threshold: 1.920, hinge: 0.500
8 samples
Density: max memory 477626368, total allocated 195559424, free 99276104, used 96283320, increment 0
linearPredictor: max memory 477626368, total allocated 195559424, free 99276104, used 96283320, increment 0
FeaturedSpace: max memory 477626368, total allocated 195559424, free 99276104, used 96283320, increment 0
Sequential: max memory 477626368, total allocated 195559424, free 99276104, used 96283320, increment 0
Initial loss: 9.211140052146748
Initial test loss: 9.211140052146748
Time since start: 19.275
60: time = 0.316000 loss = 9.117785 testLoss 9.383523
Resulting gain: 0.09335553829931165
Projecting...
Writing file C:\Users\aortiz\AppData\Local\Temp\RtmpIvwHOd\raster\maxent\7912898770\species_7.csv
species_7 response curves
Response curve: only ppt9
Response curve: only tmean9
Response curve: only vpdmax9
Making features
Making features
makeFeatures: max memory 477626368, total allocated 195559424, free 65557416, used 130002008, increment 33718688
species_7 ppt9: 
Regularization values: linear/quadratic/product: 1.000, categorical: 0.530, threshold: 1.920, hinge: 0.500
makeFeatures: max memory 477626368, total allocated 195559424, free 65557416, used 130002008, increment 0
8 samples
species_7 tmean9: 
Density: max memory 477626368, total allocated 195559424, free 65477336, used 130082088, increment 80080
linearPredictor: max memory 477626368, total allocated 195559424, free 65397256, used 130162168, increment 80080
Regularization values: linear/quadratic/product: 1.000, categorical: 0.530, threshold: 1.920, hinge: 0.500
8 samples
Density: max memory 477626368, total allocated 195559424, free 65317176, used 130242248, increment 80080
linearPredictor: max memory 477626368, total allocated 195559424, free 65237096, used 130322328, increment 80080
FeaturedSpace: max memory 477626368, total allocated 195559424, free 65237096, used 130322328, increment 0
Sequential: max memory 477626368, total allocated 195559424, free 65237096, used 130322328, increment 0
Initial loss: 9.211140052146748
FeaturedSpace: max memory 477626368, total allocated 195559424, free 65237096, used 130322328, increment 0
Sequential: max memory 477626368, total allocated 195559424, free 65237096, used 130322328, increment 0
Initial loss: 9.211140052146748
20: time = 0.116000 loss = 9.211140
Resulting gain: 0.0
species_7 response curves
Making features
makeFeatures: max memory 477626368, total allocated 195559424, free 61040696, used 134518728, increment 4196400
species_7 vpdmax9: 
Regularization values: linear/quadratic/product: 1.000, categorical: 0.530, threshold: 1.920, hinge: 0.500
8 samples
Density: max memory 477626368, total allocated 195559424, free 60960616, used 134598808, increment 80080
linearPredictor: max memory 477626368, total allocated 195559424, free 60880536, used 134678888, increment 80080
FeaturedSpace: max memory 477626368, total allocated 195559424, free 60880536, used 134678888, increment 0
Sequential: max memory 477626368, total allocated 195559424, free 60880536, used 134678888, increment 0
Initial loss: 9.211140052146748
60: time = 0.298000 loss = 9.117785
Resulting gain: 0.09335553829930987
species_7 response curves
Time since start: 20.277
60: time = 0.209000 loss = 9.207598
Resulting gain: 0.003542406032924106
species_7 response curves
Jackknife: leave ppt9 out
Jackknife: leave tmean9 out
Jackknife: leave vpdmax9 out
Jackknife: only ppt9
Jackknife: only tmean9
Jackknife: only vpdmax9
Making features
Making features
makeFeatures: max memory 477626368, total allocated 195559424, free 45026416, used 150533008, increment 15854120
species_7 tmean9: 
makeFeatures: max memory 477626368, total allocated 195559424, free 45026416, used 150533008, increment 0
species_7 ppt9: 
Regularization values: linear/quadratic/product: 1.000, categorical: 0.530, threshold: 1.920, hinge: 0.500
Regularization values: linear/quadratic/product: 1.000, categorical: 0.530, threshold: 1.920, hinge: 0.500
8 samples
8 samples
Density: max memory 477626368, total allocated 195559424, free 44866256, used 150693168, increment 160160
Density: max memory 477626368, total allocated 195559424, free 44866256, used 150693168, increment 160160
linearPredictor: max memory 477626368, total allocated 195559424, free 44786176, used 150773248, increment 80080
linearPredictor: max memory 477626368, total allocated 195559424, free 44706096, used 150853328, increment 160160
FeaturedSpace: max memory 477626368, total allocated 195559424, free 44706096, used 150853328, increment 0
FeaturedSpace: max memory 477626368, total allocated 195559424, free 44706096, used 150853328, increment 0
Sequential: max memory 477626368, total allocated 195559424, free 44706096, used 150853328, increment 0
Sequential: max memory 477626368, total allocated 195559424, free 44706096, used 150853328, increment 0
Initial loss: 9.211140052146748
Initial test loss: 9.211140052146748
Initial loss: 9.211140052146748
Initial test loss: 9.211140052146748
60: time = 0.301000 loss = 9.207598 testLoss 9.219268
Making features
makeFeatures: max memory 477626368, total allocated 195559424, free 43756448, used 151802976, increment 949648
species_7 vpdmax9: 
Regularization values: linear/quadratic/product: 1.000, categorical: 0.530, threshold: 1.920, hinge: 0.500
8 samples
Density: max memory 477626368, total allocated 195559424, free 43676368, used 151883056, increment 80080
linearPredictor: max memory 477626368, total allocated 195559424, free 43596288, used 151963136, increment 80080
FeaturedSpace: max memory 477626368, total allocated 195559424, free 43596288, used 151963136, increment 0
Sequential: max memory 477626368, total allocated 195559424, free 43596288, used 151963136, increment 0
Initial loss: 9.211140052146748
Initial test loss: 9.211140052146748
60: time = 0.363000 loss = 9.117785 testLoss 9.383523
Making features
makeFeatures: max memory 477626368, total allocated 195559424, free 42950040, used 152609384, increment 646248
species_7 ppt9: 
Regularization values: linear/quadratic/product: 1.000, categorical: 0.530, threshold: 1.920, hinge: 0.500
8 samples
Density: max memory 477626368, total allocated 195559424, free 42303816, used 153255608, increment 646224
linearPredictor: max memory 477626368, total allocated 195559424, free 42303816, used 153255608, increment 0
FeaturedSpace: max memory 477626368, total allocated 195559424, free 42303816, used 153255608, increment 0
Sequential: max memory 477626368, total allocated 195559424, free 42303816, used 153255608, increment 0
Initial loss: 9.211140052146748
Initial test loss: 9.211140052146748
20: time = 0.116000 loss = 9.211140 testLoss 9.211140
Res.gain: 0.0
Making features
makeFeatures: max memory 477626368, total allocated 195559424, free 42063576, used 153495848, increment 240240
species_7 tmean9: 
Regularization values: linear/quadratic/product: 1.000, categorical: 0.530, threshold: 1.920, hinge: 0.500
8 samples
Density: max memory 477626368, total allocated 195559424, free 41983496, used 153575928, increment 80080
linearPredictor: max memory 477626368, total allocated 195559424, free 41903416, used 153656008, increment 80080
FeaturedSpace: max memory 477626368, total allocated 195559424, free 41903416, used 153656008, increment 0
Sequential: max memory 477626368, total allocated 195559424, free 41903416, used 153656008, increment 0
Initial loss: 9.211140052146748
Initial test loss: 9.211140052146748
60: time = 0.301000 loss = 9.117785 testLoss 9.383523
Making features
makeFeatures: max memory 477626368, total allocated 195559424, free 41193984, used 154365440, increment 709432
species_7 vpdmax9: 
Regularization values: linear/quadratic/product: 1.000, categorical: 0.530, threshold: 1.920, hinge: 0.500
8 samples
Density: max memory 477626368, total allocated 195559424, free 41113904, used 154445520, increment 80080
linearPredictor: max memory 477626368, total allocated 195559424, free 41033824, used 154525600, increment 80080
FeaturedSpace: max memory 477626368, total allocated 195559424, free 41033824, used 154525600, increment 0
Sequential: max memory 477626368, total allocated 195559424, free 41033824, used 154525600, increment 0
Initial loss: 9.211140052146748
Initial test loss: 9.211140052146748
60: time = 0.284000 loss = 9.117785 testLoss 9.383523
Res.gain: 0.09335553829930987
Time since start: 21.325
60: time = 0.216000 loss = 9.207598 testLoss 9.219268
Res.gain: 0.003542406032924106
getSamples: max memory 477626368, total allocated 195559424, free 32862600, used 162696824, increment 8171224
Making features
makeFeatures: max memory 477626368, total allocated 195559424, free 32862600, used 162696824, increment 0
species_8: 
Regularization values: linear/quadratic/product: 1.000, categorical: 0.530, threshold: 1.920, hinge: 0.500
8 samples
Density: max memory 477626368, total allocated 195559424, free 32862600, used 162696824, increment 0
linearPredictor: max memory 477626368, total allocated 195559424, free 32862600, used 162696824, increment 0
FeaturedSpace: max memory 477626368, total allocated 195559424, free 32862600, used 162696824, increment 0
Sequential: max memory 477626368, total allocated 195559424, free 32862600, used 162696824, increment 0
Initial loss: 9.211140052146748
Initial test loss: 9.211140052146748
60: time = 0.284000 loss = 8.955428 testLoss 10.460014
Resulting gain: 0.25571230418473334
Projecting...
Writing file C:\Users\aortiz\AppData\Local\Temp\RtmpIvwHOd\raster\maxent\7912898770\species_8.csv
species_8 response curves
Time since start: 22.395
Response curve: only ppt9
Response curve: only tmean9
Response curve: only vpdmax9
Making features
Making features
makeFeatures: max memory 477626368, total allocated 190840832, free 142187536, used 48653296, increment -114043528
species_8 ppt9: 
makeFeatures: max memory 477626368, total allocated 190840832, free 142187536, used 48653296, increment 0
species_8 tmean9: 
Regularization values: linear/quadratic/product: 1.000, categorical: 0.530, threshold: 1.920, hinge: 0.500
Regularization values: linear/quadratic/product: 1.000, categorical: 0.530, threshold: 1.920, hinge: 0.500
8 samples
8 samples
Density: max memory 477626368, total allocated 190840832, free 142187536, used 48653296, increment 0
Density: max memory 477626368, total allocated 190840832, free 142187536, used 48653296, increment 0
linearPredictor: max memory 477626368, total allocated 190840832, free 142187536, used 48653296, increment 0
linearPredictor: max memory 477626368, total allocated 190840832, free 142187536, used 48653296, increment 0
FeaturedSpace: max memory 477626368, total allocated 190840832, free 142187536, used 48653296, increment 0
FeaturedSpace: max memory 477626368, total allocated 190840832, free 142187536, used 48653296, increment 0
Sequential: max memory 477626368, total allocated 190840832, free 142187536, used 48653296, increment 0
Sequential: max memory 477626368, total allocated 190840832, free 142187536, used 48653296, increment 0
Initial loss: 9.211140052146748
Initial loss: 9.211140052146748
20: time = 0.132000 loss = 9.211140
Resulting gain: 0.0
species_8 response curves
Making features
makeFeatures: max memory 477626368, total allocated 190840832, free 138053824, used 52787008, increment 4133712
species_8 vpdmax9: 
Regularization values: linear/quadratic/product: 1.000, categorical: 0.530, threshold: 1.920, hinge: 0.500
8 samples
Density: max memory 477626368, total allocated 190840832, free 137973744, used 52867088, increment 80080
linearPredictor: max memory 477626368, total allocated 190840832, free 137893664, used 52947168, increment 80080
FeaturedSpace: max memory 477626368, total allocated 190840832, free 137893664, used 52947168, increment 0
Sequential: max memory 477626368, total allocated 190840832, free 137893664, used 52947168, increment 0
Initial loss: 9.211140052146748
60: time = 0.301000 loss = 8.955428
Resulting gain: 0.25571230418473156
species_8 response curves
60: time = 0.254000 loss = 9.143270
Resulting gain: 0.06787041401704386
species_8 response curves
Jackknife: leave ppt9 out
Jackknife: leave tmean9 out
Jackknife: leave vpdmax9 out
Jackknife: only ppt9
Jackknife: only tmean9
Jackknife: only vpdmax9
Making features
Making features
makeFeatures: max memory 477626368, total allocated 190840832, free 120523328, used 70317504, increment 17370336
species_8 ppt9: 
makeFeatures: max memory 477626368, total allocated 190840832, free 120523328, used 70317504, increment 17370336
species_8 tmean9: 
Regularization values: linear/quadratic/product: 1.000, categorical: 0.530, threshold: 1.920, hinge: 0.500
8 samples
Density: max memory 477626368, total allocated 190840832, free 120443248, used 70397584, increment 80080
linearPredictor: max memory 477626368, total allocated 190840832, free 120363168, used 70477664, increment 80080
Regularization values: linear/quadratic/product: 1.000, categorical: 0.530, threshold: 1.920, hinge: 0.500
8 samples
Density: max memory 477626368, total allocated 190840832, free 120283088, used 70557744, increment 80080
linearPredictor: max memory 477626368, total allocated 190840832, free 120203008, used 70637824, increment 80080
FeaturedSpace: max memory 477626368, total allocated 190840832, free 120203008, used 70637824, increment 0
Sequential: max memory 477626368, total allocated 190840832, free 120203008, used 70637824, increment 0
Initial loss: 9.211140052146748
Initial test loss: 9.211140052146748
FeaturedSpace: max memory 477626368, total allocated 190840832, free 120203008, used 70637824, increment 0
Sequential: max memory 477626368, total allocated 190840832, free 120203008, used 70637824, increment 0
Initial loss: 9.211140052146748
Initial test loss: 9.211140052146748
80: time = 0.169000 loss = 9.104511 testLoss 10.235325
Making features
makeFeatures: max memory 477626368, total allocated 190840832, free 119272976, used 71567856, increment 930032
species_8 vpdmax9: 
Regularization values: linear/quadratic/product: 1.000, categorical: 0.530, threshold: 1.920, hinge: 0.500
8 samples
Density: max memory 477626368, total allocated 190840832, free 119192896, used 71647936, increment 80080
linearPredictor: max memory 477626368, total allocated 190840832, free 119112816, used 71728016, increment 80080
FeaturedSpace: max memory 477626368, total allocated 190840832, free 119112816, used 71728016, increment 0
Sequential: max memory 477626368, total allocated 190840832, free 119112816, used 71728016, increment 0
Initial loss: 9.211140052146748
Initial test loss: 9.211140052146748
Time since start: 23.398
60: time = 0.285000 loss = 8.955428 testLoss 10.460014
Making features
makeFeatures: max memory 477626368, total allocated 190840832, free 118403360, used 72437472, increment 709456
species_8 ppt9: 
Regularization values: linear/quadratic/product: 1.000, categorical: 0.530, threshold: 1.920, hinge: 0.500
8 samples
Density: max memory 477626368, total allocated 190840832, free 118323280, used 72517552, increment 80080
linearPredictor: max memory 477626368, total allocated 190840832, free 118243200, used 72597632, increment 80080
FeaturedSpace: max memory 477626368, total allocated 190840832, free 118243200, used 72597632, increment 0
Sequential: max memory 477626368, total allocated 190840832, free 118243200, used 72597632, increment 0
Initial loss: 9.211140052146748
Initial test loss: 9.211140052146748
20: time = 0.115000 loss = 9.211140 testLoss 9.211140
Res.gain: 0.0
Making features
makeFeatures: max memory 477626368, total allocated 190840832, free 117064616, used 73776216, increment 1178584
species_8 tmean9: 
Regularization values: linear/quadratic/product: 1.000, categorical: 0.530, threshold: 1.920, hinge: 0.500
8 samples
Density: max memory 477626368, total allocated 190840832, free 117064616, used 73776216, increment 0
linearPredictor: max memory 477626368, total allocated 190840832, free 117064616, used 73776216, increment 0
FeaturedSpace: max memory 477626368, total allocated 190840832, free 117064616, used 73776216, increment 0
Sequential: max memory 477626368, total allocated 190840832, free 117064616, used 73776216, increment 0
Initial loss: 9.211140052146748
Initial test loss: 9.211140052146748
60: time = 0.302000 loss = 8.955428 testLoss 10.460014
Making features
makeFeatures: max memory 477626368, total allocated 190840832, free 116374760, used 74466072, increment 689856
species_8 vpdmax9: 
Regularization values: linear/quadratic/product: 1.000, categorical: 0.530, threshold: 1.920, hinge: 0.500
8 samples
Density: max memory 477626368, total allocated 190840832, free 116294680, used 74546152, increment 80080
linearPredictor: max memory 477626368, total allocated 190840832, free 116214600, used 74626232, increment 80080
FeaturedSpace: max memory 477626368, total allocated 190840832, free 116214600, used 74626232, increment 0
Sequential: max memory 477626368, total allocated 190840832, free 116214600, used 74626232, increment 0
Initial loss: 9.211140052146748
Initial test loss: 9.211140052146748
60: time = 0.294000 loss = 8.955428 testLoss 10.460014
Res.gain: 0.25571230418473156
60: time = 0.263000 loss = 9.143270 testLoss 9.734255
Res.gain: 0.06787041401704386
Reading file absence
readGrid: max memory 477626368, total allocated 190840832, free 64747944, used 126092888, increment 51466656
Time since start: 24.424
Reading file absence
readGrid: max memory 477626368, total allocated 190840832, free 19283576, used 171557256, increment 45464368
Reading file absence
readGrid: max memory 477626368, total allocated 181927936, free 106027256, used 75900680, increment -95656576
Reading file absence
readGrid: max memory 477626368, total allocated 181927936, free 60333840, used 121594096, increment 45693416
Reading file absence
readGrid: max memory 477626368, total allocated 181927936, free 14671536, used 167256400, increment 45662304
Reading file absence
readGrid: max memory 477626368, total allocated 198180864, free 118459872, used 79720992, increment -87535408
Reading file absence
readGrid: max memory 477626368, total allocated 198180864, free 72864672, used 125316192, increment 45595200
Reading file absence
readGrid: max memory 477626368, total allocated 198180864, free 27269520, used 170911344, increment 45595152
Reading file absence
readGrid: max memory 477626368, total allocated 214958080, free 143268912, used 71689168, increment -99222176
Creating average grid, stddev grid etc.
Writing file C:\Users\aortiz\AppData\Local\Temp\RtmpIvwHOd\raster\maxent\7912898770\species_avg.csv
Writing file C:\Users\aortiz\AppData\Local\Temp\RtmpIvwHOd\raster\maxent\7912898770\species_stddev.csv
Writing file C:\Users\aortiz\AppData\Local\Temp\RtmpIvwHOd\raster\maxent\7912898770\species_min.csv
Writing file C:\Users\aortiz\AppData\Local\Temp\RtmpIvwHOd\raster\maxent\7912898770\species_max.csv
Writing file C:\Users\aortiz\AppData\Local\Temp\RtmpIvwHOd\raster\maxent\7912898770\species_median.csv
species average response curves
Time since start: 26.442
Ending
