Fri Sep 08 16:03:56 CDT 2017
MaxEnt version 3.4.0
Reading file absence
readGrid: max memory 477626368, total allocated 212336640, free 90264816, used 122071824, increment 22384216
Reading samples from presence
Read samples: max memory 477626368, total allocated 212336640, free 36780208, used 175556432, increment 53484608
Adding samples to background in feature space
Command line used:  autorun -e C:\Users\aortiz\AppData\Local\Temp\RtmpMjzmQ7/raster/maxent/10475188342/absence -o C:\Users\aortiz\AppData\Local\Temp\RtmpMjzmQ7/raster/maxent/10475188342 -s C:\Users\aortiz\AppData\Local\Temp\RtmpMjzmQ7/raster/maxent/10475188342/presence -z randomseed=true threads=2 responsecurves=true jackknife=true maximumiterations=1000 -J
Command line to repeat: java density.MaxEnt nowarnings noprefixes responsecurves outputdirectory=C:\Users\aortiz\AppData\Local\Temp\RtmpMjzmQ7/raster/maxent/10475188342 samplesfile=C:\Users\aortiz\AppData\Local\Temp\RtmpMjzmQ7/raster/maxent/10475188342/presence environmentallayers=C:\Users\aortiz\AppData\Local\Temp\RtmpMjzmQ7/raster/maxent/10475188342/absence randomseed autorun novisible maximumiterations=1000 threads=2
Species: species
Layers: ppt11 tdmean11 tmean11 vpdmin11
Layertypes: Continuous Continuous Continuous Continuous
responsecurves: true
outputdirectory: C:\Users\aortiz\AppData\Local\Temp\RtmpMjzmQ7/raster/maxent/10475188342
samplesfile: C:\Users\aortiz\AppData\Local\Temp\RtmpMjzmQ7/raster/maxent/10475188342/presence
environmentallayers: C:\Users\aortiz\AppData\Local\Temp\RtmpMjzmQ7/raster/maxent/10475188342/absence
randomseed: true
autorun: true
visible: false
maximumiterations: 1000
threads: 2

getSamples: max memory 477626368, total allocated 212336640, free 33617688, used 178718952, increment 3162520
Making features
makeFeatures: max memory 477626368, total allocated 212336640, free 33617688, used 178718952, increment 0
species: 
Regularization values: linear/quadratic/product: 1.000, categorical: 0.515, threshold: 1.910, hinge: 0.500
9 samples
Density: max memory 477626368, total allocated 212336640, free 33617688, used 178718952, increment 0
linearPredictor: max memory 477626368, total allocated 212336640, free 33617688, used 178718952, increment 0
FeaturedSpace: max memory 477626368, total allocated 212336640, free 33617688, used 178718952, increment 0
Sequential: max memory 477626368, total allocated 212336640, free 33617688, used 178718952, increment 0
Initial loss: 9.211239967219019
100: time = 0.309000 loss = 9.095369
Resulting gain: 0.11587065857641932
Projecting...
Writing file C:\Users\aortiz\AppData\Local\Temp\RtmpMjzmQ7\raster\maxent\10475188342\species.csv
species response curves
Time since start: 1.091
Response curve: only ppt11
Response curve: only tdmean11
Response curve: only tmean11
Response curve: only vpdmin11
Making features
Making features
makeFeatures: max memory 477626368, total allocated 211288064, free 155894208, used 55393856, increment -123325096
species ppt11: 
Regularization values: linear/quadratic/product: 1.000, categorical: 0.515, threshold: 1.910, hinge: 0.500
makeFeatures: max memory 477626368, total allocated 211288064, free 155894208, used 55393856, increment 0
species tdmean11: 
9 samples
Regularization values: linear/quadratic/product: 1.000, categorical: 0.515, threshold: 1.910, hinge: 0.500
9 samples
Density: max memory 477626368, total allocated 211288064, free 155894208, used 55393856, increment 0
linearPredictor: max memory 477626368, total allocated 211288064, free 155894208, used 55393856, increment 0
Density: max memory 477626368, total allocated 211288064, free 155894208, used 55393856, increment 0
linearPredictor: max memory 477626368, total allocated 211288064, free 155894208, used 55393856, increment 0
FeaturedSpace: max memory 477626368, total allocated 211288064, free 155894208, used 55393856, increment 0
Sequential: max memory 477626368, total allocated 211288064, free 155894208, used 55393856, increment 0
FeaturedSpace: max memory 477626368, total allocated 211288064, free 155894208, used 55393856, increment 0
Sequential: max memory 477626368, total allocated 211288064, free 155894208, used 55393856, increment 0
Initial loss: 9.211239967219019
Initial loss: 9.211239967219019
40: time = 0.125000 loss = 9.211088
Resulting gain: 1.5242956647476547E-4
species response curves
60: time = 0.236000 loss = 9.121224
Resulting gain: 0.09001575907916148
species response curves
Making features
makeFeatures: max memory 477626368, total allocated 211288064, free 152588784, used 58699280, increment 3305424
species tmean11: 
Regularization values: linear/quadratic/product: 1.000, categorical: 0.515, threshold: 1.910, hinge: 0.500
9 samples
Density: max memory 477626368, total allocated 211288064, free 152588784, used 58699280, increment 0
linearPredictor: max memory 477626368, total allocated 211288064, free 152588784, used 58699280, increment 0
FeaturedSpace: max memory 477626368, total allocated 211288064, free 152588784, used 58699280, increment 0
Sequential: max memory 477626368, total allocated 211288064, free 152588784, used 58699280, increment 0
Initial loss: 9.211239967219019
Making features
makeFeatures: max memory 477626368, total allocated 211288064, free 149283360, used 62004704, increment 3305424
species vpdmin11: 
Regularization values: linear/quadratic/product: 1.000, categorical: 0.515, threshold: 1.910, hinge: 0.500
9 samples
Density: max memory 477626368, total allocated 211288064, free 149283360, used 62004704, increment 0
linearPredictor: max memory 477626368, total allocated 211288064, free 149283360, used 62004704, increment 0
FeaturedSpace: max memory 477626368, total allocated 211288064, free 149283360, used 62004704, increment 0
Sequential: max memory 477626368, total allocated 211288064, free 149283360, used 62004704, increment 0
Initial loss: 9.211239967219019
20: time = 0.125000 loss = 9.211240
Resulting gain: 0.0
species response curves
60: time = 0.234000 loss = 9.125474
Resulting gain: 0.08576592635852798
species response curves
Ending
