Fri Sep 08 14:40:24 CDT 2017
MaxEnt version 3.4.0
Reading file absence
readGrid: max memory 477626368, total allocated 204472320, free 115787064, used 88685256, increment 24014536
Reading samples from presence
Read samples: max memory 477626368, total allocated 204472320, free 60215312, used 144257008, increment 55571752
Adding samples to background in feature space
Command line used:  autorun -e C:\Users\aortiz\AppData\Local\Temp\RtmpMjzmQ7/raster/maxent/510872841049/absence -o C:\Users\aortiz\AppData\Local\Temp\RtmpMjzmQ7/raster/maxent/510872841049 -s C:\Users\aortiz\AppData\Local\Temp\RtmpMjzmQ7/raster/maxent/510872841049/presence -z randomseed=true threads=2 responsecurves=true jackknife=true maximumiterations=1000 -J
Command line to repeat: java density.MaxEnt nowarnings noprefixes responsecurves outputdirectory=C:\Users\aortiz\AppData\Local\Temp\RtmpMjzmQ7/raster/maxent/510872841049 samplesfile=C:\Users\aortiz\AppData\Local\Temp\RtmpMjzmQ7/raster/maxent/510872841049/presence environmentallayers=C:\Users\aortiz\AppData\Local\Temp\RtmpMjzmQ7/raster/maxent/510872841049/absence randomseed autorun novisible maximumiterations=1000 threads=2
Species: species
Layers: ppt11 tdmean11 tmean11 vpdmin11
Layertypes: Continuous Continuous Continuous Continuous
responsecurves: true
outputdirectory: C:\Users\aortiz\AppData\Local\Temp\RtmpMjzmQ7/raster/maxent/510872841049
samplesfile: C:\Users\aortiz\AppData\Local\Temp\RtmpMjzmQ7/raster/maxent/510872841049/presence
environmentallayers: C:\Users\aortiz\AppData\Local\Temp\RtmpMjzmQ7/raster/maxent/510872841049/absence
randomseed: true
autorun: true
visible: false
maximumiterations: 1000
threads: 2

getSamples: max memory 477626368, total allocated 204472320, free 60215312, used 144257008, increment 0
Making features
makeFeatures: max memory 477626368, total allocated 204472320, free 56967960, used 147504360, increment 3247352
species: 
Regularization values: linear/quadratic/product: 1.000, categorical: 0.620, threshold: 1.980, hinge: 0.500
2 samples
Density: max memory 477626368, total allocated 204472320, free 56967960, used 147504360, increment 0
linearPredictor: max memory 477626368, total allocated 204472320, free 56967960, used 147504360, increment 0
FeaturedSpace: max memory 477626368, total allocated 204472320, free 56967960, used 147504360, increment 0
Sequential: max memory 477626368, total allocated 204472320, free 56967960, used 147504360, increment 0
Initial loss: 9.21054035197885
140: time = 0.313000 loss = 8.336100
Resulting gain: 0.8744401921010372
Projecting...
Writing file C:\Users\aortiz\AppData\Local\Temp\RtmpMjzmQ7\raster\maxent\510872841049\species.csv
species response curves
Time since start: 1.114
Response curve: only ppt11
Response curve: only tdmean11
Response curve: only tmean11
Response curve: only vpdmin11
Making features
Making features
makeFeatures: max memory 477626368, total allocated 204472320, free 23525112, used 180947208, increment 33442848
species tdmean11: 
Regularization values: linear/quadratic/product: 1.000, categorical: 0.620, threshold: 1.980, hinge: 0.500
2 samples
Density: max memory 477626368, total allocated 204472320, free 23525112, used 180947208, increment 0
makeFeatures: max memory 477626368, total allocated 204472320, free 23525112, used 180947208, increment 0
linearPredictor: max memory 477626368, total allocated 204472320, free 23525112, used 180947208, increment 0
species ppt11: 
Regularization values: linear/quadratic/product: 1.000, categorical: 0.620, threshold: 1.980, hinge: 0.500
2 samples
Density: max memory 477626368, total allocated 204472320, free 23525112, used 180947208, increment 0
linearPredictor: max memory 477626368, total allocated 204472320, free 23525112, used 180947208, increment 0
FeaturedSpace: max memory 477626368, total allocated 204472320, free 23525112, used 180947208, increment 0
Sequential: max memory 477626368, total allocated 204472320, free 23525112, used 180947208, increment 0
Initial loss: 9.21054035197885
FeaturedSpace: max memory 477626368, total allocated 204472320, free 23525112, used 180947208, increment 0
Sequential: max memory 477626368, total allocated 204472320, free 23525112, used 180947208, increment 0
Initial loss: 9.21054035197885
20: time = 0.125000 loss = 9.210540
Resulting gain: 0.0
species response curves
Making features
makeFeatures: max memory 477626368, total allocated 204472320, free 20196296, used 184276024, increment 3328816
species tmean11: 
Regularization values: linear/quadratic/product: 1.000, categorical: 0.620, threshold: 1.980, hinge: 0.500
2 samples
Density: max memory 477626368, total allocated 204472320, free 20196296, used 184276024, increment 0
linearPredictor: max memory 477626368, total allocated 204472320, free 20196296, used 184276024, increment 0
FeaturedSpace: max memory 477626368, total allocated 204472320, free 20196296, used 184276024, increment 0
Sequential: max memory 477626368, total allocated 204472320, free 20196296, used 184276024, increment 0
Initial loss: 9.21054035197885
60: time = 0.266000 loss = 8.986264
Resulting gain: 0.2242765208883153
species response curves
Making features
makeFeatures: max memory 477626368, total allocated 204472320, free 16867480, used 187604840, increment 3328816
species vpdmin11: 
Regularization values: linear/quadratic/product: 1.000, categorical: 0.620, threshold: 1.980, hinge: 0.500
2 samples
Density: max memory 477626368, total allocated 204472320, free 16867480, used 187604840, increment 0
linearPredictor: max memory 477626368, total allocated 204472320, free 16867480, used 187604840, increment 0
FeaturedSpace: max memory 477626368, total allocated 204472320, free 16867480, used 187604840, increment 0
Sequential: max memory 477626368, total allocated 204472320, free 16867480, used 187604840, increment 0
Initial loss: 9.21054035197885
60: time = 0.247000 loss = 8.809646
Resulting gain: 0.4008940165555419
species response curves
60: time = 0.187000 loss = 9.124207
Resulting gain: 0.08633341088655122
species response curves
Ending
