Fri Sep 08 15:50:01 CDT 2017
MaxEnt version 3.4.0
Reading file absence
readGrid: max memory 477626368, total allocated 208142336, free 99326600, used 108815736, increment -77089416
Reading samples from presence
Read samples: max memory 477626368, total allocated 208142336, free 56537576, used 151604760, increment 42789024
Adding samples to background in feature space
Command line used:  autorun -e C:\Users\aortiz\AppData\Local\Temp\RtmpMjzmQ7/raster/maxent/9270564190/absence -o C:\Users\aortiz\AppData\Local\Temp\RtmpMjzmQ7/raster/maxent/9270564190 -s C:\Users\aortiz\AppData\Local\Temp\RtmpMjzmQ7/raster/maxent/9270564190/presence -z randomseed=true threads=2 responsecurves=true jackknife=true replicates=10 replicatetype=crossvalidate maximumiterations=1000 -J
Command line to repeat: java density.MaxEnt nowarnings noprefixes responsecurves outputdirectory=C:\Users\aortiz\AppData\Local\Temp\RtmpMjzmQ7/raster/maxent/9270564190 samplesfile=C:\Users\aortiz\AppData\Local\Temp\RtmpMjzmQ7/raster/maxent/9270564190/presence environmentallayers=C:\Users\aortiz\AppData\Local\Temp\RtmpMjzmQ7/raster/maxent/9270564190/absence randomseed replicates=10 autorun novisible maximumiterations=1000 threads=2
Species: species_0 species_1 species_2 species_3 species_4 species_5 species_6 species_7 species_8 species_9
Layers: ppt9 tmean9 vpdmax9
Layertypes: Continuous Continuous Continuous
responsecurves: true
outputdirectory: C:\Users\aortiz\AppData\Local\Temp\RtmpMjzmQ7/raster/maxent/9270564190
samplesfile: C:\Users\aortiz\AppData\Local\Temp\RtmpMjzmQ7/raster/maxent/9270564190/presence
environmentallayers: C:\Users\aortiz\AppData\Local\Temp\RtmpMjzmQ7/raster/maxent/9270564190/absence
randomseed: true
replicates: 10
autorun: true
visible: false
maximumiterations: 1000
threads: 2

getSamples: max memory 477626368, total allocated 208142336, free 53468864, used 154673472, increment 3068712
Making features
makeFeatures: max memory 477626368, total allocated 208142336, free 53468864, used 154673472, increment 0
species_0: 
Regularization values: linear/quadratic/product: 1.000, categorical: 0.515, threshold: 1.910, hinge: 0.500
9 samples
Density: max memory 477626368, total allocated 208142336, free 53468864, used 154673472, increment 0
linearPredictor: max memory 477626368, total allocated 208142336, free 53468864, used 154673472, increment 0
FeaturedSpace: max memory 477626368, total allocated 208142336, free 53468864, used 154673472, increment 0
Sequential: max memory 477626368, total allocated 208142336, free 53468864, used 154673472, increment 0
Initial loss: 9.211239967219019
Initial test loss: 9.211239967219019
60: time = 0.219000 loss = 8.402877 testLoss 7.904781
Resulting gain: 0.808362882211286
Projecting...
Writing file C:\Users\aortiz\AppData\Local\Temp\RtmpMjzmQ7\raster\maxent\9270564190\species_0.csv
species_0 response curves
Response curve: only ppt9
Response curve: only tmean9
Response curve: only vpdmax9
Making features
Making features
makeFeatures: max memory 477626368, total allocated 208142336, free 20200928, used 187941408, increment 33267936
species_0 ppt9: 
makeFeatures: max memory 477626368, total allocated 208142336, free 20200928, used 187941408, increment 0
species_0 tmean9: 
Regularization values: linear/quadratic/product: 1.000, categorical: 0.515, threshold: 1.910, hinge: 0.500
Regularization values: linear/quadratic/product: 1.000, categorical: 0.515, threshold: 1.910, hinge: 0.500
9 samples
9 samples
Density: max memory 477626368, total allocated 208142336, free 20200928, used 187941408, increment 0
linearPredictor: max memory 477626368, total allocated 208142336, free 20200928, used 187941408, increment 0
Density: max memory 477626368, total allocated 208142336, free 20200928, used 187941408, increment 0
linearPredictor: max memory 477626368, total allocated 208142336, free 20200928, used 187941408, increment 0
FeaturedSpace: max memory 477626368, total allocated 208142336, free 20200928, used 187941408, increment 0
Sequential: max memory 477626368, total allocated 208142336, free 20200928, used 187941408, increment 0
FeaturedSpace: max memory 477626368, total allocated 208142336, free 20200928, used 187941408, increment 0
Sequential: max memory 477626368, total allocated 208142336, free 20200928, used 187941408, increment 0
Initial loss: 9.211239967219019
Initial loss: 9.211239967219019
Time since start: 1.137
60: time = 0.215000 loss = 8.465183
Resulting gain: 0.746057133002326
species_0 response curves
60: time = 0.243000 loss = 9.096667
Resulting gain: 0.11457288890356132
species_0 response curves
Making features
makeFeatures: max memory 477626368, total allocated 201326592, free 160905736, used 40420856, increment -147520552
species_0 vpdmax9: 
Regularization values: linear/quadratic/product: 1.000, categorical: 0.515, threshold: 1.910, hinge: 0.500
9 samples
Density: max memory 477626368, total allocated 201326592, free 160905736, used 40420856, increment 0
linearPredictor: max memory 477626368, total allocated 201326592, free 160905736, used 40420856, increment 0
FeaturedSpace: max memory 477626368, total allocated 201326592, free 160905736, used 40420856, increment 0
Sequential: max memory 477626368, total allocated 201326592, free 160905736, used 40420856, increment 0
Initial loss: 9.211239967219019
60: time = 0.250000 loss = 9.167256
Resulting gain: 0.04398419329153391
species_0 response curves
getSamples: max memory 477626368, total allocated 201326592, free 149939208, used 51387384, increment 10966528
Making features
makeFeatures: max memory 477626368, total allocated 201326592, free 149218344, used 52108248, increment 720864
species_1: 
Regularization values: linear/quadratic/product: 0.800, categorical: 0.500, threshold: 1.900, hinge: 0.500
10 samples
Density: max memory 477626368, total allocated 201326592, free 149138248, used 52188344, increment 80096
linearPredictor: max memory 477626368, total allocated 201326592, free 149058152, used 52268440, increment 80096
FeaturedSpace: max memory 477626368, total allocated 201326592, free 149058152, used 52268440, increment 0
Sequential: max memory 477626368, total allocated 201326592, free 149058152, used 52268440, increment 0
Initial loss: 9.211339872309265
Initial test loss: 9.211339872309265
80: time = 0.372000 loss = 8.328149 testLoss 7.773998
Resulting gain: 0.8831913022794762
Time since start: 2.375
Projecting...
Writing file C:\Users\aortiz\AppData\Local\Temp\RtmpMjzmQ7\raster\maxent\9270564190\species_1.csv
species_1 response curves
Response curve: only ppt9
Response curve: only tmean9
Response curve: only vpdmax9
Making features
Making features
makeFeatures: max memory 477626368, total allocated 201326592, free 116853272, used 84473320, increment 32204880
species_1 tmean9: 
makeFeatures: max memory 477626368, total allocated 201326592, free 116853272, used 84473320, increment 0
species_1 ppt9: 
Regularization values: linear/quadratic/product: 0.800, categorical: 0.500, threshold: 1.900, hinge: 0.500
Regularization values: linear/quadratic/product: 0.800, categorical: 0.500, threshold: 1.900, hinge: 0.500
10 samples
10 samples
Density: max memory 477626368, total allocated 201326592, free 116853272, used 84473320, increment 0
linearPredictor: max memory 477626368, total allocated 201326592, free 116773176, used 84553416, increment 80096
Density: max memory 477626368, total allocated 201326592, free 116773176, used 84553416, increment 80096
linearPredictor: max memory 477626368, total allocated 201326592, free 116693080, used 84633512, increment 80096
FeaturedSpace: max memory 477626368, total allocated 201326592, free 116693080, used 84633512, increment 0
Sequential: max memory 477626368, total allocated 201326592, free 116693080, used 84633512, increment 0
FeaturedSpace: max memory 477626368, total allocated 201326592, free 116693080, used 84633512, increment 0
Initial loss: 9.211339872309265
Sequential: max memory 477626368, total allocated 201326592, free 116693080, used 84633512, increment 0
Initial loss: 9.211339872309265
60: time = 0.306000 loss = 9.056050
Resulting gain: 0.15528976950522555
species_1 response curves
80: time = 0.384000 loss = 8.417498
Resulting gain: 0.793841860493238
species_1 response curves
Making features
makeFeatures: max memory 477626368, total allocated 201326592, free 108277040, used 93049552, increment 8416040
species_1 vpdmax9: 
Regularization values: linear/quadratic/product: 0.800, categorical: 0.500, threshold: 1.900, hinge: 0.500
10 samples
Density: max memory 477626368, total allocated 201326592, free 108196944, used 93129648, increment 80096
linearPredictor: max memory 477626368, total allocated 201326592, free 108116848, used 93209744, increment 80096
FeaturedSpace: max memory 477626368, total allocated 201326592, free 108116848, used 93209744, increment 0
Sequential: max memory 477626368, total allocated 201326592, free 108116848, used 93209744, increment 0
Initial loss: 9.211339872309265
Time since start: 3.409
60: time = 0.250000 loss = 9.123485
Resulting gain: 0.08785523677151907
species_1 response curves
getSamples: max memory 477626368, total allocated 201326592, free 95221832, used 106104760, increment 12895016
Making features
makeFeatures: max memory 477626368, total allocated 201326592, free 95221832, used 106104760, increment 0
species_2: 
Regularization values: linear/quadratic/product: 0.800, categorical: 0.500, threshold: 1.900, hinge: 0.500
10 samples
Density: max memory 477626368, total allocated 201326592, free 95221832, used 106104760, increment 0
linearPredictor: max memory 477626368, total allocated 201326592, free 92320664, used 109005928, increment 2901168
FeaturedSpace: max memory 477626368, total allocated 201326592, free 92320664, used 109005928, increment 0
Sequential: max memory 477626368, total allocated 201326592, free 92320664, used 109005928, increment 0
Initial loss: 9.211339872309265
Initial test loss: 9.211339872309265
80: time = 0.310000 loss = 8.243581 testLoss 8.525989
Resulting gain: 0.9677588849875622
Projecting...
Writing file C:\Users\aortiz\AppData\Local\Temp\RtmpMjzmQ7\raster\maxent\9270564190\species_2.csv
species_2 response curves
Time since start: 4.528
Response curve: only ppt9
Response curve: only tmean9
Response curve: only vpdmax9
Making features
Making features
makeFeatures: max memory 477626368, total allocated 201326592, free 62986880, used 138339712, increment 29333784
species_2 ppt9: 
Regularization values: linear/quadratic/product: 0.800, categorical: 0.500, threshold: 1.900, hinge: 0.500
10 samples
Density: max memory 477626368, total allocated 201326592, free 62906784, used 138419808, increment 80096
linearPredictor: max memory 477626368, total allocated 201326592, free 62826688, used 138499904, increment 80096
makeFeatures: max memory 477626368, total allocated 201326592, free 62826688, used 138499904, increment 0
species_2 tmean9: 
Regularization values: linear/quadratic/product: 0.800, categorical: 0.500, threshold: 1.900, hinge: 0.500
10 samples
Density: max memory 477626368, total allocated 201326592, free 62020696, used 139305896, increment 805992
linearPredictor: max memory 477626368, total allocated 201326592, free 62020696, used 139305896, increment 0
FeaturedSpace: max memory 477626368, total allocated 201326592, free 62020696, used 139305896, increment 0
Sequential: max memory 477626368, total allocated 201326592, free 62020696, used 139305896, increment 0
Initial loss: 9.211339872309265
FeaturedSpace: max memory 477626368, total allocated 201326592, free 62020696, used 139305896, increment 0
Sequential: max memory 477626368, total allocated 201326592, free 62020696, used 139305896, increment 0
Initial loss: 9.211339872309265
60: time = 0.294000 loss = 9.055497
Resulting gain: 0.15584260804554795
species_2 response curves
80: time = 0.341000 loss = 8.321930
Resulting gain: 0.889409734168332
species_2 response curves
Making features
makeFeatures: max memory 477626368, total allocated 201326592, free 54427040, used 146899552, increment 7593656
species_2 vpdmax9: 
Regularization values: linear/quadratic/product: 0.800, categorical: 0.500, threshold: 1.900, hinge: 0.500
10 samples
Density: max memory 477626368, total allocated 201326592, free 53616760, used 147709832, increment 810280
linearPredictor: max memory 477626368, total allocated 201326592, free 53616760, used 147709832, increment 0
FeaturedSpace: max memory 477626368, total allocated 201326592, free 53616760, used 147709832, increment 0
Sequential: max memory 477626368, total allocated 201326592, free 53616760, used 147709832, increment 0
Initial loss: 9.211339872309265
60: time = 0.258000 loss = 9.111598
Resulting gain: 0.09974181791681325
species_2 response curves
getSamples: max memory 477626368, total allocated 201326592, free 39892736, used 161433856, increment 13724024
Making features
makeFeatures: max memory 477626368, total allocated 201326592, free 39812640, used 161513952, increment 80096
species_3: 
Regularization values: linear/quadratic/product: 0.800, categorical: 0.500, threshold: 1.900, hinge: 0.500
10 samples
Density: max memory 477626368, total allocated 201326592, free 39732544, used 161594048, increment 80096
linearPredictor: max memory 477626368, total allocated 201326592, free 39652448, used 161674144, increment 80096
FeaturedSpace: max memory 477626368, total allocated 201326592, free 39652448, used 161674144, increment 0
Sequential: max memory 477626368, total allocated 201326592, free 39652448, used 161674144, increment 0
Initial loss: 9.211339872309265
Initial test loss: 9.211339872309265
Time since start: 5.795
80: time = 0.308000 loss = 8.257714 testLoss 8.420408
Resulting gain: 0.9536259163526264
Projecting...
Writing file C:\Users\aortiz\AppData\Local\Temp\RtmpMjzmQ7\raster\maxent\9270564190\species_3.csv
species_3 response curves
Response curve: only ppt9
Response curve: only tmean9
Response curve: only vpdmax9
Making features
Making features
makeFeatures: max memory 477626368, total allocated 194510848, free 153814032, used 40696816, increment -120977328
species_3 ppt9: 
Regularization values: linear/quadratic/product: 0.800, categorical: 0.500, threshold: 1.900, hinge: 0.500
10 samples
makeFeatures: max memory 477626368, total allocated 194510848, free 153814032, used 40696816, increment 0
species_3 tmean9: 
Regularization values: linear/quadratic/product: 0.800, categorical: 0.500, threshold: 1.900, hinge: 0.500
10 samples
Density: max memory 477626368, total allocated 194510848, free 153814032, used 40696816, increment 0
linearPredictor: max memory 477626368, total allocated 194510848, free 153814032, used 40696816, increment 0
Density: max memory 477626368, total allocated 194510848, free 153814032, used 40696816, increment 0
linearPredictor: max memory 477626368, total allocated 194510848, free 153814032, used 40696816, increment 0
FeaturedSpace: max memory 477626368, total allocated 194510848, free 153814032, used 40696816, increment 0
Sequential: max memory 477626368, total allocated 194510848, free 153814032, used 40696816, increment 0
Initial loss: 9.211339872309265
FeaturedSpace: max memory 477626368, total allocated 194510848, free 153814032, used 40696816, increment 0
Sequential: max memory 477626368, total allocated 194510848, free 153814032, used 40696816, increment 0
Initial loss: 9.211339872309265
60: time = 0.319000 loss = 9.055329
Resulting gain: 0.15601042524757247
species_3 response curves
80: time = 0.350000 loss = 8.338143
Resulting gain: 0.8731966202006927
species_3 response curves
Time since start: 6.814
Making features
makeFeatures: max memory 477626368, total allocated 194510848, free 146871032, used 47639816, increment 6943000
species_3 vpdmax9: 
Regularization values: linear/quadratic/product: 0.800, categorical: 0.500, threshold: 1.900, hinge: 0.500
10 samples
Density: max memory 477626368, total allocated 194510848, free 146871032, used 47639816, increment 0
linearPredictor: max memory 477626368, total allocated 194510848, free 146790936, used 47719912, increment 80096
FeaturedSpace: max memory 477626368, total allocated 194510848, free 146790936, used 47719912, increment 0
Sequential: max memory 477626368, total allocated 194510848, free 146790936, used 47719912, increment 0
Initial loss: 9.211339872309265
60: time = 0.216000 loss = 9.113584
Resulting gain: 0.09775586810767223
species_3 response curves
getSamples: max memory 477626368, total allocated 194510848, free 133497408, used 61013440, increment 13293528
Making features
makeFeatures: max memory 477626368, total allocated 194510848, free 133497408, used 61013440, increment 0
species_4: 
Regularization values: linear/quadratic/product: 0.800, categorical: 0.500, threshold: 1.900, hinge: 0.500
10 samples
Density: max memory 477626368, total allocated 194510848, free 133497408, used 61013440, increment 0
linearPredictor: max memory 477626368, total allocated 194510848, free 133497408, used 61013440, increment 0
FeaturedSpace: max memory 477626368, total allocated 194510848, free 133497408, used 61013440, increment 0
Sequential: max memory 477626368, total allocated 194510848, free 133497408, used 61013440, increment 0
Initial loss: 9.211339872309265
Initial test loss: 9.211339872309265
80: time = 0.361000 loss = 8.275091 testLoss 8.255547
Resulting gain: 0.9362489471185249
Time since start: 7.886
Projecting...
Writing file C:\Users\aortiz\AppData\Local\Temp\RtmpMjzmQ7\raster\maxent\9270564190\species_4.csv
species_4 response curves
Response curve: only ppt9
Response curve: only tmean9
Response curve: only vpdmax9
Making features
Making features
makeFeatures: max memory 477626368, total allocated 194510848, free 100276456, used 94234392, increment 33220952
species_4 ppt9: 
makeFeatures: max memory 477626368, total allocated 194510848, free 100276456, used 94234392, increment 0
species_4 tmean9: 
Regularization values: linear/quadratic/product: 0.800, categorical: 0.500, threshold: 1.900, hinge: 0.500
10 samples
Regularization values: linear/quadratic/product: 0.800, categorical: 0.500, threshold: 1.900, hinge: 0.500
10 samples
Density: max memory 477626368, total allocated 194510848, free 100276456, used 94234392, increment 0
linearPredictor: max memory 477626368, total allocated 194510848, free 100276456, used 94234392, increment 0
Density: max memory 477626368, total allocated 194510848, free 100276456, used 94234392, increment 0
linearPredictor: max memory 477626368, total allocated 194510848, free 100276456, used 94234392, increment 0
FeaturedSpace: max memory 477626368, total allocated 194510848, free 100276456, used 94234392, increment 0
Sequential: max memory 477626368, total allocated 194510848, free 100276456, used 94234392, increment 0
FeaturedSpace: max memory 477626368, total allocated 194510848, free 100276456, used 94234392, increment 0
Initial loss: 9.211339872309265
Sequential: max memory 477626368, total allocated 194510848, free 100276456, used 94234392, increment 0
Initial loss: 9.211339872309265
60: time = 0.297000 loss = 8.981138
Resulting gain: 0.23020219040212986
species_4 response curves
Making features
makeFeatures: max memory 477626368, total allocated 194510848, free 95672632, used 98838216, increment 4603824
species_4 vpdmax9: 
Regularization values: linear/quadratic/product: 0.800, categorical: 0.500, threshold: 1.900, hinge: 0.500
10 samples
Density: max memory 477626368, total allocated 194510848, free 95672632, used 98838216, increment 0
linearPredictor: max memory 477626368, total allocated 194510848, free 95592536, used 98918312, increment 80096
FeaturedSpace: max memory 477626368, total allocated 194510848, free 95592536, used 98918312, increment 0
Sequential: max memory 477626368, total allocated 194510848, free 95592536, used 98918312, increment 0
Initial loss: 9.211339872309265
80: time = 0.422000 loss = 8.429036
Resulting gain: 0.7823043102618765
species_4 response curves
60: time = 0.216000 loss = 9.145376
Resulting gain: 0.06596424994737582
species_4 response curves
Time since start: 8.958
getSamples: max memory 477626368, total allocated 194510848, free 79610608, used 114900240, increment 15981928
Making features
makeFeatures: max memory 477626368, total allocated 194510848, free 79290224, used 115220624, increment 320384
species_5: 
Regularization values: linear/quadratic/product: 0.800, categorical: 0.500, threshold: 1.900, hinge: 0.500
10 samples
Density: max memory 477626368, total allocated 194510848, free 79210128, used 115300720, increment 80096
linearPredictor: max memory 477626368, total allocated 194510848, free 79130032, used 115380816, increment 80096
FeaturedSpace: max memory 477626368, total allocated 194510848, free 79130032, used 115380816, increment 0
Sequential: max memory 477626368, total allocated 194510848, free 79130032, used 115380816, increment 0
Initial loss: 9.211339872309265
Initial test loss: 9.211339872309265
80: time = 0.357000 loss = 8.193858 testLoss 9.026264
Resulting gain: 1.0174821027161531
Projecting...
Writing file C:\Users\aortiz\AppData\Local\Temp\RtmpMjzmQ7\raster\maxent\9270564190\species_5.csv
species_5 response curves
Response curve: only ppt9
Response curve: only tmean9
Response curve: only vpdmax9
Making features
Making features
makeFeatures: max memory 477626368, total allocated 194510848, free 46836904, used 147673944, increment 32293128
species_5 tmean9: 
makeFeatures: max memory 477626368, total allocated 194510848, free 46836904, used 147673944, increment 0
species_5 ppt9: 
Regularization values: linear/quadratic/product: 0.800, categorical: 0.500, threshold: 1.900, hinge: 0.500
10 samples
Regularization values: linear/quadratic/product: 0.800, categorical: 0.500, threshold: 1.900, hinge: 0.500
10 samples
Density: max memory 477626368, total allocated 194510848, free 46836904, used 147673944, increment 0
linearPredictor: max memory 477626368, total allocated 194510848, free 46836904, used 147673944, increment 0
Density: max memory 477626368, total allocated 194510848, free 46836904, used 147673944, increment 0
linearPredictor: max memory 477626368, total allocated 194510848, free 46836904, used 147673944, increment 0
FeaturedSpace: max memory 477626368, total allocated 194510848, free 46836904, used 147673944, increment 0
Sequential: max memory 477626368, total allocated 194510848, free 46836904, used 147673944, increment 0
FeaturedSpace: max memory 477626368, total allocated 194510848, free 46836904, used 147673944, increment 0
Sequential: max memory 477626368, total allocated 194510848, free 46836904, used 147673944, increment 0
Initial loss: 9.211339872309265
Initial loss: 9.211339872309265
Time since start: 10.186
60: time = 0.294000 loss = 8.910825
Resulting gain: 0.3005152229197847
species_5 response curves
80: time = 0.388000 loss = 8.407495
Resulting gain: 0.8038445367062472
species_5 response curves
Making features
makeFeatures: max memory 477626368, total allocated 194510848, free 41150640, used 153360208, increment 5686264
species_5 vpdmax9: 
Regularization values: linear/quadratic/product: 0.800, categorical: 0.500, threshold: 1.900, hinge: 0.500
10 samples
Density: max memory 477626368, total allocated 194510848, free 41150640, used 153360208, increment 0
linearPredictor: max memory 477626368, total allocated 194510848, free 41070544, used 153440304, increment 80096
FeaturedSpace: max memory 477626368, total allocated 194510848, free 41070544, used 153440304, increment 0
Sequential: max memory 477626368, total allocated 194510848, free 41070544, used 153440304, increment 0
Initial loss: 9.211339872309265
60: time = 0.250000 loss = 9.145681
Resulting gain: 0.06565855974468704
species_5 response curves
getSamples: max memory 477626368, total allocated 194510848, free 23410992, used 171099856, increment 17659552
Making features
makeFeatures: max memory 477626368, total allocated 194510848, free 23410992, used 171099856, increment 0
species_6: 
Regularization values: linear/quadratic/product: 0.800, categorical: 0.500, threshold: 1.900, hinge: 0.500
10 samples
Density: max memory 477626368, total allocated 194510848, free 23410992, used 171099856, increment 0
linearPredictor: max memory 477626368, total allocated 194510848, free 23410992, used 171099856, increment 0
FeaturedSpace: max memory 477626368, total allocated 194510848, free 23410992, used 171099856, increment 0
Sequential: max memory 477626368, total allocated 194510848, free 23410992, used 171099856, increment 0
Initial loss: 9.211339872309265
Initial test loss: 9.211339872309265
80: time = 0.309000 loss = 8.237644 testLoss 8.634389
Resulting gain: 0.9736960191546178
Time since start: 11.327
Projecting...
Writing file C:\Users\aortiz\AppData\Local\Temp\RtmpMjzmQ7\raster\maxent\9270564190\species_6.csv
species_6 response curves
Response curve: only ppt9
Response curve: only tmean9
Response curve: only vpdmax9
Making features
Making features
makeFeatures: max memory 477626368, total allocated 183500800, free 133366504, used 50134296, increment -120965560
species_6 tmean9: 
makeFeatures: max memory 477626368, total allocated 183500800, free 133366504, used 50134296, increment 0
Regularization values: linear/quadratic/product: 0.800, categorical: 0.500, threshold: 1.900, hinge: 0.500
species_6 ppt9: 
10 samples
Regularization values: linear/quadratic/product: 0.800, categorical: 0.500, threshold: 1.900, hinge: 0.500
10 samples
Density: max memory 477626368, total allocated 183500800, free 133366504, used 50134296, increment 0
linearPredictor: max memory 477626368, total allocated 183500800, free 133366504, used 50134296, increment 0
Density: max memory 477626368, total allocated 183500800, free 133366504, used 50134296, increment 0
linearPredictor: max memory 477626368, total allocated 183500800, free 133366504, used 50134296, increment 0
FeaturedSpace: max memory 477626368, total allocated 183500800, free 133366504, used 50134296, increment 0
Sequential: max memory 477626368, total allocated 183500800, free 133366504, used 50134296, increment 0
FeaturedSpace: max memory 477626368, total allocated 183500800, free 133366504, used 50134296, increment 0
Initial loss: 9.211339872309265
Sequential: max memory 477626368, total allocated 183500800, free 133366504, used 50134296, increment 0
Initial loss: 9.211339872309265
80: time = 0.235000 loss = 8.360308
Resulting gain: 0.851031514124827
species_6 response curves
60: time = 0.313000 loss = 9.006318
Resulting gain: 0.20502197555146928
species_6 response curves
Making features
makeFeatures: max memory 477626368, total allocated 183500800, free 126956408, used 56544392, increment 6410096
species_6 vpdmax9: 
Regularization values: linear/quadratic/product: 0.800, categorical: 0.500, threshold: 1.900, hinge: 0.500
10 samples
Density: max memory 477626368, total allocated 183500800, free 126956408, used 56544392, increment 0
linearPredictor: max memory 477626368, total allocated 183500800, free 126956408, used 56544392, increment 0
FeaturedSpace: max memory 477626368, total allocated 183500800, free 126956408, used 56544392, increment 0
Sequential: max memory 477626368, total allocated 183500800, free 126956408, used 56544392, increment 0
Initial loss: 9.211339872309265
60: time = 0.216000 loss = 9.129453
Resulting gain: 0.08188670036392054
species_6 response curves
Time since start: 12.37
getSamples: max memory 477626368, total allocated 183500800, free 110886552, used 72614248, increment 16069856
Making features
makeFeatures: max memory 477626368, total allocated 183500800, free 110886552, used 72614248, increment 0
species_7: 
Regularization values: linear/quadratic/product: 0.800, categorical: 0.500, threshold: 1.900, hinge: 0.500
10 samples
Density: max memory 477626368, total allocated 183500800, free 110886552, used 72614248, increment 0
linearPredictor: max memory 477626368, total allocated 183500800, free 110886552, used 72614248, increment 0
FeaturedSpace: max memory 477626368, total allocated 183500800, free 110886552, used 72614248, increment 0
Sequential: max memory 477626368, total allocated 183500800, free 110886552, used 72614248, increment 0
Initial loss: 9.211339872309265
Initial test loss: 9.211339872309265
80: time = 0.363000 loss = 8.275798 testLoss 8.184543
Resulting gain: 0.9355421875294336
Projecting...
Writing file C:\Users\aortiz\AppData\Local\Temp\RtmpMjzmQ7\raster\maxent\9270564190\species_7.csv
species_7 response curves
Response curve: only ppt9
Response curve: only tmean9
Response curve: only vpdmax9
Making features
Making features
makeFeatures: max memory 477626368, total allocated 183500800, free 79217360, used 104283440, increment 31669192
species_7 tmean9: 
Regularization values: linear/quadratic/product: 0.800, categorical: 0.500, threshold: 1.900, hinge: 0.500
10 samples
makeFeatures: max memory 477626368, total allocated 183500800, free 79217360, used 104283440, increment 0
species_7 ppt9: 
Density: max memory 477626368, total allocated 183500800, free 79217360, used 104283440, increment 0
linearPredictor: max memory 477626368, total allocated 183500800, free 79217360, used 104283440, increment 0
Regularization values: linear/quadratic/product: 0.800, categorical: 0.500, threshold: 1.900, hinge: 0.500
10 samples
Density: max memory 477626368, total allocated 183500800, free 79217360, used 104283440, increment 0
linearPredictor: max memory 477626368, total allocated 183500800, free 79217360, used 104283440, increment 0
FeaturedSpace: max memory 477626368, total allocated 183500800, free 79217360, used 104283440, increment 0
Sequential: max memory 477626368, total allocated 183500800, free 79217360, used 104283440, increment 0
Initial loss: 9.211339872309265
FeaturedSpace: max memory 477626368, total allocated 183500800, free 79217360, used 104283440, increment 0
Sequential: max memory 477626368, total allocated 183500800, free 79217360, used 104283440, increment 0
Initial loss: 9.211339872309265
Time since start: 13.609
60: time = 0.297000 loss = 8.968819
Resulting gain: 0.2425210898257486
species_7 response curves
Making features
makeFeatures: max memory 477626368, total allocated 183500800, free 74864992, used 108635808, increment 4352368
species_7 vpdmax9: 
Regularization values: linear/quadratic/product: 0.800, categorical: 0.500, threshold: 1.900, hinge: 0.500
10 samples
Density: max memory 477626368, total allocated 183500800, free 74864992, used 108635808, increment 0
linearPredictor: max memory 477626368, total allocated 183500800, free 74864992, used 108635808, increment 0
FeaturedSpace: max memory 477626368, total allocated 183500800, free 74864992, used 108635808, increment 0
Sequential: max memory 477626368, total allocated 183500800, free 74864992, used 108635808, increment 0
Initial loss: 9.211339872309265
80: time = 0.422000 loss = 8.442557
Resulting gain: 0.7687825269589421
species_7 response curves
60: time = 0.234000 loss = 9.140821
Resulting gain: 0.07051854892740828
species_7 response curves
getSamples: max memory 477626368, total allocated 183500800, free 56773616, used 126727184, increment 18091376
Making features
makeFeatures: max memory 477626368, total allocated 183500800, free 56773616, used 126727184, increment 0
species_8: 
Regularization values: linear/quadratic/product: 0.800, categorical: 0.500, threshold: 1.900, hinge: 0.500
10 samples
Density: max memory 477626368, total allocated 183500800, free 56773616, used 126727184, increment 0
linearPredictor: max memory 477626368, total allocated 183500800, free 56773616, used 126727184, increment 0
FeaturedSpace: max memory 477626368, total allocated 183500800, free 56773616, used 126727184, increment 0
Sequential: max memory 477626368, total allocated 183500800, free 56773616, used 126727184, increment 0
Initial loss: 9.211339872309265
Initial test loss: 9.211339872309265
100: time = 0.282000 loss = 8.328706 testLoss 8.003897
Resulting gain: 0.8826336786369424
Time since start: 14.724
Projecting...
Writing file C:\Users\aortiz\AppData\Local\Temp\RtmpMjzmQ7\raster\maxent\9270564190\species_8.csv
species_8 response curves
Response curve: only ppt9
Response curve: only tmean9
Response curve: only vpdmax9
Making features
Making features
makeFeatures: max memory 477626368, total allocated 183500800, free 25097416, used 158403384, increment 31676200
species_8 tmean9: 
makeFeatures: max memory 477626368, total allocated 183500800, free 25097416, used 158403384, increment 0
species_8 ppt9: 
Regularization values: linear/quadratic/product: 0.800, categorical: 0.500, threshold: 1.900, hinge: 0.500
Regularization values: linear/quadratic/product: 0.800, categorical: 0.500, threshold: 1.900, hinge: 0.500
10 samples
10 samples
Density: max memory 477626368, total allocated 183500800, free 25097416, used 158403384, increment 0
Density: max memory 477626368, total allocated 183500800, free 25017320, used 158483480, increment 80096
linearPredictor: max memory 477626368, total allocated 183500800, free 25017320, used 158483480, increment 80096
linearPredictor: max memory 477626368, total allocated 183500800, free 24937224, used 158563576, increment 80096
FeaturedSpace: max memory 477626368, total allocated 183500800, free 24937224, used 158563576, increment 0
Sequential: max memory 477626368, total allocated 183500800, free 24937224, used 158563576, increment 0
Initial loss: 9.211339872309265
FeaturedSpace: max memory 477626368, total allocated 183500800, free 24937224, used 158563576, increment 0
Sequential: max memory 477626368, total allocated 183500800, free 24937224, used 158563576, increment 0
Initial loss: 9.211339872309265
60: time = 0.297000 loss = 9.076894
Resulting gain: 0.13444558363582715
species_8 response curves
80: time = 0.391000 loss = 8.406610
Resulting gain: 0.8047298629325006
species_8 response curves
Making features
makeFeatures: max memory 477626368, total allocated 183500800, free 18523136, used 164977664, increment 6414088
species_8 vpdmax9: 
Regularization values: linear/quadratic/product: 0.800, categorical: 0.500, threshold: 1.900, hinge: 0.500
10 samples
Density: max memory 477626368, total allocated 183500800, free 18523136, used 164977664, increment 0
linearPredictor: max memory 477626368, total allocated 183500800, free 18523136, used 164977664, increment 0
FeaturedSpace: max memory 477626368, total allocated 183500800, free 18523136, used 164977664, increment 0
Sequential: max memory 477626368, total allocated 183500800, free 18523136, used 164977664, increment 0
Initial loss: 9.211339872309265
60: time = 0.235000 loss = 9.151412
Resulting gain: 0.05992760152667742
species_8 response curves
Time since start: 15.88
getSamples: max memory 477626368, total allocated 179830784, free 139431008, used 40399776, increment -124577888
Making features
makeFeatures: max memory 477626368, total allocated 179830784, free 139431008, used 40399776, increment 0
species_9: 
Regularization values: linear/quadratic/product: 0.800, categorical: 0.500, threshold: 1.900, hinge: 0.500
10 samples
Density: max memory 477626368, total allocated 179830784, free 139431008, used 40399776, increment 0
linearPredictor: max memory 477626368, total allocated 179830784, free 139431008, used 40399776, increment 0
FeaturedSpace: max memory 477626368, total allocated 179830784, free 139431008, used 40399776, increment 0
Sequential: max memory 477626368, total allocated 179830784, free 139431008, used 40399776, increment 0
Initial loss: 9.211339872309265
Initial test loss: 9.211339872309265
120: time = 0.281000 loss = 8.299142 testLoss 8.573753
Resulting gain: 0.9121975016567312
Projecting...
Writing file C:\Users\aortiz\AppData\Local\Temp\RtmpMjzmQ7\raster\maxent\9270564190\species_9.csv
species_9 response curves
Response curve: only ppt9
Response curve: only tmean9
Response curve: only vpdmax9
Making features
Making features
makeFeatures: max memory 477626368, total allocated 179830784, free 107180152, used 72650632, increment 32250856
species_9 tmean9: 
makeFeatures: max memory 477626368, total allocated 179830784, free 107180152, used 72650632, increment 32250856
Regularization values: linear/quadratic/product: 0.800, categorical: 0.500, threshold: 1.900, hinge: 0.500
species_9 ppt9: 
10 samples
Regularization values: linear/quadratic/product: 0.800, categorical: 0.500, threshold: 1.900, hinge: 0.500
10 samples
Density: max memory 477626368, total allocated 179830784, free 107180152, used 72650632, increment 0
linearPredictor: max memory 477626368, total allocated 179830784, free 107180152, used 72650632, increment 0
Density: max memory 477626368, total allocated 179830784, free 107180152, used 72650632, increment 0
linearPredictor: max memory 477626368, total allocated 179830784, free 107180152, used 72650632, increment 0
FeaturedSpace: max memory 477626368, total allocated 179830784, free 107180152, used 72650632, increment 0
Sequential: max memory 477626368, total allocated 179830784, free 107180152, used 72650632, increment 0
FeaturedSpace: max memory 477626368, total allocated 179830784, free 107180152, used 72650632, increment 0
Initial loss: 9.211339872309265
Sequential: max memory 477626368, total allocated 179830784, free 107180152, used 72650632, increment 0
Initial loss: 9.211339872309265
Time since start: 17.015
80: time = 0.266000 loss = 8.386867
Resulting gain: 0.8244726131799691
species_9 response curves
60: time = 0.327000 loss = 9.077863
Resulting gain: 0.13347643200084391
species_9 response curves
Making features
makeFeatures: max memory 477626368, total allocated 179830784, free 98763480, used 81067304, increment 8416672
species_9 vpdmax9: 
Regularization values: linear/quadratic/product: 0.800, categorical: 0.500, threshold: 1.900, hinge: 0.500
10 samples
Density: max memory 477626368, total allocated 179830784, free 98763480, used 81067304, increment 0
linearPredictor: max memory 477626368, total allocated 179830784, free 98763480, used 81067304, increment 0
FeaturedSpace: max memory 477626368, total allocated 179830784, free 98763480, used 81067304, increment 0
Sequential: max memory 477626368, total allocated 179830784, free 98763480, used 81067304, increment 0
Initial loss: 9.211339872309265
60: time = 0.219000 loss = 9.153412
Resulting gain: 0.05792824304688082
species_9 response curves
Reading file absence
readGrid: max memory 477626368, total allocated 179830784, free 38074952, used 141755832, increment 60688528
Reading file absence
readGrid: max memory 477626368, total allocated 174063616, free 124931184, used 49132432, increment -92623400
Reading file absence
readGrid: max memory 477626368, total allocated 174063616, free 79069352, used 94994264, increment 45861832
Time since start: 18.024
Reading file absence
readGrid: max memory 477626368, total allocated 174063616, free 33207600, used 140856016, increment 45861752
Reading file absence
readGrid: max memory 477626368, total allocated 192937984, free 163585760, used 29352224, increment -111503792
Reading file absence
readGrid: max memory 477626368, total allocated 192937984, free 119037976, used 73900008, increment 44547784
Reading file absence
readGrid: max memory 477626368, total allocated 192937984, free 71869840, used 121068144, increment 47168136
Reading file absence
readGrid: max memory 477626368, total allocated 203948032, free 184145224, used 19802808, increment -101265336
Reading file absence
readGrid: max memory 477626368, total allocated 203948032, free 137122464, used 66825568, increment 47022760
Reading file absence
readGrid: max memory 477626368, total allocated 203948032, free 93038776, used 110909256, increment 44083688
Creating average grid, stddev grid etc.
Writing file C:\Users\aortiz\AppData\Local\Temp\RtmpMjzmQ7\raster\maxent\9270564190\species_avg.csv
Writing file C:\Users\aortiz\AppData\Local\Temp\RtmpMjzmQ7\raster\maxent\9270564190\species_stddev.csv
Writing file C:\Users\aortiz\AppData\Local\Temp\RtmpMjzmQ7\raster\maxent\9270564190\species_min.csv
Writing file C:\Users\aortiz\AppData\Local\Temp\RtmpMjzmQ7\raster\maxent\9270564190\species_max.csv
Writing file C:\Users\aortiz\AppData\Local\Temp\RtmpMjzmQ7\raster\maxent\9270564190\species_median.csv
species average response curves
Time since start: 19.529
Ending
