Fri Sep 08 15:56:19 CDT 2017
MaxEnt version 3.4.0
Reading file absence
readGrid: max memory 477626368, total allocated 168296448, free 129079384, used 39217064, increment -50309280
Reading samples from presence
Read samples: max memory 477626368, total allocated 168296448, free 83472976, used 84823472, increment 45606408
Adding samples to background in feature space
Command line used:  autorun -e C:\Users\aortiz\AppData\Local\Temp\RtmpMjzmQ7/raster/maxent/248459105103/absence -o C:\Users\aortiz\AppData\Local\Temp\RtmpMjzmQ7/raster/maxent/248459105103 -s C:\Users\aortiz\AppData\Local\Temp\RtmpMjzmQ7/raster/maxent/248459105103/presence -z randomseed=true threads=2 responsecurves=true replicates=10 replicatetype=crossvalidate maximumiterations=1000 -J
Command line to repeat: java density.MaxEnt nowarnings noprefixes responsecurves jackknife outputdirectory=C:\Users\aortiz\AppData\Local\Temp\RtmpMjzmQ7/raster/maxent/248459105103 samplesfile=C:\Users\aortiz\AppData\Local\Temp\RtmpMjzmQ7/raster/maxent/248459105103/presence environmentallayers=C:\Users\aortiz\AppData\Local\Temp\RtmpMjzmQ7/raster/maxent/248459105103/absence randomseed replicates=10 autorun novisible maximumiterations=1000 threads=2
Species: species_0 species_1 species_2 species_3 species_4 species_5 species_6 species_7 species_8 species_9
Layers: ppt9 tmean9 vpdmax9
Layertypes: Continuous Continuous Continuous
responsecurves: true
jackknife: true
outputdirectory: C:\Users\aortiz\AppData\Local\Temp\RtmpMjzmQ7/raster/maxent/248459105103
samplesfile: C:\Users\aortiz\AppData\Local\Temp\RtmpMjzmQ7/raster/maxent/248459105103/presence
environmentallayers: C:\Users\aortiz\AppData\Local\Temp\RtmpMjzmQ7/raster/maxent/248459105103/absence
randomseed: true
replicates: 10
autorun: true
visible: false
maximumiterations: 1000
threads: 2

getSamples: max memory 477626368, total allocated 168296448, free 83472976, used 84823472, increment 0
Making features
makeFeatures: max memory 477626368, total allocated 168296448, free 80859312, used 87437136, increment 2613664
species_0: 
Regularization values: linear/quadratic/product: 0.250, categorical: 0.250, threshold: 1.700, hinge: 0.500
30 samples
Density: max memory 477626368, total allocated 168296448, free 75733328, used 92563120, increment 5125984
linearPredictor: max memory 477626368, total allocated 168296448, free 75733328, used 92563120, increment 0
FeaturedSpace: max memory 477626368, total allocated 168296448, free 75733328, used 92563120, increment 0
Sequential: max memory 477626368, total allocated 168296448, free 75733328, used 92563120, increment 0
Initial loss: 9.21333588095598
Initial test loss: 9.21333588095598
Time since start: 7.26
320: time = 7.151000 loss = 8.730508 testLoss 8.781341
Resulting gain: 0.4828282471487171
Projecting...
Writing file C:\Users\aortiz\AppData\Local\Temp\RtmpMjzmQ7\raster\maxent\248459105103\species_0.csv
species_0 response curves
Response curve: only ppt9
Response curve: only tmean9
Response curve: only vpdmax9
Making features
Making features
makeFeatures: max memory 477626368, total allocated 125304832, free 96266600, used 29038232, increment -63524888
species_0 ppt9: 
makeFeatures: max memory 477626368, total allocated 125304832, free 96266600, used 29038232, increment 0
species_0 tmean9: 
Regularization values: linear/quadratic/product: 0.250, categorical: 0.250, threshold: 1.700, hinge: 0.500
Regularization values: linear/quadratic/product: 0.250, categorical: 0.250, threshold: 1.700, hinge: 0.500
30 samples
30 samples
Density: max memory 477626368, total allocated 125304832, free 96186344, used 29118488, increment 80256
linearPredictor: max memory 477626368, total allocated 125304832, free 96106088, used 29198744, increment 80256
Density: max memory 477626368, total allocated 125304832, free 96106088, used 29198744, increment 0
linearPredictor: max memory 477626368, total allocated 125304832, free 94313024, used 30991808, increment 1793064
FeaturedSpace: max memory 477626368, total allocated 125304832, free 94313024, used 30991808, increment 0
Sequential: max memory 477626368, total allocated 125304832, free 94313024, used 30991808, increment 0
Initial loss: 9.21333588095598
FeaturedSpace: max memory 477626368, total allocated 125304832, free 92519848, used 32784984, increment 1793176
Sequential: max memory 477626368, total allocated 125304832, free 92519848, used 32784984, increment 0
Initial loss: 9.21333588095598
Time since start: 9.532
140: time = 1.618000 loss = 8.824378
Resulting gain: 0.38895807862014387
species_0 response curves
Making features
makeFeatures: max memory 477626368, total allocated 106954752, free 26380768, used 80573984, increment 47789000
species_0 vpdmax9: 
Regularization values: linear/quadratic/product: 0.250, categorical: 0.250, threshold: 1.700, hinge: 0.500
30 samples
Density: max memory 477626368, total allocated 102236160, free 84523920, used 17712240, increment -62861744
linearPredictor: max memory 477626368, total allocated 102236160, free 84523920, used 17712240, increment 0
FeaturedSpace: max memory 477626368, total allocated 102236160, free 84523920, used 17712240, increment 0
Sequential: max memory 477626368, total allocated 102236160, free 84523920, used 17712240, increment 0
Initial loss: 9.21333588095598
180: time = 2.162000 loss = 9.107310
Resulting gain: 0.10602610718102667
species_0 response curves
Time since start: 10.588
100: time = 0.931000 loss = 9.146981
Resulting gain: 0.0663551020435964
species_0 response curves
Jackknife: leave ppt9 out
Jackknife: leave tmean9 out
Jackknife: leave vpdmax9 out
Jackknife: only ppt9
Jackknife: only tmean9
Jackknife: only vpdmax9
Making features
Making features
makeFeatures: max memory 477626368, total allocated 93847552, free 68752872, used 25094680, increment 7382440
species_0 ppt9: 
makeFeatures: max memory 477626368, total allocated 93847552, free 68752872, used 25094680, increment 7382440
Regularization values: linear/quadratic/product: 0.250, categorical: 0.250, threshold: 1.700, hinge: 0.500
species_0 tmean9: 
Regularization values: linear/quadratic/product: 0.250, categorical: 0.250, threshold: 1.700, hinge: 0.500
30 samples
30 samples
Density: max memory 477626368, total allocated 93847552, free 62757640, used 31089912, increment 5995232
linearPredictor: max memory 477626368, total allocated 93847552, free 62757640, used 31089912, increment 0
FeaturedSpace: max memory 477626368, total allocated 93847552, free 62757640, used 31089912, increment 0
Sequential: max memory 477626368, total allocated 93847552, free 62757640, used 31089912, increment 0
Initial loss: 9.21333588095598
Initial test loss: 9.21333588095598
Density: max memory 477626368, total allocated 93847552, free 62677384, used 31170168, increment 80256
linearPredictor: max memory 477626368, total allocated 93847552, free 62597128, used 31250424, increment 80256
FeaturedSpace: max memory 477626368, total allocated 93847552, free 61739296, used 32108256, increment 857832
Sequential: max memory 477626368, total allocated 93847552, free 61739296, used 32108256, increment 0
Initial loss: 9.21333588095598
Initial test loss: 9.21333588095598
Time since start: 14.12
200: time = 3.272000 loss = 8.905353 testLoss 8.922880
Making features
makeFeatures: max memory 477626368, total allocated 89653248, free 17422008, used 72231240, increment 40122984
species_0 vpdmax9: 
Regularization values: linear/quadratic/product: 0.250, categorical: 0.250, threshold: 1.700, hinge: 0.500
30 samples
Density: max memory 477626368, total allocated 88080384, free 56558912, used 31521472, increment -40709768
linearPredictor: max memory 477626368, total allocated 88080384, free 56558912, used 31521472, increment 0
FeaturedSpace: max memory 477626368, total allocated 88080384, free 56016928, used 32063456, increment 541984
Sequential: max memory 477626368, total allocated 88080384, free 56016928, used 32063456, increment 0
Initial loss: 9.21333588095598
Initial test loss: 9.21333588095598
Time since start: 15.701
300: time = 4.853000 loss = 8.786590 testLoss 8.778041
Making features
makeFeatures: max memory 477626368, total allocated 78643200, free 25735944, used 52907256, increment 20843800
species_0 ppt9: 
Regularization values: linear/quadratic/product: 0.250, categorical: 0.250, threshold: 1.700, hinge: 0.500
30 samples
Density: max memory 477626368, total allocated 78643200, free 19355872, used 59287328, increment 6380072
linearPredictor: max memory 477626368, total allocated 78643200, free 19275616, used 59367584, increment 80256
FeaturedSpace: max memory 477626368, total allocated 78643200, free 18416752, used 60226448, increment 858864
Sequential: max memory 477626368, total allocated 78643200, free 18416752, used 60226448, increment 0
Initial loss: 9.21333588095598
Initial test loss: 9.21333588095598
Time since start: 17.383
140: time = 1.635000 loss = 8.824378 testLoss 8.695099
Res.gain: 0.38895807862014387
Making features
makeFeatures: max memory 477626368, total allocated 77070336, free 43479072, used 33591264, increment -26635184
species_0 tmean9: 
Regularization values: linear/quadratic/product: 0.250, categorical: 0.250, threshold: 1.700, hinge: 0.500
30 samples
Density: max memory 477626368, total allocated 77070336, free 37300688, used 39769648, increment 6178384
linearPredictor: max memory 477626368, total allocated 77070336, free 37220432, used 39849904, increment 80256
FeaturedSpace: max memory 477626368, total allocated 77070336, free 37220432, used 39849904, increment 0
Sequential: max memory 477626368, total allocated 77070336, free 37220432, used 39849904, increment 0
Initial loss: 9.21333588095598
Initial test loss: 9.21333588095598
Time since start: 19.268
280: time = 5.098000 loss = 8.730519 testLoss 8.783673
Making features
makeFeatures: max memory 477626368, total allocated 83886080, free 14354544, used 69531536, increment 29681632
species_0 vpdmax9: 
Regularization values: linear/quadratic/product: 0.250, categorical: 0.250, threshold: 1.700, hinge: 0.500
30 samples
Density: max memory 477626368, total allocated 82313216, free 54913920, used 27399296, increment -42132240
linearPredictor: max memory 477626368, total allocated 82313216, free 54394040, used 27919176, increment 519880
FeaturedSpace: max memory 477626368, total allocated 82313216, free 53954464, used 28358752, increment 439576
Sequential: max memory 477626368, total allocated 82313216, free 53954464, used 28358752, increment 0
Initial loss: 9.21333588095598
Initial test loss: 9.21333588095598
180: time = 2.151000 loss = 9.107310 testLoss 9.056376
Res.gain: 0.10602610718102667
100: time = 0.935000 loss = 9.146981 testLoss 9.021208
Res.gain: 0.0663551020435964
Time since start: 20.39
getSamples: max memory 477626368, total allocated 77594624, free 17355352, used 60239272, increment 31880520
Making features
makeFeatures: max memory 477626368, total allocated 77594624, free 16526168, used 61068456, increment 829184
species_1: 
Regularization values: linear/quadratic/product: 0.250, categorical: 0.250, threshold: 1.700, hinge: 0.500
30 samples
Density: max memory 477626368, total allocated 77594624, free 12024952, used 65569672, increment 4501216
linearPredictor: max memory 477626368, total allocated 77594624, free 11917832, used 65676792, increment 107120
FeaturedSpace: max memory 477626368, total allocated 77594624, free 11917832, used 65676792, increment 0
Sequential: max memory 477626368, total allocated 77594624, free 11917832, used 65676792, increment 0
Initial loss: 9.21333588095598
Initial test loss: 9.21333588095598
Time since start: 25.982
240: time = 5.529000 loss = 8.705728 testLoss 8.941614
Resulting gain: 0.5076074692646557
Projecting...
Writing file C:\Users\aortiz\AppData\Local\Temp\RtmpMjzmQ7\raster\maxent\248459105103\species_1.csv
species_1 response curves
Response curve: only ppt9
Response curve: only tmean9
Response curve: only vpdmax9
Making features
Making features
makeFeatures: max memory 477626368, total allocated 73924608, free 43893352, used 30031256, increment -35645536
species_1 ppt9: 
makeFeatures: max memory 477626368, total allocated 73924608, free 43893352, used 30031256, increment 0
species_1 tmean9: 
Regularization values: linear/quadratic/product: 0.250, categorical: 0.250, threshold: 1.700, hinge: 0.500
Regularization values: linear/quadratic/product: 0.250, categorical: 0.250, threshold: 1.700, hinge: 0.500
30 samples
Density: max memory 477626368, total allocated 73924608, free 41374608, used 32550000, increment 2518744
linearPredictor: max memory 477626368, total allocated 73924608, free 41294352, used 32630256, increment 80256
30 samples
FeaturedSpace: max memory 477626368, total allocated 73924608, free 41136512, used 32788096, increment 157840
Sequential: max memory 477626368, total allocated 73924608, free 41136512, used 32788096, increment 0
Initial loss: 9.21333588095598
Density: max memory 477626368, total allocated 73924608, free 40716424, used 33208184, increment 420088
linearPredictor: max memory 477626368, total allocated 73924608, free 40636168, used 33288440, increment 80256
FeaturedSpace: max memory 477626368, total allocated 73924608, free 39956504, used 33968104, increment 679664
Sequential: max memory 477626368, total allocated 73924608, free 39956504, used 33968104, increment 0
Initial loss: 9.21333588095598
Time since start: 28.179
120: time = 1.541000 loss = 8.823121
Resulting gain: 0.3902144255695017
species_1 response curves
Making features
makeFeatures: max memory 477626368, total allocated 77594624, free 40199496, used 37395128, increment 3427024
species_1 vpdmax9: 
Regularization values: linear/quadratic/product: 0.250, categorical: 0.250, threshold: 1.700, hinge: 0.500
30 samples
Density: max memory 477626368, total allocated 77594624, free 34103536, used 43491088, increment 6095960
linearPredictor: max memory 477626368, total allocated 77594624, free 34023280, used 43571344, increment 80256
FeaturedSpace: max memory 477626368, total allocated 77594624, free 33593544, used 44001080, increment 429736
Sequential: max memory 477626368, total allocated 77594624, free 33593544, used 44001080, increment 0
Initial loss: 9.21333588095598
80: time = 0.810000 loss = 9.148917
Resulting gain: 0.06441845282523495
species_1 response curves
Time since start: 29.223
220: time = 2.585000 loss = 9.077536
Resulting gain: 0.1358001800500226
species_1 response curves
Jackknife: leave ppt9 out
Jackknife: leave tmean9 out
Jackknife: leave vpdmax9 out
Jackknife: only ppt9
Jackknife: only tmean9
Jackknife: only vpdmax9
Making features
Making features
makeFeatures: max memory 477626368, total allocated 77594624, free 29508416, used 48086208, increment 4085128
species_1 tmean9: 
makeFeatures: max memory 477626368, total allocated 77594624, free 29508416, used 48086208, increment 0
species_1 ppt9: 
Regularization values: linear/quadratic/product: 0.250, categorical: 0.250, threshold: 1.700, hinge: 0.500
Regularization values: linear/quadratic/product: 0.250, categorical: 0.250, threshold: 1.700, hinge: 0.500
30 samples
30 samples
Density: max memory 477626368, total allocated 77594624, free 23674088, used 53920536, increment 5834328
linearPredictor: max memory 477626368, total allocated 77594624, free 23593832, used 54000792, increment 80256
Density: max memory 477626368, total allocated 77594624, free 23513576, used 54081048, increment 80256
linearPredictor: max memory 477626368, total allocated 77594624, free 23433320, used 54161304, increment 80256
FeaturedSpace: max memory 477626368, total allocated 77594624, free 23433320, used 54161304, increment 0
Sequential: max memory 477626368, total allocated 77594624, free 23433320, used 54161304, increment 0
Initial loss: 9.21333588095598
Initial test loss: 9.21333588095598
FeaturedSpace: max memory 477626368, total allocated 77594624, free 23088928, used 54505696, increment 344392
Sequential: max memory 477626368, total allocated 77594624, free 23088928, used 54505696, increment 0
Initial loss: 9.21333588095598
Initial test loss: 9.21333588095598
Time since start: 32.574
180: time = 3.069000 loss = 8.781922 testLoss 8.838396
Making features
makeFeatures: max memory 477626368, total allocated 82313216, free 53363176, used 28950040, increment -25555656
species_1 vpdmax9: 
Regularization values: linear/quadratic/product: 0.250, categorical: 0.250, threshold: 1.700, hinge: 0.500
30 samples
Density: max memory 477626368, total allocated 82313216, free 40140072, used 42173144, increment 13223104
linearPredictor: max memory 477626368, total allocated 82313216, free 40059816, used 42253400, increment 80256
FeaturedSpace: max memory 477626368, total allocated 82313216, free 40059816, used 42253400, increment 0
Sequential: max memory 477626368, total allocated 82313216, free 40059816, used 42253400, increment 0
Initial loss: 9.21333588095598
Initial test loss: 9.21333588095598
220: time = 3.582000 loss = 8.881821 testLoss 9.137473
Making features
makeFeatures: max memory 477626368, total allocated 99090432, free 43546400, used 55544032, increment 13290632
species_1 ppt9: 
Regularization values: linear/quadratic/product: 0.250, categorical: 0.250, threshold: 1.700, hinge: 0.500
30 samples
Density: max memory 477626368, total allocated 99090432, free 38585208, used 60505224, increment 4961192
linearPredictor: max memory 477626368, total allocated 99090432, free 38504952, used 60585480, increment 80256
FeaturedSpace: max memory 477626368, total allocated 99090432, free 38036824, used 61053608, increment 468128
Sequential: max memory 477626368, total allocated 99090432, free 38036824, used 61053608, increment 0
Initial loss: 9.21333588095598
Initial test loss: 9.21333588095598
Time since start: 34.662
120: time = 1.528000 loss = 8.823121 testLoss 8.700058
Res.gain: 0.3902144255695017
Making features
makeFeatures: max memory 477626368, total allocated 79691776, free 40338840, used 39352936, increment -21700672
species_1 tmean9: 
Regularization values: linear/quadratic/product: 0.250, categorical: 0.250, threshold: 1.700, hinge: 0.500
30 samples
Density: max memory 477626368, total allocated 79691776, free 33764512, used 45927264, increment 6574328
linearPredictor: max memory 477626368, total allocated 79691776, free 33684256, used 46007520, increment 80256
FeaturedSpace: max memory 477626368, total allocated 79691776, free 33192368, used 46499408, increment 491888
Sequential: max memory 477626368, total allocated 79691776, free 33192368, used 46499408, increment 0
Initial loss: 9.21333588095598
Initial test loss: 9.21333588095598
Time since start: 37.107
240: time = 4.423000 loss = 8.708746 testLoss 8.958570
Making features
makeFeatures: max memory 477626368, total allocated 88080384, free 9614792, used 78465592, increment 31966184
species_1 vpdmax9: 
Regularization values: linear/quadratic/product: 0.250, categorical: 0.250, threshold: 1.700, hinge: 0.500
30 samples
Density: max memory 477626368, total allocated 86507520, free 53935488, used 32572032, increment -45893560
linearPredictor: max memory 477626368, total allocated 86507520, free 53424584, used 33082936, increment 510904
FeaturedSpace: max memory 477626368, total allocated 86507520, free 52977736, used 33529784, increment 446848
Sequential: max memory 477626368, total allocated 86507520, free 52977736, used 33529784, increment 0
Initial loss: 9.21333588095598
Initial test loss: 9.21333588095598
220: time = 2.554000 loss = 9.077536 testLoss 9.317173
Res.gain: 0.1358001800500226
80: time = 0.766000 loss = 9.148917 testLoss 9.032902
Res.gain: 0.06441845282523495
getSamples: max memory 477626368, total allocated 82837504, free 33677128, used 49160376, increment 15630592
Making features
makeFeatures: max memory 477626368, total allocated 82837504, free 32853192, used 49984312, increment 823936
species_2: 
Regularization values: linear/quadratic/product: 0.250, categorical: 0.250, threshold: 1.700, hinge: 0.500
Time since start: 38.119
30 samples
Density: max memory 477626368, total allocated 82837504, free 28328080, used 54509424, increment 4525112
linearPredictor: max memory 477626368, total allocated 82837504, free 28247824, used 54589680, increment 80256
FeaturedSpace: max memory 477626368, total allocated 82837504, free 28247824, used 54589680, increment 0
Sequential: max memory 477626368, total allocated 82837504, free 28247824, used 54589680, increment 0
Initial loss: 9.21333588095598
Initial test loss: 9.21333588095598
Time since start: 45.832
340: time = 7.697000 loss = 8.697663 testLoss 9.046182
Resulting gain: 0.515672767289141
Projecting...
Writing file C:\Users\aortiz\AppData\Local\Temp\RtmpMjzmQ7\raster\maxent\248459105103\species_2.csv
species_2 response curves
Response curve: only ppt9
Response curve: only tmean9
Response curve: only vpdmax9
Making features
Making features
makeFeatures: max memory 477626368, total allocated 65011712, free 37057976, used 27953736, increment -26635944
species_2 ppt9: 
makeFeatures: max memory 477626368, total allocated 65011712, free 37057976, used 27953736, increment 0
species_2 tmean9: 
Regularization values: linear/quadratic/product: 0.250, categorical: 0.250, threshold: 1.700, hinge: 0.500
Regularization values: linear/quadratic/product: 0.250, categorical: 0.250, threshold: 1.700, hinge: 0.500
30 samples
Density: max memory 477626368, total allocated 65011712, free 34435680, used 30576032, increment 2622296
linearPredictor: max memory 477626368, total allocated 65011712, free 34276504, used 30735208, increment 159176
30 samples
FeaturedSpace: max memory 477626368, total allocated 65011712, free 34039744, used 30971968, increment 236760
Sequential: max memory 477626368, total allocated 65011712, free 34039744, used 30971968, increment 0
Initial loss: 9.21333588095598
Density: max memory 477626368, total allocated 65011712, free 33697816, used 31313896, increment 341928
linearPredictor: max memory 477626368, total allocated 65011712, free 33617560, used 31394152, increment 80256
FeaturedSpace: max memory 477626368, total allocated 65011712, free 32832544, used 32179168, increment 785016
Sequential: max memory 477626368, total allocated 65011712, free 32832544, used 32179168, increment 0
Initial loss: 9.21333588095598
Time since start: 48.052
120: time = 1.445000 loss = 8.810190
Resulting gain: 0.4031454243185788
species_2 response curves
Making features
makeFeatures: max memory 477626368, total allocated 72351744, free 26571424, used 45780320, increment 13601152
species_2 vpdmax9: 
Regularization values: linear/quadratic/product: 0.250, categorical: 0.250, threshold: 1.700, hinge: 0.500
30 samples
Density: max memory 477626368, total allocated 72351744, free 22721344, used 49630400, increment 3850080
linearPredictor: max memory 477626368, total allocated 72351744, free 22721344, used 49630400, increment 0
FeaturedSpace: max memory 477626368, total allocated 72351744, free 22070592, used 50281152, increment 650752
Sequential: max memory 477626368, total allocated 72351744, free 22070592, used 50281152, increment 0
Initial loss: 9.21333588095598
80: time = 0.825000 loss = 9.132235
Resulting gain: 0.08110125062286855
species_2 response curves
Time since start: 49.409
240: time = 2.802000 loss = 9.100061
Resulting gain: 0.11327501793573802
species_2 response curves
Jackknife: leave ppt9 out
Jackknife: leave tmean9 out
Jackknife: leave vpdmax9 out
Jackknife: only ppt9
Jackknife: only tmean9
Jackknife: only vpdmax9
Making features
Making features
makeFeatures: max memory 477626368, total allocated 73400320, free 41758544, used 31641776, increment -18639376
species_2 tmean9: 
Regularization values: linear/quadratic/product: 0.250, categorical: 0.250, threshold: 1.700, hinge: 0.500
makeFeatures: max memory 477626368, total allocated 73400320, free 41758544, used 31641776, increment 0
species_2 ppt9: 
Regularization values: linear/quadratic/product: 0.250, categorical: 0.250, threshold: 1.700, hinge: 0.500
30 samples
30 samples
Density: max memory 477626368, total allocated 73400320, free 35510616, used 37889704, increment 6247928
linearPredictor: max memory 477626368, total allocated 73400320, free 35510616, used 37889704, increment 0
FeaturedSpace: max memory 477626368, total allocated 73400320, free 35510616, used 37889704, increment 0
Sequential: max memory 477626368, total allocated 73400320, free 35510616, used 37889704, increment 0
Initial loss: 9.21333588095598
Initial test loss: 9.21333588095598
Density: max memory 477626368, total allocated 73400320, free 35430360, used 37969960, increment 80256
linearPredictor: max memory 477626368, total allocated 73400320, free 35350104, used 38050216, increment 80256
FeaturedSpace: max memory 477626368, total allocated 73400320, free 34769208, used 38631112, increment 580896
Sequential: max memory 477626368, total allocated 73400320, free 34769208, used 38631112, increment 0
Initial loss: 9.21333588095598
Initial test loss: 9.21333588095598
Time since start: 53.926
260: time = 4.220000 loss = 8.908620 testLoss 8.865826
Making features
makeFeatures: max memory 477626368, total allocated 87031808, free 43966824, used 43064984, increment 4433872
species_2 vpdmax9: 
Regularization values: linear/quadratic/product: 0.250, categorical: 0.250, threshold: 1.700, hinge: 0.500
30 samples
Density: max memory 477626368, total allocated 87031808, free 30792848, used 56238960, increment 13173976
linearPredictor: max memory 477626368, total allocated 87031808, free 30712592, used 56319216, increment 80256
FeaturedSpace: max memory 477626368, total allocated 87031808, free 29712400, used 57319408, increment 1000192
Sequential: max memory 477626368, total allocated 87031808, free 29712400, used 57319408, increment 0
Initial loss: 9.21333588095598
Initial test loss: 9.21333588095598
300: time = 5.030000 loss = 8.782296 testLoss 8.882556
Making features
makeFeatures: max memory 477626368, total allocated 90177536, free 19409552, used 70767984, increment 13448576
species_2 ppt9: 
Regularization values: linear/quadratic/product: 0.250, categorical: 0.250, threshold: 1.700, hinge: 0.500
30 samples
Density: max memory 477626368, total allocated 90177536, free 14058544, used 76118992, increment 5351008
linearPredictor: max memory 477626368, total allocated 90177536, free 13463952, used 76713584, increment 594592
FeaturedSpace: max memory 477626368, total allocated 90177536, free 13463952, used 76713584, increment 0
Sequential: max memory 477626368, total allocated 90177536, free 13463952, used 76713584, increment 0
Initial loss: 9.21333588095598
Initial test loss: 9.21333588095598
Time since start: 56.201
120: time = 1.450000 loss = 8.810190 testLoss 8.875414
Res.gain: 0.4031454243185788
Making features
makeFeatures: max memory 477626368, total allocated 81264640, free 51608416, used 29656224, increment -47057360
species_2 tmean9: 
Regularization values: linear/quadratic/product: 0.250, categorical: 0.250, threshold: 1.700, hinge: 0.500
30 samples
Density: max memory 477626368, total allocated 81264640, free 44775136, used 36489504, increment 6833280
linearPredictor: max memory 477626368, total allocated 81264640, free 44358480, used 36906160, increment 416656
FeaturedSpace: max memory 477626368, total allocated 81264640, free 43885584, used 37379056, increment 472896
Sequential: max memory 477626368, total allocated 81264640, free 43885584, used 37379056, increment 0
Initial loss: 9.21333588095598
Initial test loss: 9.21333588095598
Time since start: 59.099
240: time = 2.866000 loss = 9.100061 testLoss 9.067374
Res.gain: 0.11327501793573802
Making features
makeFeatures: max memory 477626368, total allocated 72876032, free 16262056, used 56613976, increment 19234920
species_2 vpdmax9: 
Regularization values: linear/quadratic/product: 0.250, categorical: 0.250, threshold: 1.700, hinge: 0.500
30 samples
Density: max memory 477626368, total allocated 72876032, free 9905104, used 62970928, increment 6356952
linearPredictor: max memory 477626368, total allocated 72876032, free 9824848, used 63051184, increment 80256
FeaturedSpace: max memory 477626368, total allocated 72876032, free 9824848, used 63051184, increment 0
Sequential: max memory 477626368, total allocated 72876032, free 9824848, used 63051184, increment 0
Initial loss: 9.21333588095598
Initial test loss: 9.21333588095598
80: time = 0.840000 loss = 9.132235 testLoss 9.127789
Res.gain: 0.08110125062286855
Time since start: 61.077
380: time = 7.104000 loss = 8.705704 testLoss 9.007130
getSamples: max memory 477626368, total allocated 73400320, free 15853768, used 57546552, increment -5504632
Making features
makeFeatures: max memory 477626368, total allocated 73400320, free 15131464, used 58268856, increment 722304
species_3: 
Regularization values: linear/quadratic/product: 0.250, categorical: 0.250, threshold: 1.700, hinge: 0.500
30 samples
Density: max memory 477626368, total allocated 73400320, free 10594248, used 62806072, increment 4537216
linearPredictor: max memory 477626368, total allocated 73400320, free 10513992, used 62886328, increment 80256
FeaturedSpace: max memory 477626368, total allocated 73400320, free 10513992, used 62886328, increment 0
Sequential: max memory 477626368, total allocated 73400320, free 10513992, used 62886328, increment 0
Initial loss: 9.21333588095598
Initial test loss: 9.21333588095598
Time since start: 67.338
260: time = 6.027000 loss = 8.752905 testLoss 8.545610
Resulting gain: 0.4604303848139075
Projecting...
Writing file C:\Users\aortiz\AppData\Local\Temp\RtmpMjzmQ7\raster\maxent\248459105103\species_3.csv
species_3 response curves
Response curve: only ppt9
Response curve: only tmean9
Response curve: only vpdmax9
Making features
Making features
makeFeatures: max memory 477626368, total allocated 69206016, free 3893936, used 65312080, increment 2425752
species_3 tmean9: 
makeFeatures: max memory 477626368, total allocated 69206016, free 3893936, used 65312080, increment 0
Regularization values: linear/quadratic/product: 0.250, categorical: 0.250, threshold: 1.700, hinge: 0.500
species_3 ppt9: 
Regularization values: linear/quadratic/product: 0.250, categorical: 0.250, threshold: 1.700, hinge: 0.500
30 samples
Density: max memory 477626368, total allocated 76021760, free 62094072, used 13927688, increment -51384392
linearPredictor: max memory 477626368, total allocated 76021760, free 62013816, used 14007944, increment 80256
30 samples
FeaturedSpace: max memory 477626368, total allocated 76021760, free 61934896, used 14086864, increment 78920
Sequential: max memory 477626368, total allocated 76021760, free 61934896, used 14086864, increment 0
Initial loss: 9.21333588095598
Density: max memory 477626368, total allocated 76021760, free 61502352, used 14519408, increment 432544
linearPredictor: max memory 477626368, total allocated 76021760, free 61098488, used 14923272, increment 403864
FeaturedSpace: max memory 477626368, total allocated 76021760, free 60393912, used 15627848, increment 704576
Sequential: max memory 477626368, total allocated 76021760, free 60393912, used 15627848, increment 0
Initial loss: 9.21333588095598
Time since start: 69.494
120: time = 1.425000 loss = 8.828327
Resulting gain: 0.38500893247653956
species_3 response curves
Making features
makeFeatures: max memory 477626368, total allocated 81788928, free 46436896, used 35352032, increment 19724184
species_3 vpdmax9: 
Regularization values: linear/quadratic/product: 0.250, categorical: 0.250, threshold: 1.700, hinge: 0.500
30 samples
Density: max memory 477626368, total allocated 81788928, free 43804056, used 37984872, increment 2632840
linearPredictor: max memory 477626368, total allocated 81788928, free 43723800, used 38065128, increment 80256
FeaturedSpace: max memory 477626368, total allocated 81788928, free 43333984, used 38454944, increment 389816
Sequential: max memory 477626368, total allocated 81788928, free 43333984, used 38454944, increment 0
Initial loss: 9.21333588095598
80: time = 0.797000 loss = 9.142468
Resulting gain: 0.07086828775640797
species_3 response curves
Time since start: 71.482
300: time = 3.413000 loss = 9.113411
Resulting gain: 0.09992469251319314
species_3 response curves
Jackknife: leave ppt9 out
Jackknife: leave tmean9 out
Jackknife: leave vpdmax9 out
Jackknife: only ppt9
Jackknife: only tmean9
Jackknife: only vpdmax9
Making features
Making features
makeFeatures: max memory 477626368, total allocated 77070336, free 25070864, used 51999472, increment 13544528
species_3 tmean9: 
Regularization values: linear/quadratic/product: 0.250, categorical: 0.250, threshold: 1.700, hinge: 0.500
makeFeatures: max memory 477626368, total allocated 77070336, free 25070864, used 51999472, increment 0
species_3 ppt9: 
Regularization values: linear/quadratic/product: 0.250, categorical: 0.250, threshold: 1.700, hinge: 0.500
30 samples
Density: max memory 477626368, total allocated 76546048, free 53319728, used 23226320, increment -28773152
linearPredictor: max memory 477626368, total allocated 76546048, free 53319728, used 23226320, increment 0
30 samples
FeaturedSpace: max memory 477626368, total allocated 76546048, free 53114368, used 23431680, increment 205360
Sequential: max memory 477626368, total allocated 76546048, free 53114368, used 23431680, increment 0
Initial loss: 9.21333588095598
Initial test loss: 9.21333588095598
Density: max memory 477626368, total allocated 76546048, free 52407352, used 24138696, increment 707016
linearPredictor: max memory 477626368, total allocated 76546048, free 52327096, used 24218952, increment 80256
FeaturedSpace: max memory 477626368, total allocated 76546048, free 51700336, used 24845712, increment 626760
Sequential: max memory 477626368, total allocated 76546048, free 51700336, used 24845712, increment 0
Initial loss: 9.21333588095598
Initial test loss: 9.21333588095598
Time since start: 75.36
220: time = 3.569000 loss = 8.917345 testLoss 8.806687
Making features
makeFeatures: max memory 477626368, total allocated 85458944, free 37642936, used 47816008, increment 22970296
species_3 vpdmax9: 
Regularization values: linear/quadratic/product: 0.250, categorical: 0.250, threshold: 1.700, hinge: 0.500
30 samples
Density: max memory 477626368, total allocated 85458944, free 24848664, used 60610280, increment 12794272
linearPredictor: max memory 477626368, total allocated 85458944, free 24768408, used 60690536, increment 80256
FeaturedSpace: max memory 477626368, total allocated 85458944, free 24310272, used 61148672, increment 458136
Sequential: max memory 477626368, total allocated 85458944, free 24310272, used 61148672, increment 0
Initial loss: 9.21333588095598
Initial test loss: 9.21333588095598
260: time = 4.426000 loss = 8.806982 testLoss 8.610962
Making features
makeFeatures: max memory 477626368, total allocated 83886080, free 22823192, used 61062888, increment -85784
species_3 ppt9: 
Regularization values: linear/quadratic/product: 0.250, categorical: 0.250, threshold: 1.700, hinge: 0.500
30 samples
Density: max memory 477626368, total allocated 83886080, free 18383016, used 65503064, increment 4440176
linearPredictor: max memory 477626368, total allocated 83886080, free 18302760, used 65583320, increment 80256
FeaturedSpace: max memory 477626368, total allocated 83886080, free 18302760, used 65583320, increment 0
Sequential: max memory 477626368, total allocated 83886080, free 18302760, used 65583320, increment 0
Initial loss: 9.21333588095598
Initial test loss: 9.21333588095598
Time since start: 77.676
120: time = 1.428000 loss = 8.828327 testLoss 8.663948
Res.gain: 0.38500893247653956
Making features
makeFeatures: max memory 477626368, total allocated 83361792, free 28203152, used 55158640, increment -10424680
species_3 tmean9: 
Regularization values: linear/quadratic/product: 0.250, categorical: 0.250, threshold: 1.700, hinge: 0.500
30 samples
Density: max memory 477626368, total allocated 83361792, free 21480736, used 61881056, increment 6722416
linearPredictor: max memory 477626368, total allocated 83361792, free 21400480, used 61961312, increment 80256
FeaturedSpace: max memory 477626368, total allocated 83361792, free 20472736, used 62889056, increment 927744
Sequential: max memory 477626368, total allocated 83361792, free 20472736, used 62889056, increment 0
Initial loss: 9.21333588095598
Initial test loss: 9.21333588095598
Time since start: 80.023
240: time = 4.616000 loss = 8.753727 testLoss 8.560320
Making features
makeFeatures: max memory 477626368, total allocated 88080384, free 28836800, used 59243584, increment -3645472
species_3 vpdmax9: 
Regularization values: linear/quadratic/product: 0.250, categorical: 0.250, threshold: 1.700, hinge: 0.500
30 samples
Density: max memory 477626368, total allocated 88080384, free 24220112, used 63860272, increment 4616688
linearPredictor: max memory 477626368, total allocated 88080384, free 24139856, used 63940528, increment 80256
FeaturedSpace: max memory 477626368, total allocated 88080384, free 23688352, used 64392032, increment 451504
Sequential: max memory 477626368, total allocated 88080384, free 23688352, used 64392032, increment 0
Initial loss: 9.21333588095598
Initial test loss: 9.21333588095598
80: time = 0.854000 loss = 9.142468 testLoss 9.055140
Res.gain: 0.07086828775640797
Time since start: 81.233
300: time = 3.526000 loss = 9.113411 testLoss 8.972692
Res.gain: 0.09992469251319314
getSamples: max memory 477626368, total allocated 79167488, free 18463824, used 60703664, increment -3688368
Making features
makeFeatures: max memory 477626368, total allocated 79167488, free 17661432, used 61506056, increment 802392
species_4: 
Regularization values: linear/quadratic/product: 0.247, categorical: 0.250, threshold: 1.690, hinge: 0.500
31 samples
Density: max memory 477626368, total allocated 79167488, free 13136544, used 66030944, increment 4524888
linearPredictor: max memory 477626368, total allocated 79167488, free 13030600, used 66136888, increment 105944
FeaturedSpace: max memory 477626368, total allocated 79167488, free 13030600, used 66136888, increment 0
Sequential: max memory 477626368, total allocated 79167488, free 13030600, used 66136888, increment 0
Initial loss: 9.213435576883485
Initial test loss: 9.213435576883485
Time since start: 91.519
420: time = 10.036000 loss = 8.698006 testLoss 9.196409
Resulting gain: 0.5154299080309901
Projecting...
Writing file C:\Users\aortiz\AppData\Local\Temp\RtmpMjzmQ7\raster\maxent\248459105103\species_4.csv
species_4 response curves
Response curve: only ppt9
Response curve: only tmean9
Response curve: only vpdmax9
Making features
Making features
makeFeatures: max memory 477626368, total allocated 69730304, free 27877280, used 41853024, increment -24283864
species_4 tmean9: 
makeFeatures: max memory 477626368, total allocated 69730304, free 27877280, used 41853024, increment -24283864
species_4 ppt9: 
Regularization values: linear/quadratic/product: 0.247, categorical: 0.250, threshold: 1.690, hinge: 0.500
Regularization values: linear/quadratic/product: 0.247, categorical: 0.250, threshold: 1.690, hinge: 0.500
31 samples
Density: max memory 477626368, total allocated 69730304, free 25163344, used 44566960, increment 2713936
linearPredictor: max memory 477626368, total allocated 69730304, free 24846296, used 44884008, increment 317048
31 samples
FeaturedSpace: max memory 477626368, total allocated 69730304, free 24846296, used 44884008, increment 0
Sequential: max memory 477626368, total allocated 69730304, free 24846296, used 44884008, increment 0
Initial loss: 9.213435576883485
Density: max memory 477626368, total allocated 69730304, free 24563496, used 45166808, increment 282800
linearPredictor: max memory 477626368, total allocated 69730304, free 24483232, used 45247072, increment 80264
FeaturedSpace: max memory 477626368, total allocated 69730304, free 23673088, used 46057216, increment 810144
Sequential: max memory 477626368, total allocated 69730304, free 23673088, used 46057216, increment 0
Initial loss: 9.213435576883485
Time since start: 94.385
180: time = 2.073000 loss = 8.821806
Resulting gain: 0.39162910528821016
species_4 response curves
Making features
makeFeatures: max memory 477626368, total allocated 81264640, free 40476960, used 40787680, increment -5269536
species_4 vpdmax9: 
Regularization values: linear/quadratic/product: 0.247, categorical: 0.250, threshold: 1.690, hinge: 0.500
31 samples
Density: max memory 477626368, total allocated 81264640, free 34907680, used 46356960, increment 5569280
linearPredictor: max memory 477626368, total allocated 81264640, free 34827416, used 46437224, increment 80264
FeaturedSpace: max memory 477626368, total allocated 81264640, free 34122488, used 47142152, increment 704928
Sequential: max memory 477626368, total allocated 81264640, free 34122488, used 47142152, increment 0
Initial loss: 9.213435576883485
Time since start: 95.634
260: time = 3.322000 loss = 9.051724
Resulting gain: 0.1617118985501147
species_4 response curves
160: time = 1.406000 loss = 9.141995
Resulting gain: 0.07144100046824953
species_4 response curves
Jackknife: leave ppt9 out
Jackknife: leave tmean9 out
Jackknife: leave vpdmax9 out
Jackknife: only ppt9
Jackknife: only tmean9
Jackknife: only vpdmax9
Making features
Making features
makeFeatures: max memory 477626368, total allocated 78118912, free 35337488, used 42781424, increment -4360728
species_4 tmean9: 
makeFeatures: max memory 477626368, total allocated 78118912, free 35337488, used 42781424, increment 0
species_4 ppt9: 
Regularization values: linear/quadratic/product: 0.247, categorical: 0.250, threshold: 1.690, hinge: 0.500
Regularization values: linear/quadratic/product: 0.247, categorical: 0.250, threshold: 1.690, hinge: 0.500
31 samples
31 samples
Density: max memory 477626368, total allocated 78118912, free 29506352, used 48612560, increment 5831136
linearPredictor: max memory 477626368, total allocated 78118912, free 29426088, used 48692824, increment 80264
FeaturedSpace: max memory 477626368, total allocated 78118912, free 29426088, used 48692824, increment 0
Sequential: max memory 477626368, total allocated 78118912, free 29426088, used 48692824, increment 0
Initial loss: 9.213435576883485
Initial test loss: 9.213435576883485
Density: max memory 477626368, total allocated 78118912, free 28800872, used 49318040, increment 625216
linearPredictor: max memory 477626368, total allocated 78118912, free 28720608, used 49398304, increment 80264
FeaturedSpace: max memory 477626368, total allocated 78118912, free 28175656, used 49943256, increment 544952
Sequential: max memory 477626368, total allocated 78118912, free 28175656, used 49943256, increment 0
Initial loss: 9.213435576883485
Initial test loss: 9.213435576883485
Time since start: 101.257
300: time = 4.895000 loss = 8.797497 testLoss 8.634494
Making features
makeFeatures: max memory 477626368, total allocated 84934656, free 30330744, used 54603912, increment 4660656
species_4 vpdmax9: 
Regularization values: linear/quadratic/product: 0.247, categorical: 0.250, threshold: 1.690, hinge: 0.500
31 samples
Density: max memory 477626368, total allocated 84934656, free 20558320, used 64376336, increment 9772424
linearPredictor: max memory 477626368, total allocated 84934656, free 20478056, used 64456600, increment 80264
FeaturedSpace: max memory 477626368, total allocated 84934656, free 19599160, used 65335496, increment 878896
Sequential: max memory 477626368, total allocated 84934656, free 19599160, used 65335496, increment 0
Initial loss: 9.213435576883485
Initial test loss: 9.213435576883485
300: time = 5.080000 loss = 8.880698 testLoss 9.348094
Making features
makeFeatures: max memory 477626368, total allocated 90701824, free 16655296, used 74046528, increment 8711032
species_4 ppt9: 
Regularization values: linear/quadratic/product: 0.247, categorical: 0.250, threshold: 1.690, hinge: 0.500
31 samples
Density: max memory 477626368, total allocated 94371840, free 67845168, used 26526672, increment -47519856
linearPredictor: max memory 477626368, total allocated 94371840, free 67764904, used 26606936, increment 80264
FeaturedSpace: max memory 477626368, total allocated 94371840, free 67244360, used 27127480, increment 520544
Sequential: max memory 477626368, total allocated 94371840, free 67244360, used 27127480, increment 0
Initial loss: 9.213435576883485
Initial test loss: 9.213435576883485
Time since start: 103.598
180: time = 2.107000 loss = 8.821806 testLoss 8.663216
Res.gain: 0.39162910528821016
Making features
makeFeatures: max memory 477626368, total allocated 81264640, free 34511512, used 46753128, increment 19625648
species_4 tmean9: 
Regularization values: linear/quadratic/product: 0.247, categorical: 0.250, threshold: 1.690, hinge: 0.500
31 samples
Density: max memory 477626368, total allocated 81264640, free 28739200, used 52525440, increment 5772312
linearPredictor: max memory 477626368, total allocated 81264640, free 28739200, used 52525440, increment 0
FeaturedSpace: max memory 477626368, total allocated 81264640, free 28739200, used 52525440, increment 0
Sequential: max memory 477626368, total allocated 81264640, free 28739200, used 52525440, increment 0
Initial loss: 9.213435576883485
Initial test loss: 9.213435576883485
Time since start: 106.929
260: time = 3.300000 loss = 9.051724 testLoss 9.630434
Res.gain: 0.1617118985501147
Making features
makeFeatures: max memory 477626368, total allocated 81264640, free 30807920, used 50456720, increment -2068720
species_4 vpdmax9: 
Regularization values: linear/quadratic/product: 0.247, categorical: 0.250, threshold: 1.690, hinge: 0.500
31 samples
Density: max memory 477626368, total allocated 81264640, free 29479344, used 51785296, increment 1328576
linearPredictor: max memory 477626368, total allocated 81264640, free 29399080, used 51865560, increment 80264
FeaturedSpace: max memory 477626368, total allocated 81264640, free 29399080, used 51865560, increment 0
Sequential: max memory 477626368, total allocated 81264640, free 29399080, used 51865560, increment 0
Initial loss: 9.213435576883485
Initial test loss: 9.213435576883485
Time since start: 108.413
160: time = 1.419000 loss = 9.141995 testLoss 9.027481
Res.gain: 0.07144100046824953
380: time = 7.685000 loss = 8.704362 testLoss 9.076668
getSamples: max memory 477626368, total allocated 77594624, free 30125480, used 47469144, increment -4396416
Making features
makeFeatures: max memory 477626368, total allocated 77594624, free 29323088, used 48271536, increment 802392
species_5: 
Regularization values: linear/quadratic/product: 0.247, categorical: 0.250, threshold: 1.690, hinge: 0.500
31 samples
Density: max memory 477626368, total allocated 77594624, free 24788880, used 52805744, increment 4534208
linearPredictor: max memory 477626368, total allocated 77594624, free 24708616, used 52886008, increment 80264
FeaturedSpace: max memory 477626368, total allocated 77594624, free 24708616, used 52886008, increment 0
Sequential: max memory 477626368, total allocated 77594624, free 24708616, used 52886008, increment 0
Initial loss: 9.213435576883485
Initial test loss: 9.213435576883485
Time since start: 116.218
300: time = 6.979000 loss = 8.703670 testLoss 8.990966
Resulting gain: 0.5097653288032635
Projecting...
Writing file C:\Users\aortiz\AppData\Local\Temp\RtmpMjzmQ7\raster\maxent\248459105103\species_5.csv
species_5 response curves
Response curve: only ppt9
Response curve: only tmean9
Response curve: only vpdmax9
Making features
Making features
makeFeatures: max memory 477626368, total allocated 72876032, free 9946648, used 62929384, increment 10043376
species_5 ppt9: 
makeFeatures: max memory 477626368, total allocated 72876032, free 9946648, used 62929384, increment 0
species_5 tmean9: 
Regularization values: linear/quadratic/product: 0.247, categorical: 0.250, threshold: 1.690, hinge: 0.500
Regularization values: linear/quadratic/product: 0.247, categorical: 0.250, threshold: 1.690, hinge: 0.500
31 samples
Density: max memory 477626368, total allocated 72876032, free 7353512, used 65522520, increment 2593136
linearPredictor: max memory 477626368, total allocated 72876032, free 7273248, used 65602784, increment 80264
FeaturedSpace: max memory 477626368, total allocated 72876032, free 7273248, used 65602784, increment 0
Sequential: max memory 477626368, total allocated 72876032, free 7273248, used 65602784, increment 0
Initial loss: 9.213435576883485
31 samples
Density: max memory 477626368, total allocated 72876032, free 5555456, used 67320576, increment 1717792
linearPredictor: max memory 477626368, total allocated 72876032, free 5475192, used 67400840, increment 80264
FeaturedSpace: max memory 477626368, total allocated 72876032, free 4914904, used 67961128, increment 560288
Sequential: max memory 477626368, total allocated 72876032, free 4914904, used 67961128, increment 0
Initial loss: 9.213435576883485
Time since start: 118.415
120: time = 1.416000 loss = 8.767256
Resulting gain: 0.4461799524165393
species_5 response curves
Making features
makeFeatures: max memory 477626368, total allocated 77070336, free 61947088, used 15123248, increment -52837880
species_5 vpdmax9: 
Regularization values: linear/quadratic/product: 0.247, categorical: 0.250, threshold: 1.690, hinge: 0.500
31 samples
Density: max memory 477626368, total allocated 77070336, free 56177048, used 20893288, increment 5770040
linearPredictor: max memory 477626368, total allocated 77070336, free 56096784, used 20973552, increment 80264
FeaturedSpace: max memory 477626368, total allocated 77070336, free 55750472, used 21319864, increment 346312
Sequential: max memory 477626368, total allocated 77070336, free 55750472, used 21319864, increment 0
Initial loss: 9.213435576883485
Time since start: 119.553
100: time = 1.013000 loss = 9.115281
Resulting gain: 0.09815506364184934
species_5 response curves
240: time = 3.270000 loss = 9.108422
Resulting gain: 0.10501325027069264
species_5 response curves
Time since start: 120.581
Jackknife: leave ppt9 out
Jackknife: leave tmean9 out
Jackknife: leave vpdmax9 out
Jackknife: only ppt9
Jackknife: only tmean9
Jackknife: only vpdmax9
Making features
Making features
makeFeatures: max memory 477626368, total allocated 74448896, free 47053480, used 27395416, increment 6075552
species_5 ppt9: 
Regularization values: linear/quadratic/product: 0.247, categorical: 0.250, threshold: 1.690, hinge: 0.500
makeFeatures: max memory 477626368, total allocated 74448896, free 46783856, used 27665040, increment 269624
species_5 tmean9: 
Regularization values: linear/quadratic/product: 0.247, categorical: 0.250, threshold: 1.690, hinge: 0.500
31 samples
31 samples
Density: max memory 477626368, total allocated 74448896, free 40879136, used 33569760, increment 5904720
linearPredictor: max memory 477626368, total allocated 74448896, free 40879136, used 33569760, increment 0
Density: max memory 477626368, total allocated 74448896, free 40798872, used 33650024, increment 80264
linearPredictor: max memory 477626368, total allocated 74448896, free 40718608, used 33730288, increment 80264
FeaturedSpace: max memory 477626368, total allocated 74448896, free 40718608, used 33730288, increment 0
Sequential: max memory 477626368, total allocated 74448896, free 40718608, used 33730288, increment 0
Initial loss: 9.213435576883485
Initial test loss: 9.213435576883485
FeaturedSpace: max memory 477626368, total allocated 74448896, free 40718608, used 33730288, increment 0
Sequential: max memory 477626368, total allocated 74448896, free 40718608, used 33730288, increment 0
Initial loss: 9.213435576883485
Initial test loss: 9.213435576883485
Time since start: 123.401
160: time = 2.773000 loss = 8.753197 testLoss 9.145370
Making features
makeFeatures: max memory 477626368, total allocated 87556096, free 46962232, used 40593864, increment 6863576
species_5 vpdmax9: 
Regularization values: linear/quadratic/product: 0.247, categorical: 0.250, threshold: 1.690, hinge: 0.500
31 samples
Density: max memory 477626368, total allocated 87556096, free 34187056, used 53369040, increment 12775176
linearPredictor: max memory 477626368, total allocated 87556096, free 34106792, used 53449304, increment 80264
FeaturedSpace: max memory 477626368, total allocated 87556096, free 33638416, used 53917680, increment 468376
Sequential: max memory 477626368, total allocated 87556096, free 33638416, used 53917680, increment 0
Initial loss: 9.213435576883485
Initial test loss: 9.213435576883485
Time since start: 124.898
260: time = 4.270000 loss = 8.894268 testLoss 9.027535
Making features
makeFeatures: max memory 477626368, total allocated 87031808, free 27383344, used 59648464, increment 5730784
species_5 ppt9: 
Regularization values: linear/quadratic/product: 0.247, categorical: 0.250, threshold: 1.690, hinge: 0.500
31 samples
Density: max memory 477626368, total allocated 87031808, free 21546616, used 65485192, increment 5836728
linearPredictor: max memory 477626368, total allocated 87031808, free 21466352, used 65565456, increment 80264
FeaturedSpace: max memory 477626368, total allocated 87031808, free 21046488, used 65985320, increment 419864
Sequential: max memory 477626368, total allocated 87031808, free 21046488, used 65985320, increment 0
Initial loss: 9.213435576883485
Initial test loss: 9.213435576883485
Time since start: 126.345
120: time = 1.400000 loss = 8.767256 testLoss 9.258241
Res.gain: 0.4461799524165393
Making features
makeFeatures: max memory 477626368, total allocated 80740352, free 42982752, used 37757600, increment -28227720
species_5 tmean9: 
Regularization values: linear/quadratic/product: 0.247, categorical: 0.250, threshold: 1.690, hinge: 0.500
31 samples
Density: max memory 477626368, total allocated 80740352, free 35958424, used 44781928, increment 7024328
linearPredictor: max memory 477626368, total allocated 80740352, free 35878160, used 44862192, increment 80264
FeaturedSpace: max memory 477626368, total allocated 80740352, free 35110880, used 45629472, increment 767280
Sequential: max memory 477626368, total allocated 80740352, free 35110880, used 45629472, increment 0
Initial loss: 9.213435576883485
Initial test loss: 9.213435576883485
Time since start: 128.933
280: time = 5.470000 loss = 8.705794 testLoss 9.001310
Making features
makeFeatures: max memory 477626368, total allocated 79167488, free 39273808, used 39893680, increment -5735792
species_5 vpdmax9: 
Regularization values: linear/quadratic/product: 0.247, categorical: 0.250, threshold: 1.690, hinge: 0.500
31 samples
Density: max memory 477626368, total allocated 79167488, free 37415888, used 41751600, increment 1857920
linearPredictor: max memory 477626368, total allocated 79167488, free 37335624, used 41831864, increment 80264
FeaturedSpace: max memory 477626368, total allocated 79167488, free 37035248, used 42132240, increment 300376
Sequential: max memory 477626368, total allocated 79167488, free 37035248, used 42132240, increment 0
Initial loss: 9.213435576883485
Initial test loss: 9.213435576883485
240: time = 3.335000 loss = 9.108422 testLoss 8.945585
Res.gain: 0.10501325027069264
Time since start: 129.976
100: time = 0.997000 loss = 9.115281 testLoss 9.349532
Res.gain: 0.09815506364184934
getSamples: max memory 477626368, total allocated 73400320, free 15707512, used 57692808, increment 15560568
Making features
makeFeatures: max memory 477626368, total allocated 73400320, free 14905120, used 58495200, increment 802392
species_6: 
Regularization values: linear/quadratic/product: 0.247, categorical: 0.250, threshold: 1.690, hinge: 0.500
31 samples
Density: max memory 477626368, total allocated 72876032, free 39070216, used 33805816, increment -24689384
linearPredictor: max memory 477626368, total allocated 72876032, free 38989952, used 33886080, increment 80264
FeaturedSpace: max memory 477626368, total allocated 72876032, free 38989952, used 33886080, increment 0
Sequential: max memory 477626368, total allocated 72876032, free 38989952, used 33886080, increment 0
Initial loss: 9.213435576883485
Initial test loss: 9.213435576883485
Time since start: 136.537
280: time = 6.345000 loss = 8.764740 testLoss 8.454850
Resulting gain: 0.44869569621260474
Projecting...
Writing file C:\Users\aortiz\AppData\Local\Temp\RtmpMjzmQ7\raster\maxent\248459105103\species_6.csv
species_6 response curves
Response curve: only ppt9
Response curve: only tmean9
Response curve: only vpdmax9
Making features
Making features
makeFeatures: max memory 477626368, total allocated 78118912, free 20096864, used 58022048, increment 24135968
species_6 tmean9: 
makeFeatures: max memory 477626368, total allocated 78118912, free 20096864, used 58022048, increment 24135968
species_6 ppt9: 
Regularization values: linear/quadratic/product: 0.247, categorical: 0.250, threshold: 1.690, hinge: 0.500
Regularization values: linear/quadratic/product: 0.247, categorical: 0.250, threshold: 1.690, hinge: 0.500
31 samples
Density: max memory 477626368, total allocated 78118912, free 17463856, used 60655056, increment 2633008
linearPredictor: max memory 477626368, total allocated 78118912, free 17383592, used 60735320, increment 80264
31 samples
FeaturedSpace: max memory 477626368, total allocated 78118912, free 16798920, used 61319992, increment 584672
Sequential: max memory 477626368, total allocated 78118912, free 16798920, used 61319992, increment 0
Initial loss: 9.213435576883485
Density: max memory 477626368, total allocated 78118912, free 16564832, used 61554080, increment 234088
linearPredictor: max memory 477626368, total allocated 78118912, free 16564832, used 61554080, increment 0
FeaturedSpace: max memory 477626368, total allocated 78118912, free 15862568, used 62256344, increment 702264
Sequential: max memory 477626368, total allocated 78118912, free 15862568, used 62256344, increment 0
Initial loss: 9.213435576883485
Time since start: 139.268
180: time = 2.103000 loss = 8.815408
Resulting gain: 0.3980280737298241
species_6 response curves
Making features
makeFeatures: max memory 477626368, total allocated 75497472, free 55815752, used 19681720, increment -42574624
species_6 vpdmax9: 
Regularization values: linear/quadratic/product: 0.247, categorical: 0.250, threshold: 1.690, hinge: 0.500
31 samples
Density: max memory 477626368, total allocated 75497472, free 49747240, used 25750232, increment 6068512
linearPredictor: max memory 477626368, total allocated 75497472, free 49666976, used 25830496, increment 80264
FeaturedSpace: max memory 477626368, total allocated 75497472, free 49279144, used 26218328, increment 387832
Sequential: max memory 477626368, total allocated 75497472, free 49279144, used 26218328, increment 0
Initial loss: 9.213435576883485
220: time = 2.712000 loss = 9.160005
Resulting gain: 0.053430517825953316
species_6 response curves
Time since start: 140.402
100: time = 1.013000 loss = 9.101516
Resulting gain: 0.11191984581995662
species_6 response curves
Jackknife: leave ppt9 out
Jackknife: leave tmean9 out
Jackknife: leave vpdmax9 out
Jackknife: only ppt9
Jackknife: only tmean9
Jackknife: only vpdmax9
Making features
Making features
makeFeatures: max memory 477626368, total allocated 76021760, free 50843504, used 25178256, increment -1040072
species_6 ppt9: 
Regularization values: linear/quadratic/product: 0.247, categorical: 0.250, threshold: 1.690, hinge: 0.500
makeFeatures: max memory 477626368, total allocated 76021760, free 50843504, used 25178256, increment 0
species_6 tmean9: 
Regularization values: linear/quadratic/product: 0.247, categorical: 0.250, threshold: 1.690, hinge: 0.500
31 samples
31 samples
Density: max memory 477626368, total allocated 76021760, free 45022632, used 30999128, increment 5820872
linearPredictor: max memory 477626368, total allocated 76021760, free 44942368, used 31079392, increment 80264
FeaturedSpace: max memory 477626368, total allocated 76021760, free 44942368, used 31079392, increment 0
Sequential: max memory 477626368, total allocated 76021760, free 44942368, used 31079392, increment 0
Initial loss: 9.213435576883485
Initial test loss: 9.213435576883485
Density: max memory 477626368, total allocated 76021760, free 44862104, used 31159656, increment 80264
linearPredictor: max memory 477626368, total allocated 76021760, free 44243144, used 31778616, increment 618960
FeaturedSpace: max memory 477626368, total allocated 76021760, free 43704448, used 32317312, increment 538696
Sequential: max memory 477626368, total allocated 76021760, free 43704448, used 32317312, increment 0
Initial loss: 9.213435576883485
Initial test loss: 9.213435576883485
Time since start: 143.878
200: time = 3.198000 loss = 8.901670 testLoss 9.034507
Making features
makeFeatures: max memory 477626368, total allocated 91750400, free 17129432, used 74620968, increment 42303656
species_6 vpdmax9: 
Regularization values: linear/quadratic/product: 0.247, categorical: 0.250, threshold: 1.690, hinge: 0.500
31 samples
Density: max memory 477626368, total allocated 90177536, free 53718328, used 36459208, increment -38161760
linearPredictor: max memory 477626368, total allocated 90177536, free 53638064, used 36539472, increment 80264
FeaturedSpace: max memory 477626368, total allocated 90177536, free 53638064, used 36539472, increment 0
Sequential: max memory 477626368, total allocated 90177536, free 53638064, used 36539472, increment 0
Initial loss: 9.213435576883485
Initial test loss: 9.213435576883485
240: time = 4.117000 loss = 8.804288 testLoss 8.673418
Making features
makeFeatures: max memory 477626368, total allocated 89653248, free 56630184, used 33023064, increment -3516408
species_6 ppt9: 
Regularization values: linear/quadratic/product: 0.247, categorical: 0.250, threshold: 1.690, hinge: 0.500
31 samples
Density: max memory 477626368, total allocated 89653248, free 50303504, used 39349744, increment 6326680
linearPredictor: max memory 477626368, total allocated 89653248, free 49800520, used 39852728, increment 502984
FeaturedSpace: max memory 477626368, total allocated 89653248, free 49332432, used 40320816, increment 468088
Sequential: max memory 477626368, total allocated 89653248, free 49332432, used 40320816, increment 0
Initial loss: 9.213435576883485
Initial test loss: 9.213435576883485
Time since start: 146.9
180: time = 2.072000 loss = 8.815408 testLoss 8.780797
Res.gain: 0.3980280737298241
Making features
makeFeatures: max memory 477626368, total allocated 85458944, free 27081304, used 58377640, increment 18056824
species_6 tmean9: 
Regularization values: linear/quadratic/product: 0.247, categorical: 0.250, threshold: 1.690, hinge: 0.500
31 samples
Density: max memory 477626368, total allocated 85458944, free 19985584, used 65473360, increment 7095720
linearPredictor: max memory 477626368, total allocated 85458944, free 19905320, used 65553624, increment 80264
FeaturedSpace: max memory 477626368, total allocated 85458944, free 19450976, used 66007968, increment 454344
Sequential: max memory 477626368, total allocated 85458944, free 19450976, used 66007968, increment 0
Initial loss: 9.213435576883485
Initial test loss: 9.213435576883485
200: time = 3.857000 loss = 8.771101 testLoss 8.420619
Making features
makeFeatures: max memory 477626368, total allocated 84410368, free 52299880, used 32110488, increment -33897480
species_6 vpdmax9: 
Regularization values: linear/quadratic/product: 0.247, categorical: 0.250, threshold: 1.690, hinge: 0.500
31 samples
Density: max memory 477626368, total allocated 84410368, free 46425224, used 37985144, increment 5874656
linearPredictor: max memory 477626368, total allocated 84410368, free 46344960, used 38065408, increment 80264
FeaturedSpace: max memory 477626368, total allocated 84410368, free 46344960, used 38065408, increment 0
Sequential: max memory 477626368, total allocated 84410368, free 46344960, used 38065408, increment 0
Initial loss: 9.213435576883485
Initial test loss: 9.213435576883485
Time since start: 148.86
100: time = 1.027000 loss = 9.101516 testLoss 9.533720
Res.gain: 0.11191984581995662
220: time = 2.614000 loss = 9.160005 testLoss 8.564244
Res.gain: 0.053430517825953316
getSamples: max memory 477626368, total allocated 78643200, free 42503104, used 36140096, increment -1925312
Making features
makeFeatures: max memory 477626368, total allocated 78643200, free 41700712, used 36942488, increment 802392
species_7: 
Regularization values: linear/quadratic/product: 0.247, categorical: 0.250, threshold: 1.690, hinge: 0.500
31 samples
Density: max memory 477626368, total allocated 78643200, free 37183064, used 41460136, increment 4517648
linearPredictor: max memory 477626368, total allocated 78643200, free 37102800, used 41540400, increment 80264
FeaturedSpace: max memory 477626368, total allocated 78643200, free 37102800, used 41540400, increment 0
Sequential: max memory 477626368, total allocated 78643200, free 37056000, used 41587200, increment 46800
Initial loss: 9.213435576883485
Initial test loss: 9.213435576883485
Time since start: 156.065
280: time = 6.289000 loss = 8.756193 testLoss 8.448548
Resulting gain: 0.45724258218074176
Projecting...
Writing file C:\Users\aortiz\AppData\Local\Temp\RtmpMjzmQ7\raster\maxent\248459105103\species_7.csv
species_7 response curves
Response curve: only ppt9
Response curve: only tmean9
Response curve: only vpdmax9
Making features
Making features
makeFeatures: max memory 477626368, total allocated 69730304, free 25252112, used 44478192, increment 2890992
makeFeatures: max memory 477626368, total allocated 69730304, free 25252112, used 44478192, increment 0
species_7 tmean9: 
species_7 ppt9: 
Regularization values: linear/quadratic/product: 0.247, categorical: 0.250, threshold: 1.690, hinge: 0.500
Regularization values: linear/quadratic/product: 0.247, categorical: 0.250, threshold: 1.690, hinge: 0.500
31 samples
Density: max memory 477626368, total allocated 69730304, free 22574664, used 47155640, increment 2677448
linearPredictor: max memory 477626368, total allocated 69730304, free 22494400, used 47235904, increment 80264
31 samples
FeaturedSpace: max memory 477626368, total allocated 69730304, free 21914376, used 47815928, increment 580024
Sequential: max memory 477626368, total allocated 69730304, free 21914376, used 47815928, increment 0
Initial loss: 9.213435576883485
Density: max memory 477626368, total allocated 69730304, free 21704400, used 48025904, increment 209976
linearPredictor: max memory 477626368, total allocated 69730304, free 21704400, used 48025904, increment 0
FeaturedSpace: max memory 477626368, total allocated 69730304, free 21074472, used 48655832, increment 629928
Sequential: max memory 477626368, total allocated 69730304, free 21074472, used 48655832, increment 0
Initial loss: 9.213435576883485
Time since start: 158.619
160: time = 1.932000 loss = 8.823250
Resulting gain: 0.39018544317953463
species_7 response curves
Making features
makeFeatures: max memory 477626368, total allocated 81788928, free 45611952, used 36176976, increment -12478856
species_7 vpdmax9: 
Regularization values: linear/quadratic/product: 0.247, categorical: 0.250, threshold: 1.690, hinge: 0.500
31 samples
Density: max memory 477626368, total allocated 81788928, free 39741384, used 42047544, increment 5870568
linearPredictor: max memory 477626368, total allocated 81788928, free 39741384, used 42047544, increment 0
FeaturedSpace: max memory 477626368, total allocated 81788928, free 39349072, used 42439856, increment 392312
Sequential: max memory 477626368, total allocated 81788928, free 39349072, used 42439856, increment 0
Initial loss: 9.213435576883485
240: time = 2.803000 loss = 9.136197
Resulting gain: 0.07723889608745438
species_7 response curves
Time since start: 159.74
100: time = 1.012000 loss = 9.137671
Resulting gain: 0.07576438225452264
species_7 response curves
Jackknife: leave ppt9 out
Jackknife: leave tmean9 out
Jackknife: leave vpdmax9 out
Jackknife: only ppt9
Jackknife: only tmean9
Jackknife: only vpdmax9
Making features
Making features
makeFeatures: max memory 477626368, total allocated 82837504, free 51075552, used 31761952, increment -10677904
species_7 ppt9: 
makeFeatures: max memory 477626368, total allocated 82837504, free 51075552, used 31761952, increment 0
species_7 tmean9: 
Regularization values: linear/quadratic/product: 0.247, categorical: 0.250, threshold: 1.690, hinge: 0.500
Regularization values: linear/quadratic/product: 0.247, categorical: 0.250, threshold: 1.690, hinge: 0.500
31 samples
31 samples
Density: max memory 477626368, total allocated 82837504, free 45252960, used 37584544, increment 5822592
linearPredictor: max memory 477626368, total allocated 82837504, free 45172696, used 37664808, increment 80264
FeaturedSpace: max memory 477626368, total allocated 82837504, free 45172696, used 37664808, increment 0
Sequential: max memory 477626368, total allocated 82837504, free 45172696, used 37664808, increment 0
Initial loss: 9.213435576883485
Initial test loss: 9.213435576883485
Density: max memory 477626368, total allocated 82837504, free 44560304, used 38277200, increment 612392
linearPredictor: max memory 477626368, total allocated 82837504, free 44480040, used 38357464, increment 80264
FeaturedSpace: max memory 477626368, total allocated 82837504, free 43947912, used 38889592, increment 532128
Sequential: max memory 477626368, total allocated 82837504, free 43947912, used 38889592, increment 0
Initial loss: 9.213435576883485
Initial test loss: 9.213435576883485
Time since start: 162.804
160: time = 2.690000 loss = 8.922696 testLoss 8.745772
Making features
makeFeatures: max memory 477626368, total allocated 90177536, free 28341888, used 61835648, increment 22946056
species_7 vpdmax9: 
Regularization values: linear/quadratic/product: 0.247, categorical: 0.250, threshold: 1.690, hinge: 0.500
31 samples
Density: max memory 477626368, total allocated 92274688, free 63698688, used 28576000, increment -33259648
linearPredictor: max memory 477626368, total allocated 92274688, free 63698688, used 28576000, increment 0
FeaturedSpace: max memory 477626368, total allocated 92274688, free 63187328, used 29087360, increment 511360
Sequential: max memory 477626368, total allocated 92274688, free 63187328, used 29087360, increment 0
Initial loss: 9.213435576883485
Initial test loss: 9.213435576883485
160: time = 2.800000 loss = 8.803222 testLoss 8.573097
Making features
makeFeatures: max memory 477626368, total allocated 92274688, free 42684720, used 49589968, increment 20502608
species_7 ppt9: 
Regularization values: linear/quadratic/product: 0.247, categorical: 0.250, threshold: 1.690, hinge: 0.500
31 samples
Density: max memory 477626368, total allocated 92274688, free 36569040, used 55705648, increment 6115680
linearPredictor: max memory 477626368, total allocated 92274688, free 36569040, used 55705648, increment 0
FeaturedSpace: max memory 477626368, total allocated 92274688, free 36569040, used 55705648, increment 0
Sequential: max memory 477626368, total allocated 92274688, free 36569040, used 55705648, increment 0
Initial loss: 9.213435576883485
Initial test loss: 9.213435576883485
Time since start: 164.846
160: time = 1.901000 loss = 8.823250 testLoss 8.649839
Res.gain: 0.39018544317953463
Making features
makeFeatures: max memory 477626368, total allocated 90701824, free 40688120, used 50013704, increment -5691944
species_7 tmean9: 
Regularization values: linear/quadratic/product: 0.247, categorical: 0.250, threshold: 1.690, hinge: 0.500
31 samples
Density: max memory 477626368, total allocated 90701824, free 34262968, used 56438856, increment 6425152
linearPredictor: max memory 477626368, total allocated 90701824, free 34182704, used 56519120, increment 80264
FeaturedSpace: max memory 477626368, total allocated 90701824, free 33660424, used 57041400, increment 522280
Sequential: max memory 477626368, total allocated 90701824, free 33138144, used 57563680, increment 522280
Initial loss: 9.213435576883485
Initial test loss: 9.213435576883485
Time since start: 165.873
160: time = 3.006000 loss = 8.756936 testLoss 8.469707
Making features
makeFeatures: max memory 477626368, total allocated 90701824, free 47825968, used 42875856, increment -14687824
species_7 vpdmax9: 
Regularization values: linear/quadratic/product: 0.247, categorical: 0.250, threshold: 1.690, hinge: 0.500
31 samples
Density: max memory 477626368, total allocated 90701824, free 42035640, used 48666184, increment 5790328
linearPredictor: max memory 477626368, total allocated 90701824, free 41955376, used 48746448, increment 80264
FeaturedSpace: max memory 477626368, total allocated 90701824, free 41955376, used 48746448, increment 0
Sequential: max memory 477626368, total allocated 90701824, free 41955376, used 48746448, increment 0
Initial loss: 9.213435576883485
Initial test loss: 9.213435576883485
100: time = 0.964000 loss = 9.137671 testLoss 9.074772
Res.gain: 0.07576438225452264
Time since start: 167.635
240: time = 2.758000 loss = 9.136197 testLoss 8.752437
Res.gain: 0.07723889608745438
getSamples: max memory 477626368, total allocated 77594624, free 21101280, used 56493344, increment 7746896
Making features
makeFeatures: max memory 477626368, total allocated 77594624, free 20298888, used 57295736, increment 802392
species_8: 
Regularization values: linear/quadratic/product: 0.247, categorical: 0.250, threshold: 1.690, hinge: 0.500
31 samples
Density: max memory 477626368, total allocated 77594624, free 15745304, used 61849320, increment 4553584
linearPredictor: max memory 477626368, total allocated 77594624, free 15665040, used 61929584, increment 80264
FeaturedSpace: max memory 477626368, total allocated 77594624, free 15665040, used 61929584, increment 0
Sequential: max memory 477626368, total allocated 77594624, free 15665040, used 61929584, increment 0
Initial loss: 9.213435576883485
Initial test loss: 9.213435576883485
Time since start: 173.953
260: time = 6.071000 loss = 8.756561 testLoss 8.481351
Resulting gain: 0.45687422321518234
Projecting...
Writing file C:\Users\aortiz\AppData\Local\Temp\RtmpMjzmQ7\raster\maxent\248459105103\species_8.csv
species_8 response curves
Response curve: only ppt9
Response curve: only tmean9
Response curve: only vpdmax9
Making features
Making features
makeFeatures: max memory 477626368, total allocated 78643200, free 19575464, used 59067736, increment -2861848
species_8 ppt9: 
makeFeatures: max memory 477626368, total allocated 78643200, free 19575464, used 59067736, increment 0
Regularization values: linear/quadratic/product: 0.247, categorical: 0.250, threshold: 1.690, hinge: 0.500
species_8 tmean9: 
Regularization values: linear/quadratic/product: 0.247, categorical: 0.250, threshold: 1.690, hinge: 0.500
31 samples
Density: max memory 477626368, total allocated 78643200, free 17008288, used 61634912, increment 2567176
linearPredictor: max memory 477626368, total allocated 78643200, free 16928024, used 61715176, increment 80264
31 samples
FeaturedSpace: max memory 477626368, total allocated 78643200, free 16770168, used 61873032, increment 157856
Sequential: max memory 477626368, total allocated 78643200, free 16770168, used 61873032, increment 0
Initial loss: 9.213435576883485
Density: max memory 477626368, total allocated 78643200, free 16086416, used 62556784, increment 683752
linearPredictor: max memory 477626368, total allocated 78643200, free 16006152, used 62637048, increment 80264
FeaturedSpace: max memory 477626368, total allocated 78643200, free 15402664, used 63240536, increment 603488
Sequential: max memory 477626368, total allocated 78643200, free 15402664, used 63240536, increment 0
Initial loss: 9.213435576883485
Time since start: 175.406
60: time = 0.828000 loss = 8.823620
Resulting gain: 0.3898158639362439
species_8 response curves
Making features
makeFeatures: max memory 477626368, total allocated 84934656, free 57226560, used 27708096, increment -35532440
species_8 vpdmax9: 
Regularization values: linear/quadratic/product: 0.247, categorical: 0.250, threshold: 1.690, hinge: 0.500
31 samples
Density: max memory 477626368, total allocated 84934656, free 52929880, used 32004776, increment 4296680
linearPredictor: max memory 477626368, total allocated 84934656, free 52849616, used 32085040, increment 80264
FeaturedSpace: max memory 477626368, total allocated 84934656, free 52452688, used 32481968, increment 396928
Sequential: max memory 477626368, total allocated 84934656, free 52452688, used 32481968, increment 0
Initial loss: 9.213435576883485
80: time = 0.824000 loss = 9.146096
Resulting gain: 0.06733939051877158
species_8 response curves
Time since start: 177.368
240: time = 2.790000 loss = 9.104197
Resulting gain: 0.10923814882541194
species_8 response curves
Jackknife: leave ppt9 out
Jackknife: leave tmean9 out
Jackknife: leave vpdmax9 out
Jackknife: only ppt9
Jackknife: only tmean9
Jackknife: only vpdmax9
Making features
Making features
makeFeatures: max memory 477626368, total allocated 73400320, free 41611536, used 31788784, increment -693184
species_8 ppt9: 
Regularization values: linear/quadratic/product: 0.247, categorical: 0.250, threshold: 1.690, hinge: 0.500
makeFeatures: max memory 477626368, total allocated 73400320, free 41360144, used 32040176, increment 251392
species_8 tmean9: 
Regularization values: linear/quadratic/product: 0.247, categorical: 0.250, threshold: 1.690, hinge: 0.500
31 samples
31 samples
Density: max memory 477626368, total allocated 73400320, free 35759696, used 37640624, increment 5600448
linearPredictor: max memory 477626368, total allocated 73400320, free 35679432, used 37720888, increment 80264
FeaturedSpace: max memory 477626368, total allocated 73400320, free 35679432, used 37720888, increment 0
Sequential: max memory 477626368, total allocated 73400320, free 35679432, used 37720888, increment 0
Initial loss: 9.213435576883485
Initial test loss: 9.213435576883485
Density: max memory 477626368, total allocated 73400320, free 35010120, used 38390200, increment 669312
linearPredictor: max memory 477626368, total allocated 73400320, free 34758752, used 38641568, increment 251368
FeaturedSpace: max memory 477626368, total allocated 73400320, free 34169704, used 39230616, increment 589048
Sequential: max memory 477626368, total allocated 73400320, free 34169704, used 39230616, increment 0
Initial loss: 9.213435576883485
Initial test loss: 9.213435576883485
Time since start: 179.502
100: time = 1.856000 loss = 8.795596 testLoss 8.736973
Making features
makeFeatures: max memory 477626368, total allocated 88604672, free 43283136, used 45321536, increment 6090920
species_8 vpdmax9: 
Regularization values: linear/quadratic/product: 0.247, categorical: 0.250, threshold: 1.690, hinge: 0.500
31 samples
Density: max memory 477626368, total allocated 88604672, free 31248008, used 57356664, increment 12035128
linearPredictor: max memory 477626368, total allocated 88604672, free 31167744, used 57436928, increment 80264
FeaturedSpace: max memory 477626368, total allocated 88604672, free 30281296, used 58323376, increment 886448
Sequential: max memory 477626368, total allocated 88604672, free 30281296, used 58323376, increment 0
Initial loss: 9.213435576883485
Initial test loss: 9.213435576883485
Time since start: 182.193
280: time = 4.547000 loss = 8.945210 testLoss 8.495179
Making features
makeFeatures: max memory 477626368, total allocated 89653248, free 29582576, used 60070672, increment 1747296
species_8 ppt9: 
Regularization values: linear/quadratic/product: 0.247, categorical: 0.250, threshold: 1.690, hinge: 0.500
31 samples
Density: max memory 477626368, total allocated 89653248, free 23399464, used 66253784, increment 6183112
linearPredictor: max memory 477626368, total allocated 89653248, free 23319200, used 66334048, increment 80264
FeaturedSpace: max memory 477626368, total allocated 89653248, free 23319200, used 66334048, increment 0
Sequential: max memory 477626368, total allocated 89653248, free 23319200, used 66334048, increment 0
Initial loss: 9.213435576883485
Initial test loss: 9.213435576883485
60: time = 0.797000 loss = 8.823620 testLoss 8.651370
Res.gain: 0.3898158639362439
Making features
makeFeatures: max memory 477626368, total allocated 96468992, free 26914512, used 69554480, increment 3220432
species_8 tmean9: 
Regularization values: linear/quadratic/product: 0.247, categorical: 0.250, threshold: 1.690, hinge: 0.500
31 samples
Density: max memory 477626368, total allocated 96468992, free 23553072, used 72915920, increment 3361440
linearPredictor: max memory 477626368, total allocated 96468992, free 23472808, used 72996184, increment 80264
180: time = 3.496000 loss = 8.756644 testLoss 8.479230
FeaturedSpace: max memory 477626368, total allocated 96468992, free 23472808, used 72996184, increment 0
Sequential: max memory 477626368, total allocated 96468992, free 23472808, used 72996184, increment 0
Initial loss: 9.213435576883485
Initial test loss: 9.213435576883485
Making features
makeFeatures: max memory 477626368, total allocated 96468992, free 20687208, used 75781784, increment 2785600
species_8 vpdmax9: 
Regularization values: linear/quadratic/product: 0.247, categorical: 0.250, threshold: 1.690, hinge: 0.500
31 samples
Density: max memory 477626368, total allocated 96468992, free 16972736, used 79496256, increment 3714472
linearPredictor: max memory 477626368, total allocated 96468992, free 16892472, used 79576520, increment 80264
FeaturedSpace: max memory 477626368, total allocated 96468992, free 16892472, used 79576520, increment 0
Sequential: max memory 477626368, total allocated 96468992, free 16892472, used 79576520, increment 0
Initial loss: 9.213435576883485
Initial test loss: 9.213435576883485
Time since start: 183.892
80: time = 0.828000 loss = 9.146096 testLoss 9.000036
Res.gain: 0.06733939051877158
Time since start: 185.714
240: time = 2.669000 loss = 9.104197 testLoss 8.966509
Res.gain: 0.10923814882541194
getSamples: max memory 477626368, total allocated 79167488, free 14139528, used 65027960, increment -14548560
Making features
makeFeatures: max memory 477626368, total allocated 79167488, free 13417152, used 65750336, increment 722376
species_9: 
Regularization values: linear/quadratic/product: 0.247, categorical: 0.250, threshold: 1.690, hinge: 0.500
31 samples
Density: max memory 477626368, total allocated 78643200, free 42019304, used 36623896, increment -29126440
linearPredictor: max memory 477626368, total allocated 78643200, free 41939040, used 36704160, increment 80264
FeaturedSpace: max memory 477626368, total allocated 78643200, free 41939040, used 36704160, increment 0
Sequential: max memory 477626368, total allocated 78643200, free 41939040, used 36704160, increment 0
Initial loss: 9.213435576883485
Initial test loss: 9.213435576883485
Time since start: 192.006
260: time = 6.074000 loss = 8.752657 testLoss 8.535348
Resulting gain: 0.460778834700287
Projecting...
Writing file C:\Users\aortiz\AppData\Local\Temp\RtmpMjzmQ7\raster\maxent\248459105103\species_9.csv
species_9 response curves
Response curve: only ppt9
Response curve: only tmean9
Response curve: only vpdmax9
Making features
Making features
makeFeatures: max memory 477626368, total allocated 79691776, free 30760592, used 48931184, increment 12227024
species_9 ppt9: 
makeFeatures: max memory 477626368, total allocated 79691776, free 30760592, used 48931184, increment 0
species_9 tmean9: 
Regularization values: linear/quadratic/product: 0.247, categorical: 0.250, threshold: 1.690, hinge: 0.500
Regularization values: linear/quadratic/product: 0.247, categorical: 0.250, threshold: 1.690, hinge: 0.500
31 samples
Density: max memory 477626368, total allocated 79691776, free 28179808, used 51511968, increment 2580784
linearPredictor: max memory 477626368, total allocated 79691776, free 28099544, used 51592232, increment 80264
31 samples
FeaturedSpace: max memory 477626368, total allocated 79691776, free 28099544, used 51592232, increment 0
Sequential: max memory 477626368, total allocated 79691776, free 28099544, used 51592232, increment 0
Initial loss: 9.213435576883485
Density: max memory 477626368, total allocated 79691776, free 27725592, used 51966184, increment 373952
linearPredictor: max memory 477626368, total allocated 79691776, free 27645328, used 52046448, increment 80264
FeaturedSpace: max memory 477626368, total allocated 79691776, free 26764264, used 52927512, increment 881064
Sequential: max memory 477626368, total allocated 79691776, free 26764264, used 52927512, increment 0
Initial loss: 9.213435576883485
Time since start: 194.477
160: time = 1.846000 loss = 8.821085
Resulting gain: 0.39235052876747467
species_9 response curves
Making features
makeFeatures: max memory 477626368, total allocated 85458944, free 46756440, used 38702504, increment -14225008
species_9 vpdmax9: 
Regularization values: linear/quadratic/product: 0.247, categorical: 0.250, threshold: 1.690, hinge: 0.500
31 samples
Density: max memory 477626368, total allocated 85458944, free 41242616, used 44216328, increment 5513824
linearPredictor: max memory 477626368, total allocated 85458944, free 41162352, used 44296592, increment 80264
FeaturedSpace: max memory 477626368, total allocated 85458944, free 41162352, used 44296592, increment 0
Sequential: max memory 477626368, total allocated 85458944, free 41162352, used 44296592, increment 0
Initial loss: 9.213435576883485
Time since start: 195.708
120: time = 1.106000 loss = 9.137241
Resulting gain: 0.07619486122665897
species_9 response curves
300: time = 3.261000 loss = 9.090778
Resulting gain: 0.12265746719737969
species_9 response curves
Jackknife: leave ppt9 out
Jackknife: leave tmean9 out
Jackknife: leave vpdmax9 out
Jackknife: only ppt9
Jackknife: only tmean9
Jackknife: only vpdmax9
Making features
Making features
makeFeatures: max memory 477626368, total allocated 91226112, free 66054776, used 25171336, increment -19125256
species_9 ppt9: 
makeFeatures: max memory 477626368, total allocated 91226112, free 66054776, used 25171336, increment -19125256
species_9 tmean9: 
Regularization values: linear/quadratic/product: 0.247, categorical: 0.250, threshold: 1.690, hinge: 0.500
Regularization values: linear/quadratic/product: 0.247, categorical: 0.250, threshold: 1.690, hinge: 0.500
31 samples
31 samples
Density: max memory 477626368, total allocated 91226112, free 60219744, used 31006368, increment 5835032
linearPredictor: max memory 477626368, total allocated 91226112, free 60139480, used 31086632, increment 80264
FeaturedSpace: max memory 477626368, total allocated 91226112, free 60139480, used 31086632, increment 0
Sequential: max memory 477626368, total allocated 91226112, free 60139480, used 31086632, increment 0
Initial loss: 9.213435576883485
Initial test loss: 9.213435576883485
Density: max memory 477626368, total allocated 91226112, free 59535304, used 31690808, increment 604176
linearPredictor: max memory 477626368, total allocated 91226112, free 59535304, used 31690808, increment 0
FeaturedSpace: max memory 477626368, total allocated 91226112, free 58931128, used 32294984, increment 604176
Sequential: max memory 477626368, total allocated 91226112, free 58931128, used 32294984, increment 0
Initial loss: 9.213435576883485
Initial test loss: 9.213435576883485
Time since start: 200.097
240: time = 3.896000 loss = 8.797769 testLoss 8.645417
Making features
makeFeatures: max memory 477626368, total allocated 95420416, free 40912368, used 54508048, increment 22213064
species_9 vpdmax9: 
Regularization values: linear/quadratic/product: 0.247, categorical: 0.250, threshold: 1.690, hinge: 0.500
31 samples
Density: max memory 477626368, total allocated 95420416, free 28406952, used 67013464, increment 12505416
linearPredictor: max memory 477626368, total allocated 95420416, free 28326688, used 67093728, increment 80264
FeaturedSpace: max memory 477626368, total allocated 95420416, free 28326688, used 67093728, increment 0
Sequential: max memory 477626368, total allocated 95420416, free 28326688, used 67093728, increment 0
Initial loss: 9.213435576883485
Initial test loss: 9.213435576883485
Time since start: 202.337
380: time = 6.136000 loss = 8.932338 testLoss 8.678721
Making features
makeFeatures: max memory 477626368, total allocated 93323264, free 33180784, used 60142480, increment -6951248
species_9 ppt9: 
Regularization values: linear/quadratic/product: 0.247, categorical: 0.250, threshold: 1.690, hinge: 0.500
31 samples
Density: max memory 477626368, total allocated 93323264, free 26745400, used 66577864, increment 6435384
linearPredictor: max memory 477626368, total allocated 93323264, free 26665136, used 66658128, increment 80264
FeaturedSpace: max memory 477626368, total allocated 93323264, free 26183912, used 67139352, increment 481224
Sequential: max memory 477626368, total allocated 93323264, free 26183912, used 67139352, increment 0
Initial loss: 9.213435576883485
Initial test loss: 9.213435576883485
Time since start: 204.144
160: time = 1.760000 loss = 8.821085 testLoss 8.690005
Res.gain: 0.39235052876747467
Making features
makeFeatures: max memory 477626368, total allocated 85983232, free 28923656, used 57059576, increment -10079776
species_9 tmean9: 
Regularization values: linear/quadratic/product: 0.247, categorical: 0.250, threshold: 1.690, hinge: 0.500
31 samples
Density: max memory 477626368, total allocated 85983232, free 21820480, used 64162752, increment 7103176
linearPredictor: max memory 477626368, total allocated 85983232, free 21740216, used 64243016, increment 80264
FeaturedSpace: max memory 477626368, total allocated 85983232, free 21282672, used 64700560, increment 457544
Sequential: max memory 477626368, total allocated 85983232, free 21282672, used 64700560, increment 0
Initial loss: 9.213435576883485
Initial test loss: 9.213435576883485
Time since start: 205.797
300: time = 5.654000 loss = 8.752656 testLoss 8.534996
Making features
makeFeatures: max memory 477626368, total allocated 94896128, free 39380176, used 55515952, increment -9184608
species_9 vpdmax9: 
Regularization values: linear/quadratic/product: 0.247, categorical: 0.250, threshold: 1.690, hinge: 0.500
31 samples
Density: max memory 477626368, total allocated 94896128, free 33603576, used 61292552, increment 5776600
linearPredictor: max memory 477626368, total allocated 94896128, free 33523312, used 61372816, increment 80264
FeaturedSpace: max memory 477626368, total allocated 94896128, free 33041624, used 61854504, increment 481688
Sequential: max memory 477626368, total allocated 94896128, free 33041624, used 61854504, increment 0
Initial loss: 9.213435576883485
Initial test loss: 9.213435576883485
Time since start: 206.947
120: time = 1.119000 loss = 9.137241 testLoss 9.085355
Res.gain: 0.07619486122665897
300: time = 3.190000 loss = 9.090778 testLoss 9.127011
Res.gain: 0.12265746719737969
Reading file absence
readGrid: max memory 477626368, total allocated 87556096, free 37420320, used 50135776, increment -11718728
Reading file absence
readGrid: max memory 477626368, total allocated 86507520, free 35524904, used 50982616, increment 846840
Reading file absence
readGrid: max memory 477626368, total allocated 95420416, free 42326800, used 53093616, increment 2111000
Reading file absence
readGrid: max memory 477626368, total allocated 98041856, free 51311776, used 46730080, increment -6363536
Time since start: 207.976
Reading file absence
readGrid: max memory 477626368, total allocated 98041856, free 6385832, used 91656024, increment 44925944
Reading file absence
readGrid: max memory 477626368, total allocated 107479040, free 24004880, used 83474160, increment -8181864
Reading file absence
readGrid: max memory 477626368, total allocated 107479040, free 41156016, used 66323024, increment -17151136
Reading file absence
readGrid: max memory 477626368, total allocated 121110528, free 72289864, used 48820664, increment -17502360
Reading file absence
readGrid: max memory 477626368, total allocated 121110528, free 26663392, used 94447136, increment 45626472
Reading file absence
readGrid: max memory 477626368, total allocated 121110528, free 57283616, used 63826912, increment -30620224
Creating average grid, stddev grid etc.
Writing file C:\Users\aortiz\AppData\Local\Temp\RtmpMjzmQ7\raster\maxent\248459105103\species_avg.csv
Writing file C:\Users\aortiz\AppData\Local\Temp\RtmpMjzmQ7\raster\maxent\248459105103\species_stddev.csv
Writing file C:\Users\aortiz\AppData\Local\Temp\RtmpMjzmQ7\raster\maxent\248459105103\species_min.csv
Writing file C:\Users\aortiz\AppData\Local\Temp\RtmpMjzmQ7\raster\maxent\248459105103\species_max.csv
Writing file C:\Users\aortiz\AppData\Local\Temp\RtmpMjzmQ7\raster\maxent\248459105103\species_median.csv
species average response curves
Time since start: 209.909
Ending
